<testsuites tests="46" errors="0" failures="0"><testsuite start="2025-04-15 13:53:46.689646" tests="46" errors="0" failures="0"><testcase name="test.test_gc.GCCallbackTests.test_collect" status="run" result="completed" time="0.094062" /><testcase name="test.test_gc.GCCallbackTests.test_collect_garbage" status="run" result="completed" time="0.066888" /><testcase name="test.test_gc.GCCallbackTests.test_collect_generation" status="run" result="completed" time="0.046484" /><testcase name="test.test_gc.GCCallbackTests.test_refcount_errors" status="run" result="completed" time="0.231704" /><testcase name="test.test_gc.GCTests.test_boom" status="run" result="completed" time="0.024515" /><testcase name="test.test_gc.GCTests.test_boom2" status="run" result="completed" time="0.024358" /><testcase name="test.test_gc.GCTests.test_bug1055820b" status="run" result="completed" time="0.024333" /><testcase name="test.test_gc.GCTests.test_bug21435" status="run" result="completed" time="0.119341" /><testcase name="test.test_gc.GCTests.test_class" status="run" result="completed" time="0.029534" /><testcase name="test.test_gc.GCTests.test_collect_generations" status="run" result="completed" time="0.025710" /><testcase name="test.test_gc.GCTests.test_del" status="run" result="completed" time="0.000189" /><testcase name="test.test_gc.GCTests.test_del_newclass" status="run" result="completed" time="0.000141" /><testcase name="test.test_gc.GCTests.test_dict" status="run" result="completed" time="0.024412" /><testcase name="test.test_gc.GCTests.test_frame" status="run" result="completed" time="0.024341" /><testcase name="test.test_gc.GCTests.test_freeze" status="run" result="completed" time="0.000983" /><testcase name="test.test_gc.GCTests.test_function" status="run" result="completed" time="0.024693" /><testcase name="test.test_gc.GCTests.test_function_tp_clear_leaves_consistent_state" status="run" result="completed" time="0.149606" /><testcase name="test.test_gc.GCTests.test_garbage_at_shutdown" status="run" result="completed" time="0.187056" /><testcase name="test.test_gc.GCTests.test_gc_main_module_at_shutdown" status="run" result="completed" time="0.058914" /><testcase name="test.test_gc.GCTests.test_gc_ordinary_module_at_shutdown" status="run" result="completed" time="0.108503" /><testcase name="test.test_gc.GCTests.test_get_count" status="run" result="completed" time="0.018155" /><testcase name="test.test_gc.GCTests.test_get_objects" status="run" result="completed" time="0.058031" /><testcase name="test.test_gc.GCTests.test_get_objects_arguments" status="run" result="completed" time="0.015040" /><testcase name="test.test_gc.GCTests.test_get_referents" status="run" result="completed" time="0.000145" /><testcase name="test.test_gc.GCTests.test_get_stats" status="run" result="completed" time="0.012781" /><testcase name="test.test_gc.GCTests.test_global_del_SystemExit" status="run" result="completed" time="0.098390" /><testcase name="test.test_gc.GCTests.test_instance" status="run" result="completed" time="0.030319" /><testcase name="test.test_gc.GCTests.test_is_finalized" status="run" result="completed" time="0.012681" /><testcase name="test.test_gc.GCTests.test_is_tracked" status="run" result="completed" time="0.000369" /><testcase name="test.test_gc.GCTests.test_legacy_finalizer" status="run" result="completed" time="0.024793" /><testcase name="test.test_gc.GCTests.test_legacy_finalizer_newclass" status="run" result="completed" time="0.024725" /><testcase name="test.test_gc.GCTests.test_list" status="run" result="completed" time="0.024464" /><testcase name="test.test_gc.GCTests.test_method" status="run" result="completed" time="0.024681" /><testcase name="test.test_gc.GCTests.test_newinstance" status="run" result="completed" time="0.084082" /><testcase name="test.test_gc.GCTests.test_newstyleclass" status="run" result="completed" time="0.024718" /><testcase name="test.test_gc.GCTests.test_resurrection_does_not_block_cleanup_of_other_objects" status="run" result="completed" time="0.061028" /><testcase name="test.test_gc.GCTests.test_resurrection_is_transitive" status="run" result="completed" time="0.036636" /><testcase name="test.test_gc.GCTests.test_resurrection_only_happens_once_per_object" status="run" result="completed" time="0.036717" /><testcase name="test.test_gc.GCTests.test_saveall" status="run" result="completed" time="0.024487" /><testcase name="test.test_gc.GCTests.test_trash_weakref_clear" status="run" result="completed" time="0.024774" /><testcase name="test.test_gc.GCTests.test_trashcan" status="run" result="completed" time="1.192556" /><testcase name="test.test_gc.GCTests.test_trashcan_threads" status="run" result="completed" time="1.100408" /><testcase name="test.test_gc.GCTests.test_tuple" status="run" result="completed" time="0.029305" /><testcase name="test.test_gc.GCTogglingTests.test_bug1055820c" status="run" result="completed" time="0.013648" /><testcase name="test.test_gc.GCTogglingTests.test_bug1055820d" status="run" result="completed" time="0.013645" /><testcase name="test.test_gc.PythonFinalizationTests.test_ast_fini" status="run" result="completed" time="0.294175" /></testsuite></testsuites>