<testsuites tests="0" errors="0" failures="0"><testsuite start="2025-04-14 21:58:40.021154" tests="0" errors="0" failures="0" /><testsuite start="2025-04-14 21:58:40.051024" tests="0" errors="0" failures="0" /><testsuite start="2025-04-14 21:58:39.992000" tests="0" errors="0" failures="0" /><testsuite start="2025-04-14 21:58:40.187764" tests="0" errors="0" failures="0" /><testsuite start="2025-04-14 21:58:40.256794" tests="0" errors="0" failures="0" /><testsuite start="2025-04-14 21:58:40.779248" tests="0" errors="0" failures="0" /><testsuite start="2025-04-14 21:58:40.477505" tests="0" errors="0" failures="0" /><testsuite start="2025-04-14 21:58:41.060826" tests="0" errors="0" failures="0" /><testsuite start="2025-04-14 21:58:41.069185" tests="0" errors="0" failures="0" /><testsuite start="2025-04-14 21:58:41.072295" tests="0" errors="0" failures="0" /><testsuite start="2025-04-14 21:58:41.367815" tests="0" errors="0" failures="0" /><testsuite start="2025-04-14 21:58:41.465233" tests="0" errors="0" failures="0" /><testsuite start="2025-04-14 21:58:41.678347" tests="0" errors="0" failures="0" /><testsuite start="2025-04-14 21:58:41.936249" tests="0" errors="0" failures="0" /><testsuite start="2025-04-14 21:58:41.940959" tests="0" errors="0" failures="0" /><testsuite start="2025-04-14 21:58:41.942263" tests="0" errors="0" failures="0" /><testsuite start="2025-04-14 21:58:42.106305" tests="0" errors="0" failures="0" /><testsuite start="2025-04-14 21:58:42.631671" tests="0" errors="0" failures="0" /><testsuite start="2025-04-14 21:58:42.489491" tests="0" errors="0" failures="0" /><testsuite start="2025-04-14 21:58:42.545175" tests="0" errors="0" failures="0" /><testsuite start="2025-04-14 21:58:42.750557" tests="0" errors="0" failures="0" /><testsuite start="2025-04-14 21:58:42.676786" tests="0" errors="0" failures="0" /><testsuite start="2025-04-14 21:58:43.158849" tests="0" errors="0" failures="0" /><testsuite start="2025-04-14 21:58:43.475994" tests="0" errors="0" failures="0" /><testsuite start="2025-04-14 21:58:43.575052" tests="0" errors="0" failures="0" /><testsuite start="2025-04-14 21:58:43.697024" tests="0" errors="0" failures="0" /><testsuite start="2025-04-14 21:58:44.138624" tests="0" errors="0" failures="0" /><testsuite start="2025-04-14 21:58:43.702707" tests="0" errors="0" failures="0" /><testsuite start="2025-04-14 21:58:44.026107" tests="0" errors="0" failures="0" /><testsuite start="2025-04-14 21:58:44.283041" tests="0" errors="0" failures="0" /><testsuite start="2025-04-14 21:58:44.627340" tests="0" errors="0" failures="0" /><testsuite start="2025-04-14 21:58:44.703350" tests="0" errors="0" failures="0" /><testsuite start="2025-04-14 21:58:44.938238" tests="0" errors="0" failures="0" /><testsuite start="2025-04-14 21:58:44.873036" tests="0" errors="0" failures="0" /><testsuite start="2025-04-14 21:58:44.457541" tests="0" errors="0" failures="0" /><testsuite start="2025-04-14 21:58:44.906179" tests="0" errors="0" failures="0" /><testsuite start="2025-04-14 21:58:45.241573" tests="0" errors="0" failures="0" /><testsuite start="2025-04-14 21:58:45.324438" tests="0" errors="0" failures="0" /><testsuite start="2025-04-14 21:58:45.627739" tests="0" errors="0" failures="0" /><testsuite start="2025-04-14 21:58:45.956644" tests="0" errors="0" failures="0" /><testsuite start="2025-04-14 21:58:45.862920" tests="0" errors="0" failures="0" /><testsuite start="2025-04-14 21:58:46.146480" tests="0" errors="0" failures="0" /><testsuite start="2025-04-14 21:58:46.250283" tests="0" errors="0" failures="0" /><testsuite start="2025-04-14 21:58:46.288660" tests="0" errors="0" failures="0" /><testsuite start="2025-04-14 21:58:46.652680" tests="0" errors="0" failures="0" /><testsuite start="2025-04-14 21:58:46.532451" tests="0" errors="0" failures="0" /><testsuite start="2025-04-14 21:58:46.885212" tests="0" errors="0" failures="0" /><testsuite start="2025-04-14 21:58:46.616367" tests="0" errors="0" failures="0" /><testsuite start="2025-04-14 21:58:47.228259" tests="0" errors="0" failures="0" /><testsuite start="2025-04-14 21:58:47.216136" tests="0" errors="0" failures="0" /><testsuite start="2025-04-14 21:58:47.341861" tests="0" errors="0" failures="0" /><testsuite start="2025-04-14 21:58:47.499731" tests="0" errors="0" failures="0" /><testsuite start="2025-04-14 21:58:47.584432" tests="0" errors="0" failures="0" /><testsuite start="2025-04-14 21:58:47.360974" tests="0" errors="0" failures="0" /><testsuite start="2025-04-14 21:58:47.691134" tests="0" errors="0" failures="0" /><testsuite start="2025-04-14 21:58:47.938009" tests="0" errors="0" failures="0" /><testsuite start="2025-04-14 21:58:47.879116" tests="0" errors="0" failures="0" /><testsuite start="2025-04-14 21:58:48.367236" tests="0" errors="0" failures="0" /><testsuite start="2025-04-14 21:58:48.019485" tests="0" errors="0" failures="0" /><testsuite start="2025-04-14 21:58:48.476356" tests="0" errors="0" failures="0" /><testsuite start="2025-04-14 21:58:48.487660" tests="0" errors="0" failures="0" /><testsuite start="2025-04-14 21:58:48.594930" tests="0" errors="0" failures="0" /><testsuite start="2025-04-14 21:58:48.763545" tests="0" errors="0" failures="0" /><testsuite start="2025-04-14 21:58:48.989968" tests="0" errors="0" failures="0" /><testsuite start="2025-04-14 21:58:49.192491" tests="0" errors="0" failures="0" /><testsuite start="2025-04-14 21:58:48.970936" tests="0" errors="0" failures="0" /><testsuite start="2025-04-14 21:58:49.194038" tests="0" errors="0" failures="0" /><testsuite start="2025-04-14 21:58:49.880501" tests="0" errors="0" failures="0" /><testsuite start="2025-04-14 21:58:49.756162" tests="0" errors="0" failures="0" /><testsuite start="2025-04-14 21:58:49.813780" tests="0" errors="0" failures="0" /><testsuite start="2025-04-14 21:58:49.749757" tests="0" errors="0" failures="0" /><testsuite start="2025-04-14 21:58:49.877863" tests="0" errors="0" failures="0" /><testsuite start="2025-04-14 21:58:50.442420" tests="0" errors="0" failures="0" /><testsuite start="2025-04-14 21:58:50.454398" tests="0" errors="0" failures="0" /><testsuite start="2025-04-14 21:58:50.276327" tests="0" errors="0" failures="0" /><testsuite start="2025-04-14 21:58:50.365724" tests="0" errors="0" failures="0" /><testsuite start="2025-04-14 21:58:50.286933" tests="0" errors="0" failures="0" /><testsuite start="2025-04-14 21:58:50.854058" tests="0" errors="0" failures="0" /><testsuite start="2025-04-14 21:58:50.833600" tests="0" errors="0" failures="0" /><testsuite start="2025-04-14 21:58:51.438979" tests="0" errors="0" failures="0" /><testsuite start="2025-04-14 21:58:51.079042" tests="0" errors="0" failures="0" /><testsuite start="2025-04-14 21:58:51.109969" tests="0" errors="0" failures="0" /><testsuite start="2025-04-14 21:58:51.591909" tests="0" errors="0" failures="0" /><testsuite start="2025-04-14 21:58:51.319735" tests="0" errors="0" failures="0" /><testsuite start="2025-04-14 21:58:51.982886" tests="0" errors="0" failures="0" /><testsuite start="2025-04-14 21:58:52.176131" tests="0" errors="0" failures="0" /><testsuite start="2025-04-14 21:58:52.272756" tests="0" errors="0" failures="0" /><testsuite start="2025-04-14 21:58:52.383478" tests="0" errors="0" failures="0" /><testsuite start="2025-04-14 21:58:52.284837" tests="0" errors="0" failures="0" /><testsuite start="2025-04-14 21:58:52.947460" tests="0" errors="0" failures="0" /><testsuite start="2025-04-14 21:58:52.737273" tests="0" errors="0" failures="0" /><testsuite start="2025-04-14 21:58:53.426203" tests="0" errors="0" failures="0" /><testsuite start="2025-04-14 21:58:53.628853" tests="0" errors="0" failures="0" /><testsuite start="2025-04-14 21:58:53.222484" tests="0" errors="0" failures="0" /><testsuite start="2025-04-14 21:58:54.393202" tests="0" errors="0" failures="0" /><testsuite start="2025-04-14 21:58:54.377052" tests="0" errors="0" failures="0" /><testsuite start="2025-04-14 21:58:53.865849" tests="0" errors="0" failures="0" /><testsuite start="2025-04-14 21:58:53.970205" tests="0" errors="0" failures="0" /><testsuite start="2025-04-14 21:58:53.563275" tests="0" errors="0" failures="0" /><testsuite start="2025-04-14 21:58:54.878582" tests="0" errors="0" failures="0" /><testsuite start="2025-04-14 21:58:55.143344" tests="0" errors="0" failures="0" /><testsuite start="2025-04-14 21:58:55.278678" tests="0" errors="0" failures="0" /><testsuite start="2025-04-14 21:58:54.852609" tests="0" errors="0" failures="0" /><testsuite start="2025-04-14 21:58:55.236435" tests="0" errors="0" failures="0" /><testsuite start="2025-04-14 21:58:55.765316" tests="0" errors="0" failures="0" /><testsuite start="2025-04-14 21:58:55.952805" tests="0" errors="0" failures="0" /><testsuite start="2025-04-14 21:58:55.802915" tests="0" errors="0" failures="0" /><testsuite start="2025-04-14 21:58:55.831291" tests="0" errors="0" failures="0" /><testsuite start="2025-04-14 21:58:56.338633" tests="0" errors="0" failures="0" /><testsuite start="2025-04-14 21:58:56.532836" tests="0" errors="0" failures="0" /><testsuite start="2025-04-14 21:58:55.665995" tests="0" errors="0" failures="0" /><testsuite start="2025-04-14 21:58:56.571132" tests="0" errors="0" failures="0" /><testsuite start="2025-04-14 21:58:56.918404" tests="0" errors="0" failures="0" /><testsuite start="2025-04-14 21:58:57.004012" tests="0" errors="0" failures="0" /><testsuite start="2025-04-14 21:58:57.286957" tests="0" errors="0" failures="0" /><testsuite start="2025-04-14 21:58:56.952945" tests="0" errors="0" failures="0" /><testsuite start="2025-04-14 21:58:57.531896" tests="0" errors="0" failures="0" /><testsuite start="2025-04-14 21:58:57.639780" tests="0" errors="0" failures="0" /><testsuite start="2025-04-14 21:58:57.358277" tests="0" errors="0" failures="0" /><testsuite start="2025-04-14 21:58:57.938379" tests="0" errors="0" failures="0" /><testsuite start="2025-04-14 21:58:57.996134" tests="0" errors="0" failures="0" /><testsuite start="2025-04-14 21:58:58.339547" tests="0" errors="0" failures="0" /><testsuite start="2025-04-14 21:58:57.698745" tests="0" errors="0" failures="0" /><testsuite start="2025-04-14 21:58:58.177484" tests="0" errors="0" failures="0" /><testsuite start="2025-04-14 21:58:58.703451" tests="0" errors="0" failures="0" /><testsuite start="2025-04-14 21:58:58.354121" tests="0" errors="0" failures="0" /><testsuite start="2025-04-14 21:58:59.086436" tests="0" errors="0" failures="0" /><testsuite start="2025-04-14 21:58:59.164797" tests="0" errors="0" failures="0" /><testsuite start="2025-04-14 21:58:59.572905" tests="0" errors="0" failures="0" /><testsuite start="2025-04-14 21:58:59.238525" tests="0" errors="0" failures="0" /><testsuite start="2025-04-14 21:58:59.243589" tests="0" errors="0" failures="0" /><testsuite start="2025-04-14 21:58:59.770043" tests="0" errors="0" failures="0" /><testsuite start="2025-04-14 21:59:00.087555" tests="0" errors="0" failures="0" /><testsuite start="2025-04-14 21:59:00.310285" tests="0" errors="0" failures="0" /><testsuite start="2025-04-14 21:59:00.722091" tests="0" errors="0" failures="0" /><testsuite start="2025-04-14 21:58:59.744035" tests="0" errors="0" failures="0" /><testsuite start="2025-04-14 21:59:00.532879" tests="0" errors="0" failures="0" /><testsuite start="2025-04-14 21:59:01.091597" tests="0" errors="0" failures="0" /><testsuite start="2025-04-14 21:59:01.139097" tests="0" errors="0" failures="0" /><testsuite start="2025-04-14 21:59:01.460508" tests="0" errors="0" failures="0" /><testsuite start="2025-04-14 21:59:01.131956" tests="0" errors="0" failures="0" /><testsuite start="2025-04-14 21:59:00.832029" tests="0" errors="0" failures="0" /><testsuite start="2025-04-14 21:59:01.539746" tests="0" errors="0" failures="0" /><testsuite start="2025-04-14 21:59:01.894243" tests="0" errors="0" failures="0" /><testsuite start="2025-04-14 21:59:01.991088" tests="0" errors="0" failures="0" /><testsuite start="2025-04-14 21:59:02.350509" tests="0" errors="0" failures="0" /><testsuite start="2025-04-14 21:59:02.631954" tests="0" errors="0" failures="0" /><testsuite start="2025-04-14 21:59:02.215722" tests="0" errors="0" failures="0" /><testsuite start="2025-04-14 21:59:02.197272" tests="0" errors="0" failures="0" /><testsuite start="2025-04-14 21:59:03.016263" tests="0" errors="0" failures="0" /><testsuite start="2025-04-14 21:59:02.725477" tests="0" errors="0" failures="0" /><testsuite start="2025-04-14 21:59:03.372529" tests="0" errors="0" failures="0" /><testsuite start="2025-04-14 21:59:03.474269" tests="0" errors="0" failures="0" /><testsuite start="2025-04-14 21:59:02.770557" tests="0" errors="0" failures="0" /><testsuite start="2025-04-14 21:59:03.479626" tests="0" errors="0" failures="0" /><testsuite start="2025-04-14 21:59:04.014588" tests="0" errors="0" failures="0" /><testsuite start="2025-04-14 21:59:03.840079" tests="0" errors="0" failures="0" /><testsuite start="2025-04-14 21:59:03.943614" tests="0" errors="0" failures="0" /><testsuite start="2025-04-14 21:59:04.224468" tests="0" errors="0" failures="0" /><testsuite start="2025-04-14 21:59:04.642052" tests="0" errors="0" failures="0" /><testsuite start="2025-04-14 21:59:05.020158" tests="0" errors="0" failures="0" /><testsuite start="2025-04-14 21:59:05.358879" tests="0" errors="0" failures="0" /><testsuite start="2025-04-14 21:59:05.505549" tests="0" errors="0" failures="0" /><testsuite start="2025-04-14 21:59:05.386612" tests="0" errors="0" failures="0" /><testsuite start="2025-04-14 21:59:04.825984" tests="0" errors="0" failures="0" /><testsuite start="2025-04-14 21:59:05.954993" tests="0" errors="0" failures="0" /><testsuite start="2025-04-14 21:59:06.224661" tests="0" errors="0" failures="0" /><testsuite start="2025-04-14 21:59:05.530442" tests="0" errors="0" failures="0" /><testsuite start="2025-04-14 21:59:06.362086" tests="0" errors="0" failures="0" /><testsuite start="2025-04-14 21:59:06.243626" tests="0" errors="0" failures="0" /><testsuite start="2025-04-14 21:59:06.737775" tests="0" errors="0" failures="0" /><testsuite start="2025-04-14 21:59:06.065997" tests="0" errors="0" failures="0" /><testsuite start="2025-04-14 21:59:07.099461" tests="0" errors="0" failures="0" /><testsuite start="2025-04-14 21:59:07.213360" tests="0" errors="0" failures="0" /><testsuite start="2025-04-14 21:59:06.907201" tests="0" errors="0" failures="0" /><testsuite start="2025-04-14 21:59:07.469120" tests="0" errors="0" failures="0" /><testsuite start="2025-04-14 21:59:07.146357" tests="0" errors="0" failures="0" /><testsuite start="2025-04-14 21:59:07.773175" tests="0" errors="0" failures="0" /><testsuite start="2025-04-14 21:59:07.312316" tests="0" errors="0" failures="0" /><testsuite start="2025-04-14 21:59:08.089351" tests="0" errors="0" failures="0" /><testsuite start="2025-04-14 21:59:08.124961" tests="0" errors="0" failures="0" /><testsuite start="2025-04-14 21:59:08.221626" tests="0" errors="0" failures="0" /><testsuite start="2025-04-14 21:59:08.586500" tests="0" errors="0" failures="0" /><testsuite start="2025-04-14 21:59:08.752575" tests="0" errors="0" failures="0" /><testsuite start="2025-04-14 21:59:08.002900" tests="0" errors="0" failures="0" /><testsuite start="2025-04-14 21:59:08.594441" tests="0" errors="0" failures="0" /><testsuite start="2025-04-14 21:59:08.719906" tests="0" errors="0" failures="0" /><testsuite start="2025-04-14 21:59:08.972217" tests="0" errors="0" failures="0" /><testsuite start="2025-04-14 21:59:09.224383" tests="0" errors="0" failures="0" /><testsuite start="2025-04-14 21:59:09.258406" tests="0" errors="0" failures="0" /><testsuite start="2025-04-14 21:59:09.615865" tests="0" errors="0" failures="0" /><testsuite start="2025-04-14 21:59:09.713218" tests="0" errors="0" failures="0" /><testsuite start="2025-04-14 21:59:09.669268" tests="0" errors="0" failures="0" /><testsuite start="2025-04-14 21:59:09.970200" tests="0" errors="0" failures="0" /><testsuite start="2025-04-14 21:59:09.704916" tests="0" errors="0" failures="0" /><testsuite start="2025-04-14 21:59:10.392114" tests="0" errors="0" failures="0" /><testsuite start="2025-04-14 21:59:10.285665" tests="0" errors="0" failures="0" /><testsuite start="2025-04-14 21:59:10.713654" tests="0" errors="0" failures="0" /><testsuite start="2025-04-14 21:59:11.080734" tests="0" errors="0" failures="0" /><testsuite start="2025-04-14 21:59:10.800529" tests="0" errors="0" failures="0" /><testsuite start="2025-04-14 21:59:11.091357" tests="0" errors="0" failures="0" /><testsuite start="2025-04-14 21:59:10.529754" tests="0" errors="0" failures="0" /><testsuite start="2025-04-14 21:59:11.324890" tests="0" errors="0" failures="0" /><testsuite start="2025-04-14 21:59:12.142852" tests="0" errors="0" failures="0" /><testsuite start="2025-04-14 21:59:11.777122" tests="0" errors="0" failures="0" /><testsuite start="2025-04-14 21:59:12.146151" tests="0" errors="0" failures="0" /><testsuite start="2025-04-14 21:59:12.354196" tests="0" errors="0" failures="0" /><testsuite start="2025-04-14 21:59:12.864764" tests="0" errors="0" failures="0" /><testsuite start="2025-04-14 21:59:13.031293" tests="0" errors="0" failures="0" /><testsuite start="2025-04-14 21:59:13.059475" tests="0" errors="0" failures="0" /><testsuite start="2025-04-14 21:59:13.323973" tests="0" errors="0" failures="0" /><testsuite start="2025-04-14 21:59:13.280767" tests="0" errors="0" failures="0" /><testsuite start="2025-04-14 21:59:13.790263" tests="0" errors="0" failures="0" /><testsuite start="2025-04-14 21:59:14.075282" tests="0" errors="0" failures="0" /><testsuite start="2025-04-14 21:59:13.957234" tests="0" errors="0" failures="0" /><testsuite start="2025-04-14 21:59:14.317347" tests="0" errors="0" failures="0" /><testsuite start="2025-04-14 21:59:14.493644" tests="0" errors="0" failures="0" /><testsuite start="2025-04-14 21:59:14.777637" tests="0" errors="0" failures="0" /><testsuite start="2025-04-14 21:59:14.366974" tests="0" errors="0" failures="0" /><testsuite start="2025-04-14 21:59:15.231341" tests="0" errors="0" failures="0" /><testsuite start="2025-04-14 21:59:15.182955" tests="0" errors="0" failures="0" /><testsuite start="2025-04-14 21:59:15.160049" tests="0" errors="0" failures="0" /><testsuite start="2025-04-14 21:59:15.677644" tests="0" errors="0" failures="0" /><testsuite start="2025-04-14 21:59:15.689254" tests="0" errors="0" failures="0" /><testsuite start="2025-04-14 21:59:15.295147" tests="0" errors="0" failures="0" /><testsuite start="2025-04-14 21:59:16.129092" tests="0" errors="0" failures="0" /><testsuite start="2025-04-14 21:59:14.495609" tests="0" errors="0" failures="0" /><testsuite start="2025-04-14 21:59:16.515345" tests="0" errors="0" failures="0" /><testsuite start="2025-04-14 21:59:16.528441" tests="0" errors="0" failures="0" /><testsuite start="2025-04-14 21:59:15.903580" tests="0" errors="0" failures="0" /><testsuite start="2025-04-14 21:59:16.429085" tests="0" errors="0" failures="0" /><testsuite start="2025-04-14 21:59:16.942212" tests="0" errors="0" failures="0" /><testsuite start="2025-04-14 21:59:17.136062" tests="0" errors="0" failures="0" /><testsuite start="2025-04-14 21:59:17.305759" tests="0" errors="0" failures="0" /><testsuite start="2025-04-14 21:59:17.339479" tests="0" errors="0" failures="0" /><testsuite start="2025-04-14 21:59:17.711676" tests="0" errors="0" failures="0" /><testsuite start="2025-04-14 21:59:16.213311" tests="0" errors="0" failures="0" /><testsuite start="2025-04-14 21:59:17.080017" tests="0" errors="0" failures="0" /><testsuite start="2025-04-14 21:59:17.728385" tests="0" errors="0" failures="0" /><testsuite start="2025-04-14 21:59:18.270256" tests="0" errors="0" failures="0" /><testsuite start="2025-04-14 21:59:18.447912" tests="0" errors="0" failures="0" /><testsuite start="2025-04-14 21:59:18.799102" tests="0" errors="0" failures="0" /><testsuite start="2025-04-14 21:59:18.165584" tests="0" errors="0" failures="0" /><testsuite start="2025-04-14 21:59:19.208799" tests="0" errors="0" failures="0" /><testsuite start="2025-04-14 21:59:18.904794" tests="0" errors="0" failures="0" /><testsuite start="2025-04-14 21:59:19.683170" tests="0" errors="0" failures="0" /><testsuite start="2025-04-14 21:59:18.482870" tests="0" errors="0" failures="0" /><testsuite start="2025-04-14 21:59:19.790012" tests="0" errors="0" failures="0" /><testsuite start="2025-04-14 21:59:20.396587" tests="0" errors="0" failures="0" /><testsuite start="2025-04-14 21:59:19.766007" tests="0" errors="0" failures="0" /><testsuite start="2025-04-14 21:59:20.303149" tests="0" errors="0" failures="0" /><testsuite start="2025-04-14 21:59:20.395115" tests="0" errors="0" failures="0" /><testsuite start="2025-04-14 21:59:20.864012" tests="0" errors="0" failures="0" /><testsuite start="2025-04-14 21:59:21.165239" tests="0" errors="0" failures="0" /><testsuite start="2025-04-14 21:59:21.182151" tests="0" errors="0" failures="0" /><testsuite start="2025-04-14 21:59:20.520371" tests="0" errors="0" failures="0" /><testsuite start="2025-04-14 21:59:21.527745" tests="0" errors="0" failures="0" /><testsuite start="2025-04-14 21:59:21.595188" tests="0" errors="0" failures="0" /><testsuite start="2025-04-14 21:59:21.276943" tests="0" errors="0" failures="0" /><testsuite start="2025-04-14 21:59:21.980984" tests="0" errors="0" failures="0" /><testsuite start="2025-04-14 21:59:21.603562" tests="0" errors="0" failures="0" /><testsuite start="2025-04-14 21:59:22.247384" tests="0" errors="0" failures="0" /><testsuite start="2025-04-14 21:59:21.985562" tests="0" errors="0" failures="0" /><testsuite start="2025-04-14 21:59:22.678156" tests="0" errors="0" failures="0" /><testsuite start="2025-04-14 21:59:22.661959" tests="0" errors="0" failures="0" /><testsuite start="2025-04-14 21:59:22.312791" tests="0" errors="0" failures="0" /><testsuite start="2025-04-14 21:59:23.146000" tests="0" errors="0" failures="0" /><testsuite start="2025-04-14 21:59:23.184929" tests="0" errors="0" failures="0" /><testsuite start="2025-04-14 21:59:23.266046" tests="0" errors="0" failures="0" /><testsuite start="2025-04-14 21:59:23.353649" tests="0" errors="0" failures="0" /><testsuite start="2025-04-14 21:59:23.866482" tests="0" errors="0" failures="0" /><testsuite start="2025-04-14 21:59:23.761731" tests="0" errors="0" failures="0" /><testsuite start="2025-04-14 21:59:24.176999" tests="0" errors="0" failures="0" /><testsuite start="2025-04-14 21:59:23.722479" tests="0" errors="0" failures="0" /><testsuite start="2025-04-14 21:59:24.680611" tests="0" errors="0" failures="0" /><testsuite start="2025-04-14 21:59:24.781008" tests="0" errors="0" failures="0" /><testsuite start="2025-04-14 21:59:24.753102" tests="0" errors="0" failures="0" /><testsuite start="2025-04-14 21:59:25.218756" tests="0" errors="0" failures="0" /><testsuite start="2025-04-14 21:59:24.848064" tests="0" errors="0" failures="0" /><testsuite start="2025-04-14 21:59:24.410400" tests="0" errors="0" failures="0" /><testsuite start="2025-04-14 21:59:25.427639" tests="0" errors="0" failures="0" /><testsuite start="2025-04-14 21:59:25.753024" tests="0" errors="0" failures="0" /><testsuite start="2025-04-14 21:59:25.687178" tests="0" errors="0" failures="0" /><testsuite start="2025-04-14 21:59:25.361070" tests="0" errors="0" failures="0" /><testsuite start="2025-04-14 21:59:26.405481" tests="0" errors="0" failures="0" /><testsuite start="2025-04-14 21:59:25.934921" tests="0" errors="0" failures="0" /><testsuite start="2025-04-14 21:59:26.809525" tests="0" errors="0" failures="0" /><testsuite start="2025-04-14 21:59:26.866045" tests="0" errors="0" failures="0" /><testsuite start="2025-04-14 21:59:26.607826" tests="0" errors="0" failures="0" /><testsuite start="2025-04-14 21:59:27.416466" tests="0" errors="0" failures="0" /><testsuite start="2025-04-14 21:59:27.434096" tests="0" errors="0" failures="0" /><testsuite start="2025-04-14 21:59:27.450887" tests="0" errors="0" failures="0" /><testsuite start="2025-04-14 21:59:27.206119" tests="0" errors="0" failures="0" /><testsuite start="2025-04-14 21:59:27.925929" tests="0" errors="0" failures="0" /><testsuite start="2025-04-14 21:59:27.959907" tests="0" errors="0" failures="0" /><testsuite start="2025-04-14 21:59:28.058276" tests="0" errors="0" failures="0" /><testsuite start="2025-04-14 21:59:28.288192" tests="0" errors="0" failures="0" /><testsuite start="2025-04-14 21:59:26.447418" tests="0" errors="0" failures="0" /><testsuite start="2025-04-14 21:59:28.367198" tests="0" errors="0" failures="0" /><testsuite start="2025-04-14 21:59:28.422350" tests="0" errors="0" failures="0" /><testsuite start="2025-04-14 21:59:28.483101" tests="0" errors="0" failures="0" /><testsuite start="2025-04-14 21:59:29.060303" tests="0" errors="0" failures="0" /><testsuite start="2025-04-14 21:59:28.787194" tests="0" errors="0" failures="0" /><testsuite start="2025-04-14 21:59:29.518553" tests="0" errors="0" failures="0" /><testsuite start="2025-04-14 21:59:29.198012" tests="0" errors="0" failures="0" /><testsuite start="2025-04-14 21:59:29.626643" tests="0" errors="0" failures="0" /><testsuite start="2025-04-14 21:59:29.561494" tests="0" errors="0" failures="0" /><testsuite start="2025-04-14 21:59:29.699199" tests="0" errors="0" failures="0" /><testsuite start="2025-04-14 21:59:30.271872" tests="0" errors="0" failures="0" /><testsuite start="2025-04-14 21:59:30.084554" tests="0" errors="0" failures="0" /><testsuite start="2025-04-14 21:59:30.015128" tests="0" errors="0" failures="0" /><testsuite start="2025-04-14 21:59:30.435125" tests="0" errors="0" failures="0" /><testsuite start="2025-04-14 21:59:30.976663" tests="0" errors="0" failures="0" /><testsuite start="2025-04-14 21:59:30.728696" tests="0" errors="0" failures="0" /><testsuite start="2025-04-14 21:59:31.151400" tests="0" errors="0" failures="0" /><testsuite start="2025-04-14 21:59:30.800371" tests="0" errors="0" failures="0" /><testsuite start="2025-04-14 21:59:31.246510" tests="0" errors="0" failures="0" /><testsuite start="2025-04-14 21:59:31.765618" tests="0" errors="0" failures="0" /><testsuite start="2025-04-14 21:59:31.809369" tests="0" errors="0" failures="0" /><testsuite start="2025-04-14 21:59:31.510534" tests="0" errors="0" failures="0" /><testsuite start="2025-04-14 21:59:32.203527" tests="0" errors="0" failures="0" /><testsuite start="2025-04-14 21:59:32.676716" tests="0" errors="0" failures="0" /><testsuite start="2025-04-14 21:59:32.456490" tests="0" errors="0" failures="0" /><testsuite start="2025-04-14 21:59:33.050264" tests="0" errors="0" failures="0" /><testsuite start="2025-04-14 21:59:32.296183" tests="0" errors="0" failures="0" /><testsuite start="2025-04-14 21:59:33.192310" tests="0" errors="0" failures="0" /><testsuite start="2025-04-14 21:59:32.439326" tests="0" errors="0" failures="0" /><testsuite start="2025-04-14 21:59:33.695590" tests="0" errors="0" failures="0" /><testsuite start="2025-04-14 21:59:33.182058" tests="0" errors="0" failures="0" /><testsuite start="2025-04-14 21:59:34.131379" tests="0" errors="0" failures="0" /><testsuite start="2025-04-14 21:59:34.084508" tests="0" errors="0" failures="0" /><testsuite start="2025-04-14 21:59:34.664854" tests="0" errors="0" failures="0" /><testsuite start="2025-04-14 21:59:34.675362" tests="0" errors="0" failures="0" /><testsuite start="2025-04-14 21:59:34.822177" tests="0" errors="0" failures="0" /><testsuite start="2025-04-14 21:59:33.891885" tests="0" errors="0" failures="0" /><testsuite start="2025-04-14 21:59:35.115084" tests="0" errors="0" failures="0" /><testsuite start="2025-04-14 21:59:35.227393" tests="0" errors="0" failures="0" /><testsuite start="2025-04-14 21:59:35.256618" tests="0" errors="0" failures="0" /><testsuite start="2025-04-14 21:59:34.276319" tests="0" errors="0" failures="0" /><testsuite start="2025-04-14 21:59:35.252399" tests="0" errors="0" failures="0" /><testsuite start="2025-04-14 21:59:35.818300" tests="0" errors="0" failures="0" /><testsuite start="2025-04-14 21:59:35.822947" tests="0" errors="0" failures="0" /><testsuite start="2025-04-14 21:59:35.958198" tests="0" errors="0" failures="0" /><testsuite start="2025-04-14 21:59:36.362661" tests="0" errors="0" failures="0" /><testsuite start="2025-04-14 21:59:36.106273" tests="0" errors="0" failures="0" /><testsuite start="2025-04-14 21:59:36.605762" tests="0" errors="0" failures="0" /><testsuite start="2025-04-14 21:59:36.716916" tests="0" errors="0" failures="0" /><testsuite start="2025-04-14 21:59:36.814005" tests="0" errors="0" failures="0" /><testsuite start="2025-04-14 21:59:36.491491" tests="0" errors="0" failures="0" /><testsuite start="2025-04-14 21:59:37.260178" tests="0" errors="0" failures="0" /><testsuite start="2025-04-14 21:59:37.444566" tests="0" errors="0" failures="0" /><testsuite start="2025-04-14 21:59:37.370490" tests="0" errors="0" failures="0" /><testsuite start="2025-04-14 21:59:36.417983" tests="0" errors="0" failures="0" /><testsuite start="2025-04-14 21:59:37.785666" tests="0" errors="0" failures="0" /><testsuite start="2025-04-14 21:59:38.200848" tests="0" errors="0" failures="0" /><testsuite start="2025-04-14 21:59:38.272130" tests="0" errors="0" failures="0" /><testsuite start="2025-04-14 21:59:38.225411" tests="0" errors="0" failures="0" /><testsuite start="2025-04-14 21:59:38.396777" tests="0" errors="0" failures="0" /><testsuite start="2025-04-14 21:59:38.880035" tests="0" errors="0" failures="0" /><testsuite start="2025-04-14 21:59:39.276920" tests="0" errors="0" failures="0" /><testsuite start="2025-04-14 21:59:38.986268" tests="0" errors="0" failures="0" /><testsuite start="2025-04-14 21:59:39.626141" tests="0" errors="0" failures="0" /><testsuite start="2025-04-14 21:59:39.629224" tests="0" errors="0" failures="0" /><testsuite start="2025-04-14 21:59:40.102464" tests="0" errors="0" failures="0" /><testsuite start="2025-04-14 21:59:40.212680" tests="0" errors="0" failures="0" /><testsuite start="2025-04-14 21:59:39.439427" tests="0" errors="0" failures="0" /><testsuite start="2025-04-14 21:59:40.705729" tests="0" errors="0" failures="0" /><testsuite start="2025-04-14 21:59:39.560138" tests="0" errors="0" failures="0" /><testsuite start="2025-04-14 21:59:40.051570" tests="0" errors="0" failures="0" /><testsuite start="2025-04-14 21:59:41.099527" tests="0" errors="0" failures="0" /><testsuite start="2025-04-14 21:59:40.772038" tests="0" errors="0" failures="0" /><testsuite start="2025-04-14 21:59:41.157275" tests="0" errors="0" failures="0" /><testsuite start="2025-04-14 21:59:41.684337" tests="0" errors="0" failures="0" /><testsuite start="2025-04-14 21:59:41.763381" tests="0" errors="0" failures="0" /><testsuite start="2025-04-14 21:59:41.149346" tests="0" errors="0" failures="0" /><testsuite start="2025-04-14 21:59:42.195173" tests="0" errors="0" failures="0" /><testsuite start="2025-04-14 21:59:41.324464" tests="0" errors="0" failures="0" /><testsuite start="2025-04-14 21:59:41.761913" tests="0" errors="0" failures="0" /><testsuite start="2025-04-14 21:59:42.201738" tests="0" errors="0" failures="0" /><testsuite start="2025-04-14 21:59:42.810523" tests="0" errors="0" failures="0" /><testsuite start="2025-04-14 21:59:42.786292" tests="0" errors="0" failures="0" /><testsuite start="2025-04-14 21:59:43.080550" tests="0" errors="0" failures="0" /><testsuite start="2025-04-14 21:59:43.397049" tests="0" errors="0" failures="0" /><testsuite start="2025-04-14 21:59:42.259790" tests="0" errors="0" failures="0" /><testsuite start="2025-04-14 21:59:42.851792" tests="0" errors="0" failures="0" /><testsuite start="2025-04-14 21:59:43.828845" tests="0" errors="0" failures="0" /><testsuite start="2025-04-14 21:59:43.355589" tests="0" errors="0" failures="0" /><testsuite start="2025-04-14 21:59:43.611822" tests="0" errors="0" failures="0" /><testsuite start="2025-04-14 21:59:44.437216" tests="0" errors="0" failures="0" /><testsuite start="2025-04-14 21:59:44.113312" tests="0" errors="0" failures="0" /><testsuite start="2025-04-14 21:59:44.466504" tests="0" errors="0" failures="0" /><testsuite start="2025-04-14 21:59:44.476409" tests="0" errors="0" failures="0" /><testsuite start="2025-04-14 21:59:44.964283" tests="0" errors="0" failures="0" /><testsuite start="2025-04-14 21:59:45.173369" tests="0" errors="0" failures="0" /><testsuite start="2025-04-14 21:59:45.196288" tests="0" errors="0" failures="0" /><testsuite start="2025-04-14 21:59:45.001826" tests="0" errors="0" failures="0" /><testsuite start="2025-04-14 21:59:45.756465" tests="0" errors="0" failures="0" /><testsuite start="2025-04-14 21:59:45.758415" tests="0" errors="0" failures="0" /><testsuite start="2025-04-14 21:59:45.813125" tests="0" errors="0" failures="0" /><testsuite start="2025-04-14 21:59:45.794066" tests="0" errors="0" failures="0" /><testsuite start="2025-04-14 21:59:45.086264" tests="0" errors="0" failures="0" /><testsuite start="2025-04-14 21:59:46.475774" tests="0" errors="0" failures="0" /><testsuite start="2025-04-14 21:59:46.419986" tests="0" errors="0" failures="0" /><testsuite start="2025-04-14 21:59:46.460507" tests="0" errors="0" failures="0" /><testsuite start="2025-04-14 21:59:46.590822" tests="0" errors="0" failures="0" /><testsuite start="2025-04-14 21:59:46.160926" tests="0" errors="0" failures="0" /><testsuite start="2025-04-14 21:59:46.871795" tests="0" errors="0" failures="0" /><testsuite start="2025-04-14 21:59:47.057273" tests="0" errors="0" failures="0" /><testsuite start="2025-04-14 21:59:47.143671" tests="0" errors="0" failures="0" /><testsuite start="2025-04-14 21:59:47.255866" tests="0" errors="0" failures="0" /><testsuite start="2025-04-14 21:59:47.293823" tests="0" errors="0" failures="0" /><testsuite start="2025-04-14 21:59:47.617900" tests="0" errors="0" failures="0" /><testsuite start="2025-04-14 21:59:47.651716" tests="0" errors="0" failures="0" /><testsuite start="2025-04-14 21:59:47.600624" tests="0" errors="0" failures="0" /><testsuite start="2025-04-14 21:59:48.042160" tests="0" errors="0" failures="0" /><testsuite start="2025-04-14 21:59:48.194570" tests="0" errors="0" failures="0" /><testsuite start="2025-04-14 21:59:47.299654" tests="0" errors="0" failures="0" /><testsuite start="2025-04-14 21:59:47.983512" tests="0" errors="0" failures="0" /><testsuite start="2025-04-14 21:59:48.057621" tests="0" errors="0" failures="0" /><testsuite start="2025-04-14 21:59:48.688399" tests="0" errors="0" failures="0" /><testsuite start="2025-04-14 21:59:48.942391" tests="0" errors="0" failures="0" /><testsuite start="2025-04-14 21:59:48.404640" tests="0" errors="0" failures="0" /><testsuite start="2025-04-14 21:59:48.718436" tests="0" errors="0" failures="0" /><testsuite start="2025-04-14 21:59:49.008313" tests="0" errors="0" failures="0" /><testsuite start="2025-04-14 21:59:49.410998" tests="0" errors="0" failures="0" /><testsuite start="2025-04-14 21:59:49.460005" tests="0" errors="0" failures="0" /><testsuite start="2025-04-14 21:59:49.830844" tests="0" errors="0" failures="0" /><testsuite start="2025-04-14 21:59:49.200691" tests="0" errors="0" failures="0" /><testsuite start="2025-04-14 21:59:49.995176" tests="0" errors="0" failures="0" /><testsuite start="2025-04-14 21:59:49.649284" tests="0" errors="0" failures="0" /><testsuite start="2025-04-14 21:59:50.350240" tests="0" errors="0" failures="0" /><testsuite start="2025-04-14 21:59:50.084138" tests="0" errors="0" failures="0" /><testsuite start="2025-04-14 21:59:50.968957" tests="0" errors="0" failures="0" /><testsuite start="2025-04-14 21:59:50.810760" tests="0" errors="0" failures="0" /><testsuite start="2025-04-14 21:59:50.888008" tests="0" errors="0" failures="0" /><testsuite start="2025-04-14 21:59:51.473201" tests="0" errors="0" failures="0" /><testsuite start="2025-04-14 21:59:51.145450" tests="0" errors="0" failures="0" /><testsuite start="2025-04-14 21:59:51.387730" tests="0" errors="0" failures="0" /><testsuite start="2025-04-14 21:59:51.863205" tests="0" errors="0" failures="0" /><testsuite start="2025-04-14 21:59:51.565459" tests="0" errors="0" failures="0" /><testsuite start="2025-04-14 21:59:52.086307" tests="0" errors="0" failures="0" /><testsuite start="2025-04-14 21:59:51.712737" tests="0" errors="0" failures="0" /><testsuite start="2025-04-14 21:59:52.443804" tests="0" errors="0" failures="0" /><testsuite start="2025-04-14 21:59:51.934490" tests="0" errors="0" failures="0" /><testsuite start="2025-04-14 21:59:52.492004" tests="0" errors="0" failures="0" /><testsuite start="2025-04-14 21:59:52.502576" tests="0" errors="0" failures="0" /><testsuite start="2025-04-14 21:59:52.481955" tests="0" errors="0" failures="0" /><testsuite start="2025-04-14 21:59:52.817847" tests="0" errors="0" failures="0" /><testsuite start="2025-04-14 21:59:53.194463" tests="0" errors="0" failures="0" /><testsuite start="2025-04-14 21:59:53.123914" tests="0" errors="0" failures="0" /><testsuite start="2025-04-14 21:59:53.142727" tests="0" errors="0" failures="0" /><testsuite start="2025-04-14 21:59:53.298154" tests="0" errors="0" failures="0" /><testsuite start="2025-04-14 21:59:53.671089" tests="0" errors="0" failures="0" /><testsuite start="2025-04-14 21:59:53.272726" tests="0" errors="0" failures="0" /><testsuite start="2025-04-14 21:59:53.587276" tests="0" errors="0" failures="0" /><testsuite start="2025-04-14 21:59:53.673788" tests="0" errors="0" failures="0" /><testsuite start="2025-04-14 21:59:54.385660" tests="0" errors="0" failures="0" /><testsuite start="2025-04-14 21:59:54.378286" tests="0" errors="0" failures="0" /><testsuite start="2025-04-14 21:59:54.751709" tests="0" errors="0" failures="0" /><testsuite start="2025-04-14 21:59:54.822547" tests="0" errors="0" failures="0" /><testsuite start="2025-04-14 21:59:54.542231" tests="0" errors="0" failures="0" /><testsuite start="2025-04-14 21:59:55.197677" tests="0" errors="0" failures="0" /><testsuite start="2025-04-14 21:59:55.331780" tests="0" errors="0" failures="0" /><testsuite start="2025-04-14 21:59:55.618728" tests="0" errors="0" failures="0" /><testsuite start="2025-04-14 21:59:55.512548" tests="0" errors="0" failures="0" /><testsuite start="2025-04-14 21:59:55.417997" tests="0" errors="0" failures="0" /></testsuites>