<testsuites tests="7083" errors="8" failures="8"><testsuite start="2025-04-03 13:47:03.368518" tests="28" errors="0" failures="0"><testcase name="test.test_positional_only_arg.PositionalOnlyTestCase.test_annotations_constant_fold" status="run" result="completed" time="0.001467" /><testcase name="test.test_positional_only_arg.PositionalOnlyTestCase.test_annotations_in_closures" status="run" result="completed" time="0.000120" /><testcase name="test.test_positional_only_arg.PositionalOnlyTestCase.test_async" status="run" result="completed" time="0.000502" /><testcase name="test.test_positional_only_arg.PositionalOnlyTestCase.test_change_default_pos_only" status="run" result="completed" time="0.000052" /><testcase name="test.test_positional_only_arg.PositionalOnlyTestCase.test_closures" status="run" result="completed" time="0.000508" /><testcase name="test.test_positional_only_arg.PositionalOnlyTestCase.test_generator" status="run" result="completed" time="0.000187" /><testcase name="test.test_positional_only_arg.PositionalOnlyTestCase.test_invalid_syntax_errors" status="run" result="completed" time="0.001859" /><testcase name="test.test_positional_only_arg.PositionalOnlyTestCase.test_invalid_syntax_errors_async" status="run" result="completed" time="0.002035" /><testcase name="test.test_positional_only_arg.PositionalOnlyTestCase.test_invalid_syntax_lambda" status="run" result="completed" time="0.001039" /><testcase name="test.test_positional_only_arg.PositionalOnlyTestCase.test_lambdas" status="run" result="completed" time="0.000056" /><testcase name="test.test_positional_only_arg.PositionalOnlyTestCase.test_mangling" status="run" result="completed" time="0.000101" /><testcase name="test.test_positional_only_arg.PositionalOnlyTestCase.test_module_function" status="run" result="completed" time="0.000603" /><testcase name="test.test_positional_only_arg.PositionalOnlyTestCase.test_no_standard_args_usage" status="run" result="completed" time="0.000065" /><testcase name="test.test_positional_only_arg.PositionalOnlyTestCase.test_optional_positional_only_args" status="run" result="completed" time="0.000439" /><testcase name="test.test_positional_only_arg.PositionalOnlyTestCase.test_pos_only_call_via_unpacking" status="run" result="completed" time="0.000040" /><testcase name="test.test_positional_only_arg.PositionalOnlyTestCase.test_pos_only_definition" status="run" result="completed" time="0.000060" /><testcase name="test.test_positional_only_arg.PositionalOnlyTestCase.test_positional_only_and_arg_invalid_calls" status="run" result="completed" time="0.001131" /><testcase name="test.test_positional_only_arg.PositionalOnlyTestCase.test_positional_only_and_kwonlyargs_invalid_calls" status="run" result="completed" time="0.001206" /><testcase name="test.test_positional_only_arg.PositionalOnlyTestCase.test_positional_only_and_optional_arg_invalid_calls" status="run" result="completed" time="0.000457" /><testcase name="test.test_positional_only_arg.PositionalOnlyTestCase.test_positional_only_invalid_calls" status="run" result="completed" time="0.000259" /><testcase name="test.test_positional_only_arg.PositionalOnlyTestCase.test_positional_only_with_optional_invalid_calls" status="run" result="completed" time="0.000438" /><testcase name="test.test_positional_only_arg.PositionalOnlyTestCase.test_posonly_methods" status="run" result="completed" time="0.000473" /><testcase name="test.test_positional_only_arg.PositionalOnlyTestCase.test_same_keyword_as_positional_with_kwargs" status="run" result="completed" time="0.000408" /><testcase name="test.test_positional_only_arg.PositionalOnlyTestCase.test_serialization" status="run" result="completed" time="0.001065" /><testcase name="test.test_positional_only_arg.PositionalOnlyTestCase.test_super" status="run" result="completed" time="0.000114" /><testcase name="test.test_positional_only_arg.PositionalOnlyTestCase.test_syntax_for_many_positional_only" status="run" result="completed" time="0.003092" /><testcase name="test.test_positional_only_arg.PositionalOnlyTestCase.test_too_many_arguments" status="run" result="completed" time="0.001291" /><testcase name="test.test_positional_only_arg.PositionalOnlyTestCase.test_use_positional_as_keyword" status="run" result="completed" time="0.000522" /></testsuite><testsuite start="2025-04-03 13:47:03.566802" tests="24" errors="0" failures="0"><testcase name="test.test_genericpath.PathLikeTests.test_path_commonprefix" status="run" result="completed" time="0.000529" /><testcase name="test.test_genericpath.PathLikeTests.test_path_exists" status="run" result="completed" time="0.000388" /><testcase name="test.test_genericpath.PathLikeTests.test_path_getctime" status="run" result="completed" time="0.000347" /><testcase name="test.test_genericpath.PathLikeTests.test_path_getmtime" status="run" result="completed" time="0.000334" /><testcase name="test.test_genericpath.PathLikeTests.test_path_getsize" status="run" result="completed" time="0.000345" /><testcase name="test.test_genericpath.PathLikeTests.test_path_isdir" status="run" result="completed" time="0.000325" /><testcase name="test.test_genericpath.PathLikeTests.test_path_isfile" status="run" result="completed" time="0.000330" /><testcase name="test.test_genericpath.PathLikeTests.test_path_samefile" status="run" result="completed" time="0.000369" /><testcase name="test.test_genericpath.TestGenericTest.test_commonprefix" status="run" result="completed" time="0.000792" /><testcase name="test.test_genericpath.TestGenericTest.test_exists" status="run" result="completed" time="0.004068" /><testcase name="test.test_genericpath.TestGenericTest.test_exists_fd" status="run" result="completed" time="0.000125" /><testcase name="test.test_genericpath.TestGenericTest.test_filetime" status="run" result="completed" time="0.000923" /><testcase name="test.test_genericpath.TestGenericTest.test_getsize" status="run" result="completed" time="0.000572" /><testcase name="test.test_genericpath.TestGenericTest.test_invalid_paths" status="run" result="completed" time="0.000876" /><testcase name="test.test_genericpath.TestGenericTest.test_isdir" status="run" result="completed" time="0.000644" /><testcase name="test.test_genericpath.TestGenericTest.test_isfile" status="run" result="completed" time="0.000594" /><testcase name="test.test_genericpath.TestGenericTest.test_no_argument" status="run" result="completed" time="0.000156" /><testcase name="test.test_genericpath.TestGenericTest.test_samefile" status="run" result="completed" time="0.000620" /><testcase name="test.test_genericpath.TestGenericTest.test_samefile_on_link" status="run" result="completed" time="0.000668" /><testcase name="test.test_genericpath.TestGenericTest.test_samefile_on_symlink" status="run" result="completed" time="0.000746" /><testcase name="test.test_genericpath.TestGenericTest.test_sameopenfile" status="run" result="completed" time="0.000354" /><testcase name="test.test_genericpath.TestGenericTest.test_samestat" status="run" result="completed" time="0.000578" /><testcase name="test.test_genericpath.TestGenericTest.test_samestat_on_link" status="run" result="completed" time="0.000660" /><testcase name="test.test_genericpath.TestGenericTest.test_samestat_on_symlink" status="run" result="completed" time="0.000782" /></testsuite><testsuite start="2025-04-03 13:47:04.188621" tests="10" errors="0" failures="0"><testcase name="test.test_script_helper.TestScriptHelper.test_assert_python_failure" status="run" result="completed" time="0.181757" /><testcase name="test.test_script_helper.TestScriptHelper.test_assert_python_failure_raises" status="run" result="completed" time="0.044626" /><testcase name="test.test_script_helper.TestScriptHelper.test_assert_python_isolated_when_env_not_required" status="run" result="completed" time="0.002761" /><testcase name="test.test_script_helper.TestScriptHelper.test_assert_python_not_isolated_when_env_is_required" status="run" result="completed" time="0.000928" /><testcase name="test.test_script_helper.TestScriptHelper.test_assert_python_ok" status="run" result="completed" time="0.044650" /><testcase name="test.test_script_helper.TestScriptHelper.test_assert_python_ok_raises" status="run" result="completed" time="0.052473" /><testcase name="test.test_script_helper.TestScriptHelperEnvironment.test_interpreter_requires_environment_details" status="run" result="completed" time="0.002895" /><testcase name="test.test_script_helper.TestScriptHelperEnvironment.test_interpreter_requires_environment_false" status="run" result="completed" time="0.001375" /><testcase name="test.test_script_helper.TestScriptHelperEnvironment.test_interpreter_requires_environment_true" status="run" result="completed" time="0.001104" /><testcase name="test.test_script_helper.TestScriptHelperEnvironment.test_interpreter_requires_environment_with_pythonhome" status="run" result="completed" time="0.001051" /></testsuite><testsuite start="2025-04-03 13:47:04.174625" tests="3" errors="0" failures="0"><testcase name="test.test_lltrace.TestLLTrace.test_lltrace" status="run" result="completed" time="0.104329" /><testcase name="test.test_lltrace.TestLLTrace.test_lltrace_different_module" status="run" result="completed" time="0.230964" /><testcase name="test.test_lltrace.TestLLTrace.test_lltrace_does_not_crash_on_subscript_operator" status="run" result="completed" time="0.344906" /></testsuite><testsuite start="2025-04-03 13:47:04.917176" tests="2" errors="0" failures="0"><testcase name="test.test_html.HtmlTests.test_escape" status="run" result="completed" time="0.000165" /><testcase name="test.test_html.HtmlTests.test_unescape" status="run" result="completed" time="0.006497" /></testsuite><testsuite start="2025-04-03 13:47:05.059928" tests="11" errors="0" failures="0"><testcase name="test.test_slice.SliceTest.test_cmp" status="run" result="completed" time="0.000292" /><testcase name="test.test_slice.SliceTest.test_constructor" status="run" result="completed" time="0.000081" /><testcase name="test.test_slice.SliceTest.test_copy" status="run" result="completed" time="0.000053" /><testcase name="test.test_slice.SliceTest.test_cycle" status="run" result="completed" time="0.030169" /><testcase name="test.test_slice.SliceTest.test_deepcopy" status="run" result="completed" time="0.000205" /><testcase name="test.test_slice.SliceTest.test_hash" status="run" result="completed" time="0.000093" /><testcase name="test.test_slice.SliceTest.test_indices" status="run" result="completed" time="0.103706" /><testcase name="test.test_slice.SliceTest.test_members" status="run" result="completed" time="0.000119" /><testcase name="test.test_slice.SliceTest.test_pickle" status="run" result="completed" time="0.000228" /><testcase name="test.test_slice.SliceTest.test_repr" status="run" result="completed" time="0.000044" /><testcase name="test.test_slice.SliceTest.test_setslice_without_getslice" status="run" result="completed" time="0.000076" /></testsuite><testsuite start="2025-04-03 13:47:05.312198" tests="2" errors="0" failures="0"><testcase name="test.test_future_stmt.test_future_flags.FutureTest.test_attributes" status="run" result="completed" time="0.000649" /><testcase name="test.test_future_stmt.test_future_flags.FutureTest.test_names" status="run" result="completed" time="0.000114" /></testsuite><testsuite start="2025-04-03 13:47:05.591877" tests="62" errors="0" failures="0"><testcase name="test.test_locale.NormalizeTest.test_c" status="run" result="completed" time="0.000127" /><testcase name="test.test_locale.NormalizeTest.test_devanagari_modifier" status="run" result="completed" time="0.000178" /><testcase name="test.test_locale.NormalizeTest.test_empty" status="run" result="completed" time="0.000042" /><testcase name="test.test_locale.NormalizeTest.test_english" status="run" result="completed" time="0.000166" /><testcase name="test.test_locale.NormalizeTest.test_euc_encoding" status="run" result="completed" time="0.000092" /><testcase name="test.test_locale.NormalizeTest.test_euro_modifier" status="run" result="completed" time="0.000085" /><testcase name="test.test_locale.NormalizeTest.test_hyphenated_encoding" status="run" result="completed" time="0.000152" /><testcase name="test.test_locale.NormalizeTest.test_japanese" status="run" result="completed" time="0.000200" /><testcase name="test.test_locale.NormalizeTest.test_latin_modifier" status="run" result="completed" time="0.000079" /><testcase name="test.test_locale.NormalizeTest.test_locale_alias" status="run" result="completed" time="0.012608" /><testcase name="test.test_locale.NormalizeTest.test_valencia_modifier" status="run" result="completed" time="0.000065" /><testcase name="test.test_locale.TestCDelocalizeTest.test_atof" status="run" result="completed" time="0.000225" /><testcase name="test.test_locale.TestCDelocalizeTest.test_atoi" status="run" result="completed" time="0.000128" /><testcase name="test.test_locale.TestCDelocalizeTest.test_delocalize" status="run" result="completed" time="0.000117" /><testcase name="test.test_locale.TestCLocalize.test_localize" status="run" result="completed" time="0.000132" /><testcase name="test.test_locale.TestCNumberFormatting.test_grouping" status="run" result="completed" time="0.000337" /><testcase name="test.test_locale.TestCNumberFormatting.test_grouping_and_padding" status="run" result="completed" time="0.000201" /><testcase name="test.test_locale.TestCollation.test_strcoll" status="run" result="completed" time="0.000142" /><testcase name="test.test_locale.TestCollation.test_strxfrm" status="run" result="completed" time="0.000060" /><testcase name="test.test_locale.TestEnUSCollation.test_strcoll" status="run" result="completed" time="0.000048"><skipped>wcscoll/wcsxfrm have known bugs</skipped></testcase><testcase name="test.test_locale.TestEnUSCollation.test_strcoll_with_diacritic" status="run" result="completed" time="0.000030"><skipped>wcscoll/wcsxfrm have known bugs</skipped></testcase><testcase name="test.test_locale.TestEnUSCollation.test_strxfrm" status="run" result="completed" time="0.000025"><skipped>wcscoll/wcsxfrm have known bugs</skipped></testcase><testcase name="test.test_locale.TestEnUSCollation.test_strxfrm_with_diacritic" status="run" result="completed" time="0.000023"><skipped>wcscoll/wcsxfrm have known bugs</skipped></testcase><testcase name="test.test_locale.TestEnUSDelocalize.test_atof" status="run" result="completed" time="0.000209" /><testcase name="test.test_locale.TestEnUSDelocalize.test_atoi" status="run" result="completed" time="0.000166" /><testcase name="test.test_locale.TestEnUSDelocalize.test_delocalize" status="run" result="completed" time="0.000164" /><testcase name="test.test_locale.TestEnUSLocalize.test_localize" status="run" result="completed" time="0.000223" /><testcase name="test.test_locale.TestEnUSNumberFormatting.test_complex_formatting" status="run" result="completed" time="0.001176" /><testcase name="test.test_locale.TestEnUSNumberFormatting.test_currency" status="run" result="completed" time="0.000598" /><testcase name="test.test_locale.TestEnUSNumberFormatting.test_grouping" status="run" result="completed" time="0.000649" /><testcase name="test.test_locale.TestEnUSNumberFormatting.test_grouping_and_padding" status="run" result="completed" time="0.000387" /><testcase name="test.test_locale.TestEnUSNumberFormatting.test_integer_grouping" status="run" result="completed" time="0.000378" /><testcase name="test.test_locale.TestEnUSNumberFormatting.test_integer_grouping_and_padding" status="run" result="completed" time="0.000302" /><testcase name="test.test_locale.TestEnUSNumberFormatting.test_padding" status="run" result="completed" time="0.000170" /><testcase name="test.test_locale.TestEnUSNumberFormatting.test_simple" status="run" result="completed" time="0.000410" /><testcase name="test.test_locale.TestFrFRNumberFormatting.test_currency" status="run" result="completed" time="0.000550" /><testcase name="test.test_locale.TestFrFRNumberFormatting.test_decimal_point" status="run" result="completed" time="0.000144" /><testcase name="test.test_locale.TestFrFRNumberFormatting.test_grouping" status="run" result="completed" time="0.000340" /><testcase name="test.test_locale.TestFrFRNumberFormatting.test_grouping_and_padding" status="run" result="completed" time="0.001395" /><testcase name="test.test_locale.TestFrFRNumberFormatting.test_integer_grouping" status="run" result="completed" time="0.000228" /><testcase name="test.test_locale.TestFrFRNumberFormatting.test_integer_grouping_and_padding" status="run" result="completed" time="0.000568" /><testcase name="test.test_locale.TestLocaleFormatString.test_mapping" status="run" result="completed" time="0.000106" /><testcase name="test.test_locale.TestLocaleFormatString.test_percent_escape" status="run" result="completed" time="0.000242" /><testcase name="test.test_locale.TestMiscellaneous.test_defaults_UTF8" status="run" result="completed" time="0.000400" /><testcase name="test.test_locale.TestMiscellaneous.test_getencoding" status="run" result="completed" time="0.000049" /><testcase name="test.test_locale.TestMiscellaneous.test_getpreferredencoding" status="run" result="completed" time="0.000049" /><testcase name="test.test_locale.TestMiscellaneous.test_getsetlocale_issue1813" status="run" result="completed" time="0.000078"><skipped>test needs Turkish locale</skipped></testcase><testcase name="test.test_locale.TestMiscellaneous.test_invalid_iterable_in_localetuple" status="run" result="completed" time="0.000076" /><testcase name="test.test_locale.TestMiscellaneous.test_invalid_locale_format_in_localetuple" status="run" result="completed" time="0.000058" /><testcase name="test.test_locale.TestMiscellaneous.test_setlocale_category" status="run" result="completed" time="0.000063" /><testcase name="test.test_locale.TestMiscellaneous.test_strcoll_3303" status="run" result="completed" time="0.000063" /><testcase name="test.test_locale.TestNumberFormatting.test_complex_formatting" status="run" result="completed" time="0.001548" /><testcase name="test.test_locale.TestNumberFormatting.test_grouping" status="run" result="completed" time="0.000748" /><testcase name="test.test_locale.TestNumberFormatting.test_grouping_and_padding" status="run" result="completed" time="0.000423" /><testcase name="test.test_locale.TestNumberFormatting.test_integer_grouping" status="run" result="completed" time="0.000381" /><testcase name="test.test_locale.TestNumberFormatting.test_integer_grouping_and_padding" status="run" result="completed" time="0.000307" /><testcase name="test.test_locale.TestNumberFormatting.test_padding" status="run" result="completed" time="0.000181" /><testcase name="test.test_locale.TestNumberFormatting.test_simple" status="run" result="completed" time="0.000414" /><testcase name="test.test_locale.TestfrFRDelocalizeTest.test_atof" status="run" result="completed" time="0.000204" /><testcase name="test.test_locale.TestfrFRDelocalizeTest.test_atoi" status="run" result="completed" time="0.000170" /><testcase name="test.test_locale.TestfrFRDelocalizeTest.test_delocalize" status="run" result="completed" time="0.000165" /><testcase name="test.test_locale.TestfrFRLocalize.test_localize" status="run" result="completed" time="0.000250" /></testsuite><testsuite start="2025-04-03 13:47:03.653725" tests="67" errors="0" failures="0"><testcase name="test.test_gzip.TestCommandLine.test_compress_fast_best_are_exclusive" status="run" result="completed" time="0.539418" /><testcase name="test.test_gzip.TestCommandLine.test_compress_infile_outfile" status="run" result="completed" time="0.417669" /><testcase name="test.test_gzip.TestCommandLine.test_compress_infile_outfile_default" status="run" result="completed" time="0.175652" /><testcase name="test.test_gzip.TestCommandLine.test_compress_stdin_outfile" status="run" result="completed" time="0.239091" /><testcase name="test.test_gzip.TestCommandLine.test_decompress_cannot_have_flags_compression" status="run" result="completed" time="0.169965" /><testcase name="test.test_gzip.TestCommandLine.test_decompress_infile_outfile" status="run" result="completed" time="0.097643" /><testcase name="test.test_gzip.TestCommandLine.test_decompress_infile_outfile_error" status="run" result="completed" time="0.113611" /><testcase name="test.test_gzip.TestCommandLine.test_decompress_stdin_stdout" status="run" result="completed" time="0.282186" /><testcase name="test.test_gzip.TestGzip.test_1647484" status="run" result="completed" time="0.001448" /><testcase name="test.test_gzip.TestGzip.test_append" status="run" result="completed" time="0.043687" /><testcase name="test.test_gzip.TestGzip.test_bad_gzip_file" status="run" result="completed" time="0.000808" /><testcase name="test.test_gzip.TestGzip.test_buffered_reader" status="run" result="completed" time="0.028136" /><testcase name="test.test_gzip.TestGzip.test_bytes_filename" status="run" result="completed" time="0.000124"><skipped>Temporary file name needs to be ASCII</skipped></testcase><testcase name="test.test_gzip.TestGzip.test_compress" status="run" result="completed" time="0.001168" /><testcase name="test.test_gzip.TestGzip.test_compress_correct_level" status="run" result="completed" time="0.000395" /><testcase name="test.test_gzip.TestGzip.test_compress_mtime" status="run" result="completed" time="0.001223" /><testcase name="test.test_gzip.TestGzip.test_compresslevel_metadata" status="run" result="completed" time="0.001692" /><testcase name="test.test_gzip.TestGzip.test_decompress" status="run" result="completed" time="0.000744" /><testcase name="test.test_gzip.TestGzip.test_decompress_limited" status="run" result="completed" time="0.021716" /><testcase name="test.test_gzip.TestGzip.test_decompress_missing_trailer" status="run" result="completed" time="0.000293" /><testcase name="test.test_gzip.TestGzip.test_decompress_truncated_trailer" status="run" result="completed" time="0.000183" /><testcase name="test.test_gzip.TestGzip.test_exclusive_write" status="run" result="completed" time="0.001184" /><testcase name="test.test_gzip.TestGzip.test_fileobj_from_fdopen" status="run" result="completed" time="0.000619" /><testcase name="test.test_gzip.TestGzip.test_fileobj_mode" status="run" result="completed" time="0.003607" /><testcase name="test.test_gzip.TestGzip.test_flush_flushes_compressor" status="run" result="completed" time="0.000488" /><testcase name="test.test_gzip.TestGzip.test_flush_modes" status="run" result="completed" time="0.000296" /><testcase name="test.test_gzip.TestGzip.test_gzip_BadGzipFile_exception" status="run" result="completed" time="0.000072" /><testcase name="test.test_gzip.TestGzip.test_io_on_closed_object" status="run" result="completed" time="0.013357" /><testcase name="test.test_gzip.TestGzip.test_issue44439" status="run" result="completed" time="0.000332" /><testcase name="test.test_gzip.TestGzip.test_many_append" status="run" result="completed" time="0.062174" /><testcase name="test.test_gzip.TestGzip.test_metadata" status="run" result="completed" time="0.000767" /><testcase name="test.test_gzip.TestGzip.test_metadata_ascii_name" status="run" result="completed" time="0.000695" /><testcase name="test.test_gzip.TestGzip.test_mode" status="run" result="completed" time="0.042790" /><testcase name="test.test_gzip.TestGzip.test_mtime" status="run" result="completed" time="0.000919" /><testcase name="test.test_gzip.TestGzip.test_non_seekable_file" status="run" result="completed" time="0.000474" /><testcase name="test.test_gzip.TestGzip.test_paddedfile_getattr" status="run" result="completed" time="0.068105" /><testcase name="test.test_gzip.TestGzip.test_peek" status="run" result="completed" time="0.001356" /><testcase name="test.test_gzip.TestGzip.test_prepend_error" status="run" result="completed" time="0.000770" /><testcase name="test.test_gzip.TestGzip.test_read" status="run" result="completed" time="0.060577" /><testcase name="test.test_gzip.TestGzip.test_read1" status="run" result="completed" time="0.047300" /><testcase name="test.test_gzip.TestGzip.test_read_large" status="run" result="completed" time="0.000354" /><testcase name="test.test_gzip.TestGzip.test_read_truncated" status="run" result="completed" time="0.000905" /><testcase name="test.test_gzip.TestGzip.test_read_with_extra" status="run" result="completed" time="0.000186" /><testcase name="test.test_gzip.TestGzip.test_readline" status="run" result="completed" time="0.009888" /><testcase name="test.test_gzip.TestGzip.test_readlines" status="run" result="completed" time="0.066198" /><testcase name="test.test_gzip.TestGzip.test_seek_read" status="run" result="completed" time="0.058923" /><testcase name="test.test_gzip.TestGzip.test_seek_whence" status="run" result="completed" time="0.004706" /><testcase name="test.test_gzip.TestGzip.test_seek_write" status="run" result="completed" time="0.000902" /><testcase name="test.test_gzip.TestGzip.test_textio_readlines" status="run" result="completed" time="0.094766" /><testcase name="test.test_gzip.TestGzip.test_with_open" status="run" result="completed" time="0.000822" /><testcase name="test.test_gzip.TestGzip.test_write" status="run" result="completed" time="0.063978" /><testcase name="test.test_gzip.TestGzip.test_write_array" status="run" result="completed" time="0.000850" /><testcase name="test.test_gzip.TestGzip.test_write_bytearray" status="run" result="completed" time="0.000805" /><testcase name="test.test_gzip.TestGzip.test_write_incompatible_type" status="run" result="completed" time="0.000716" /><testcase name="test.test_gzip.TestGzip.test_write_memoryview" status="run" result="completed" time="0.001238" /><testcase name="test.test_gzip.TestGzip.test_write_read_with_pathlike_file" status="run" result="completed" time="0.001159" /><testcase name="test.test_gzip.TestGzip.test_write_seek_write" status="run" result="completed" time="0.000283" /><testcase name="test.test_gzip.TestGzip.test_zero_padded_file" status="run" result="completed" time="0.000867" /><testcase name="test.test_gzip.TestOpen.test_bad_params" status="run" result="completed" time="0.000230" /><testcase name="test.test_gzip.TestOpen.test_binary_modes" status="run" result="completed" time="0.001956" /><testcase name="test.test_gzip.TestOpen.test_encoding" status="run" result="completed" time="0.001960" /><testcase name="test.test_gzip.TestOpen.test_encoding_error_handler" status="run" result="completed" time="0.000744" /><testcase name="test.test_gzip.TestOpen.test_fileobj" status="run" result="completed" time="0.000550" /><testcase name="test.test_gzip.TestOpen.test_implicit_binary_modes" status="run" result="completed" time="0.001921" /><testcase name="test.test_gzip.TestOpen.test_newline" status="run" result="completed" time="0.000947" /><testcase name="test.test_gzip.TestOpen.test_pathlike_file" status="run" result="completed" time="0.001128" /><testcase name="test.test_gzip.TestOpen.test_text_modes" status="run" result="completed" time="0.001454" /></testsuite><testsuite start="2025-04-03 13:47:06.369105" tests="54" errors="0" failures="0"><testcase name="test.test_codecencodings_kr.Test_CP949.test_callback_None_index" status="run" result="completed" time="0.007934" /><testcase name="test.test_codecencodings_kr.Test_CP949.test_callback_backward_index" status="run" result="completed" time="0.000098" /><testcase name="test.test_codecencodings_kr.Test_CP949.test_callback_forward_index" status="run" result="completed" time="0.000059" /><testcase name="test.test_codecencodings_kr.Test_CP949.test_callback_index_outofbound" status="run" result="completed" time="0.000074" /><testcase name="test.test_codecencodings_kr.Test_CP949.test_callback_long_index" status="run" result="completed" time="0.000079" /><testcase name="test.test_codecencodings_kr.Test_CP949.test_callback_returns_bytes" status="run" result="completed" time="0.000051" /><testcase name="test.test_codecencodings_kr.Test_CP949.test_callback_wrong_objects" status="run" result="completed" time="0.000104" /><testcase name="test.test_codecencodings_kr.Test_CP949.test_chunkcoding" status="run" result="completed" time="0.000158" /><testcase name="test.test_codecencodings_kr.Test_CP949.test_customreplace_encode" status="run" result="completed" time="0.005104" /><testcase name="test.test_codecencodings_kr.Test_CP949.test_errorhandle" status="run" result="completed" time="0.000157" /><testcase name="test.test_codecencodings_kr.Test_CP949.test_incrementaldecoder" status="run" result="completed" time="0.003371" /><testcase name="test.test_codecencodings_kr.Test_CP949.test_incrementalencoder" status="run" result="completed" time="0.005993" /><testcase name="test.test_codecencodings_kr.Test_CP949.test_incrementalencoder_del_segfault" status="run" result="completed" time="0.000073" /><testcase name="test.test_codecencodings_kr.Test_CP949.test_incrementalencoder_error_callback" status="run" result="completed" time="0.000085" /><testcase name="test.test_codecencodings_kr.Test_CP949.test_streamreader" status="run" result="completed" time="0.013316" /><testcase name="test.test_codecencodings_kr.Test_CP949.test_streamwriter" status="run" result="completed" time="0.016774" /><testcase name="test.test_codecencodings_kr.Test_CP949.test_streamwriter_reset_no_pending" status="run" result="completed" time="0.000051" /><testcase name="test.test_codecencodings_kr.Test_CP949.test_xmlcharrefreplace" status="run" result="completed" time="0.000057" /><testcase name="test.test_codecencodings_kr.Test_EUCKR.test_callback_None_index" status="run" result="completed" time="0.081057" /><testcase name="test.test_codecencodings_kr.Test_EUCKR.test_callback_backward_index" status="run" result="completed" time="0.000082" /><testcase name="test.test_codecencodings_kr.Test_EUCKR.test_callback_forward_index" status="run" result="completed" time="0.000054" /><testcase name="test.test_codecencodings_kr.Test_EUCKR.test_callback_index_outofbound" status="run" result="completed" time="0.000068" /><testcase name="test.test_codecencodings_kr.Test_EUCKR.test_callback_long_index" status="run" result="completed" time="0.000082" /><testcase name="test.test_codecencodings_kr.Test_EUCKR.test_callback_returns_bytes" status="run" result="completed" time="0.000073" /><testcase name="test.test_codecencodings_kr.Test_EUCKR.test_callback_wrong_objects" status="run" result="completed" time="0.000103" /><testcase name="test.test_codecencodings_kr.Test_EUCKR.test_chunkcoding" status="run" result="completed" time="0.000144" /><testcase name="test.test_codecencodings_kr.Test_EUCKR.test_customreplace_encode" status="run" result="completed" time="0.000098" /><testcase name="test.test_codecencodings_kr.Test_EUCKR.test_errorhandle" status="run" result="completed" time="0.000273" /><testcase name="test.test_codecencodings_kr.Test_EUCKR.test_incrementaldecoder" status="run" result="completed" time="0.004190" /><testcase name="test.test_codecencodings_kr.Test_EUCKR.test_incrementalencoder" status="run" result="completed" time="0.007808" /><testcase name="test.test_codecencodings_kr.Test_EUCKR.test_incrementalencoder_del_segfault" status="run" result="completed" time="0.000074" /><testcase name="test.test_codecencodings_kr.Test_EUCKR.test_incrementalencoder_error_callback" status="run" result="completed" time="0.000090" /><testcase name="test.test_codecencodings_kr.Test_EUCKR.test_streamreader" status="run" result="completed" time="0.016481" /><testcase name="test.test_codecencodings_kr.Test_EUCKR.test_streamwriter" status="run" result="completed" time="0.019134" /><testcase name="test.test_codecencodings_kr.Test_EUCKR.test_streamwriter_reset_no_pending" status="run" result="completed" time="0.000053" /><testcase name="test.test_codecencodings_kr.Test_EUCKR.test_xmlcharrefreplace" status="run" result="completed" time="0.000057" /><testcase name="test.test_codecencodings_kr.Test_JOHAB.test_callback_None_index" status="run" result="completed" time="0.009473" /><testcase name="test.test_codecencodings_kr.Test_JOHAB.test_callback_backward_index" status="run" result="completed" time="0.000081" /><testcase name="test.test_codecencodings_kr.Test_JOHAB.test_callback_forward_index" status="run" result="completed" time="0.000053" /><testcase name="test.test_codecencodings_kr.Test_JOHAB.test_callback_index_outofbound" status="run" result="completed" time="0.000068" /><testcase name="test.test_codecencodings_kr.Test_JOHAB.test_callback_long_index" status="run" result="completed" time="0.000074" /><testcase name="test.test_codecencodings_kr.Test_JOHAB.test_callback_returns_bytes" status="run" result="completed" time="0.000051" /><testcase name="test.test_codecencodings_kr.Test_JOHAB.test_callback_wrong_objects" status="run" result="completed" time="0.000099" /><testcase name="test.test_codecencodings_kr.Test_JOHAB.test_chunkcoding" status="run" result="completed" time="0.000141" /><testcase name="test.test_codecencodings_kr.Test_JOHAB.test_customreplace_encode" status="run" result="completed" time="0.000092" /><testcase name="test.test_codecencodings_kr.Test_JOHAB.test_errorhandle" status="run" result="completed" time="0.000134" /><testcase name="test.test_codecencodings_kr.Test_JOHAB.test_incrementaldecoder" status="run" result="completed" time="0.003364" /><testcase name="test.test_codecencodings_kr.Test_JOHAB.test_incrementalencoder" status="run" result="completed" time="0.006118" /><testcase name="test.test_codecencodings_kr.Test_JOHAB.test_incrementalencoder_del_segfault" status="run" result="completed" time="0.000064" /><testcase name="test.test_codecencodings_kr.Test_JOHAB.test_incrementalencoder_error_callback" status="run" result="completed" time="0.000080" /><testcase name="test.test_codecencodings_kr.Test_JOHAB.test_streamreader" status="run" result="completed" time="0.013535" /><testcase name="test.test_codecencodings_kr.Test_JOHAB.test_streamwriter" status="run" result="completed" time="0.016757" /><testcase name="test.test_codecencodings_kr.Test_JOHAB.test_streamwriter_reset_no_pending" status="run" result="completed" time="0.000053" /><testcase name="test.test_codecencodings_kr.Test_JOHAB.test_xmlcharrefreplace" status="run" result="completed" time="0.000060" /></testsuite><testsuite start="2025-04-03 13:47:05.902115" tests="341" errors="0" failures="0"><testcase name="test.test_configparser.BlatantOverrideConvertersTestCase.test_converters_at_init" status="run" result="completed" time="0.001012" /><testcase name="test.test_configparser.BlatantOverrideConvertersTestCase.test_inheritance" status="run" result="completed" time="0.000938" /><testcase name="test.test_configparser.BlatantOverrideConvertersTestCase.test_instance_assignment" status="run" result="completed" time="0.000538" /><testcase name="test.test_configparser.CompatibleTestCase.test_comment_handling" status="run" result="completed" time="0.000408" /><testcase name="test.test_configparser.ConfigParserTestCase.test_add_section_default" status="run" result="completed" time="0.000249" /><testcase name="test.test_configparser.ConfigParserTestCase.test_basic" status="run" result="completed" time="0.003384" /><testcase name="test.test_configparser.ConfigParserTestCase.test_basic_from_dict" status="run" result="completed" time="0.002257" /><testcase name="test.test_configparser.ConfigParserTestCase.test_boolean" status="run" result="completed" time="0.000738" /><testcase name="test.test_configparser.ConfigParserTestCase.test_case_sensitivity" status="run" result="completed" time="0.000758" /><testcase name="test.test_configparser.ConfigParserTestCase.test_case_sensitivity_mapping_access" status="run" result="completed" time="0.000976" /><testcase name="test.test_configparser.ConfigParserTestCase.test_clear" status="run" result="completed" time="0.000306" /><testcase name="test.test_configparser.ConfigParserTestCase.test_default_case_sensitivity" status="run" result="completed" time="0.000908" /><testcase name="test.test_configparser.ConfigParserTestCase.test_defaults_keyword" status="run" result="completed" time="0.000474" /><testcase name="test.test_configparser.ConfigParserTestCase.test_interpolation" status="run" result="completed" time="0.000868" /><testcase name="test.test_configparser.ConfigParserTestCase.test_interpolation_missing_value" status="run" result="completed" time="0.000548" /><testcase name="test.test_configparser.ConfigParserTestCase.test_invalid_multiline_value" status="run" result="completed" time="0.000526" /><testcase name="test.test_configparser.ConfigParserTestCase.test_items" status="run" result="completed" time="0.000425" /><testcase name="test.test_configparser.ConfigParserTestCase.test_parse_errors" status="run" result="completed" time="0.005001" /><testcase name="test.test_configparser.ConfigParserTestCase.test_popitem" status="run" result="completed" time="0.000482" /><testcase name="test.test_configparser.ConfigParserTestCase.test_query_errors" status="run" result="completed" time="0.000310" /><testcase name="test.test_configparser.ConfigParserTestCase.test_read_returns_file_list" status="run" result="completed" time="0.002421" /><testcase name="test.test_configparser.ConfigParserTestCase.test_read_returns_file_list_with_bytestring_path" status="run" result="completed" time="0.001749" /><testcase name="test.test_configparser.ConfigParserTestCase.test_safe_interpolation" status="run" result="completed" time="0.000374" /><testcase name="test.test_configparser.ConfigParserTestCase.test_set_malformatted_interpolation" status="run" result="completed" time="0.000383" /><testcase name="test.test_configparser.ConfigParserTestCase.test_set_nonstring_types" status="run" result="completed" time="0.000360" /><testcase name="test.test_configparser.ConfigParserTestCase.test_set_string_types" status="run" result="completed" time="0.000315" /><testcase name="test.test_configparser.ConfigParserTestCase.test_setitem" status="run" result="completed" time="0.000612" /><testcase name="test.test_configparser.ConfigParserTestCase.test_weird_errors" status="run" result="completed" time="0.000246" /><testcase name="test.test_configparser.ConfigParserTestCase.test_write" status="run" result="completed" time="0.000422" /><testcase name="test.test_configparser.ConfigParserTestCaseExtendedInterpolation.test_basic" status="run" result="completed" time="0.002786" /><testcase name="test.test_configparser.ConfigParserTestCaseExtendedInterpolation.test_basic_from_dict" status="run" result="completed" time="0.002207" /><testcase name="test.test_configparser.ConfigParserTestCaseExtendedInterpolation.test_boolean" status="run" result="completed" time="0.001888" /><testcase name="test.test_configparser.ConfigParserTestCaseExtendedInterpolation.test_case_sensitivity" status="run" result="completed" time="0.000808" /><testcase name="test.test_configparser.ConfigParserTestCaseExtendedInterpolation.test_case_sensitivity_basic" status="run" result="completed" time="0.000576" /><testcase name="test.test_configparser.ConfigParserTestCaseExtendedInterpolation.test_case_sensitivity_conflicts" status="run" result="completed" time="0.000772" /><testcase name="test.test_configparser.ConfigParserTestCaseExtendedInterpolation.test_case_sensitivity_mapping_access" status="run" result="completed" time="0.000881" /><testcase name="test.test_configparser.ConfigParserTestCaseExtendedInterpolation.test_clear" status="run" result="completed" time="0.000312" /><testcase name="test.test_configparser.ConfigParserTestCaseExtendedInterpolation.test_default_case_sensitivity" status="run" result="completed" time="0.000395" /><testcase name="test.test_configparser.ConfigParserTestCaseExtendedInterpolation.test_endless_loop" status="run" result="completed" time="0.000793" /><testcase name="test.test_configparser.ConfigParserTestCaseExtendedInterpolation.test_extended_interpolation" status="run" result="completed" time="0.000935" /><testcase name="test.test_configparser.ConfigParserTestCaseExtendedInterpolation.test_invalid_multiline_value" status="run" result="completed" time="0.000334" /><testcase name="test.test_configparser.ConfigParserTestCaseExtendedInterpolation.test_other_errors" status="run" result="completed" time="0.000555" /><testcase name="test.test_configparser.ConfigParserTestCaseExtendedInterpolation.test_parse_errors" status="run" result="completed" time="0.002004" /><testcase name="test.test_configparser.ConfigParserTestCaseExtendedInterpolation.test_popitem" status="run" result="completed" time="0.000442" /><testcase name="test.test_configparser.ConfigParserTestCaseExtendedInterpolation.test_query_errors" status="run" result="completed" time="0.000308" /><testcase name="test.test_configparser.ConfigParserTestCaseExtendedInterpolation.test_read_returns_file_list" status="run" result="completed" time="0.002173" /><testcase name="test.test_configparser.ConfigParserTestCaseExtendedInterpolation.test_read_returns_file_list_with_bytestring_path" status="run" result="completed" time="0.003087" /><testcase name="test.test_configparser.ConfigParserTestCaseExtendedInterpolation.test_set_string_types" status="run" result="completed" time="0.000392" /><testcase name="test.test_configparser.ConfigParserTestCaseExtendedInterpolation.test_setitem" status="run" result="completed" time="0.000658" /><testcase name="test.test_configparser.ConfigParserTestCaseExtendedInterpolation.test_strange_options" status="run" result="completed" time="0.000511" /><testcase name="test.test_configparser.ConfigParserTestCaseExtendedInterpolation.test_weird_errors" status="run" result="completed" time="0.000454" /><testcase name="test.test_configparser.ConfigParserTestCaseExtendedInterpolation.test_write" status="run" result="completed" time="0.000502" /><testcase name="test.test_configparser.ConfigParserTestCaseInvalidInterpolationType.test_error_on_wrong_type_for_interpolation" status="run" result="completed" time="0.000653" /><testcase name="test.test_configparser.ConfigParserTestCaseLegacyInterpolation.test_add_section_default" status="run" result="completed" time="0.000228" /><testcase name="test.test_configparser.ConfigParserTestCaseLegacyInterpolation.test_basic" status="run" result="completed" time="0.008335" /><testcase name="test.test_configparser.ConfigParserTestCaseLegacyInterpolation.test_basic_from_dict" status="run" result="completed" time="0.001972" /><testcase name="test.test_configparser.ConfigParserTestCaseLegacyInterpolation.test_boolean" status="run" result="completed" time="0.000664" /><testcase name="test.test_configparser.ConfigParserTestCaseLegacyInterpolation.test_case_sensitivity" status="run" result="completed" time="0.000725" /><testcase name="test.test_configparser.ConfigParserTestCaseLegacyInterpolation.test_case_sensitivity_mapping_access" status="run" result="completed" time="0.000820" /><testcase name="test.test_configparser.ConfigParserTestCaseLegacyInterpolation.test_clear" status="run" result="completed" time="0.000283" /><testcase name="test.test_configparser.ConfigParserTestCaseLegacyInterpolation.test_default_case_sensitivity" status="run" result="completed" time="0.000372" /><testcase name="test.test_configparser.ConfigParserTestCaseLegacyInterpolation.test_defaults_keyword" status="run" result="completed" time="0.001458" /><testcase name="test.test_configparser.ConfigParserTestCaseLegacyInterpolation.test_interpolation" status="run" result="completed" time="0.002863" /><testcase name="test.test_configparser.ConfigParserTestCaseLegacyInterpolation.test_interpolation_missing_value" status="run" result="completed" time="0.000547" /><testcase name="test.test_configparser.ConfigParserTestCaseLegacyInterpolation.test_invalid_multiline_value" status="run" result="completed" time="0.000342" /><testcase name="test.test_configparser.ConfigParserTestCaseLegacyInterpolation.test_items" status="run" result="completed" time="0.000436" /><testcase name="test.test_configparser.ConfigParserTestCaseLegacyInterpolation.test_parse_errors" status="run" result="completed" time="0.001480" /><testcase name="test.test_configparser.ConfigParserTestCaseLegacyInterpolation.test_popitem" status="run" result="completed" time="0.000597" /><testcase name="test.test_configparser.ConfigParserTestCaseLegacyInterpolation.test_query_errors" status="run" result="completed" time="0.000308" /><testcase name="test.test_configparser.ConfigParserTestCaseLegacyInterpolation.test_read_returns_file_list" status="run" result="completed" time="0.002263" /><testcase name="test.test_configparser.ConfigParserTestCaseLegacyInterpolation.test_read_returns_file_list_with_bytestring_path" status="run" result="completed" time="0.001034" /><testcase name="test.test_configparser.ConfigParserTestCaseLegacyInterpolation.test_safe_interpolation" status="run" result="completed" time="0.000887" /><testcase name="test.test_configparser.ConfigParserTestCaseLegacyInterpolation.test_set_malformatted_interpolation" status="run" result="completed" time="0.000306" /><testcase name="test.test_configparser.ConfigParserTestCaseLegacyInterpolation.test_set_nonstring_types" status="run" result="completed" time="0.000356" /><testcase name="test.test_configparser.ConfigParserTestCaseLegacyInterpolation.test_set_string_types" status="run" result="completed" time="0.000300" /><testcase name="test.test_configparser.ConfigParserTestCaseLegacyInterpolation.test_setitem" status="run" result="completed" time="0.000572" /><testcase name="test.test_configparser.ConfigParserTestCaseLegacyInterpolation.test_weird_errors" status="run" result="completed" time="0.000237" /><testcase name="test.test_configparser.ConfigParserTestCaseLegacyInterpolation.test_write" status="run" result="completed" time="0.000430" /><testcase name="test.test_configparser.ConfigParserTestCaseNoInterpolation.test_basic" status="run" result="completed" time="0.002349" /><testcase name="test.test_configparser.ConfigParserTestCaseNoInterpolation.test_basic_from_dict" status="run" result="completed" time="0.096555" /><testcase name="test.test_configparser.ConfigParserTestCaseNoInterpolation.test_boolean" status="run" result="completed" time="0.000724" /><testcase name="test.test_configparser.ConfigParserTestCaseNoInterpolation.test_case_sensitivity" status="run" result="completed" time="0.001210" /><testcase name="test.test_configparser.ConfigParserTestCaseNoInterpolation.test_case_sensitivity_mapping_access" status="run" result="completed" time="0.000859" /><testcase name="test.test_configparser.ConfigParserTestCaseNoInterpolation.test_clear" status="run" result="completed" time="0.000291" /><testcase name="test.test_configparser.ConfigParserTestCaseNoInterpolation.test_default_case_sensitivity" status="run" result="completed" time="0.000378" /><testcase name="test.test_configparser.ConfigParserTestCaseNoInterpolation.test_empty_case" status="run" result="completed" time="0.000190" /><testcase name="test.test_configparser.ConfigParserTestCaseNoInterpolation.test_invalid_multiline_value" status="run" result="completed" time="0.000326" /><testcase name="test.test_configparser.ConfigParserTestCaseNoInterpolation.test_no_interpolation" status="run" result="completed" time="0.000332" /><testcase name="test.test_configparser.ConfigParserTestCaseNoInterpolation.test_none_as_default_interpolation" status="run" result="completed" time="0.000432" /><testcase name="test.test_configparser.ConfigParserTestCaseNoInterpolation.test_parse_errors" status="run" result="completed" time="0.001340" /><testcase name="test.test_configparser.ConfigParserTestCaseNoInterpolation.test_popitem" status="run" result="completed" time="0.000430" /><testcase name="test.test_configparser.ConfigParserTestCaseNoInterpolation.test_query_errors" status="run" result="completed" time="0.000307" /><testcase name="test.test_configparser.ConfigParserTestCaseNoInterpolation.test_read_returns_file_list" status="run" result="completed" time="0.002725" /><testcase name="test.test_configparser.ConfigParserTestCaseNoInterpolation.test_read_returns_file_list_with_bytestring_path" status="run" result="completed" time="0.000962" /><testcase name="test.test_configparser.ConfigParserTestCaseNoInterpolation.test_set_string_types" status="run" result="completed" time="0.000333" /><testcase name="test.test_configparser.ConfigParserTestCaseNoInterpolation.test_setitem" status="run" result="completed" time="0.000600" /><testcase name="test.test_configparser.ConfigParserTestCaseNoInterpolation.test_weird_errors" status="run" result="completed" time="0.000253" /><testcase name="test.test_configparser.ConfigParserTestCaseNoInterpolation.test_write" status="run" result="completed" time="0.000411" /><testcase name="test.test_configparser.ConfigParserTestCaseNoValue.test_add_section_default" status="run" result="completed" time="0.000232" /><testcase name="test.test_configparser.ConfigParserTestCaseNoValue.test_basic" status="run" result="completed" time="0.002733" /><testcase name="test.test_configparser.ConfigParserTestCaseNoValue.test_basic_from_dict" status="run" result="completed" time="0.002613" /><testcase name="test.test_configparser.ConfigParserTestCaseNoValue.test_boolean" status="run" result="completed" time="0.000739" /><testcase name="test.test_configparser.ConfigParserTestCaseNoValue.test_case_sensitivity" status="run" result="completed" time="0.000755" /><testcase name="test.test_configparser.ConfigParserTestCaseNoValue.test_case_sensitivity_mapping_access" status="run" result="completed" time="0.000859" /><testcase name="test.test_configparser.ConfigParserTestCaseNoValue.test_clear" status="run" result="completed" time="0.000297" /><testcase name="test.test_configparser.ConfigParserTestCaseNoValue.test_default_case_sensitivity" status="run" result="completed" time="0.000384" /><testcase name="test.test_configparser.ConfigParserTestCaseNoValue.test_defaults_keyword" status="run" result="completed" time="0.000448" /><testcase name="test.test_configparser.ConfigParserTestCaseNoValue.test_interpolation" status="run" result="completed" time="0.000854" /><testcase name="test.test_configparser.ConfigParserTestCaseNoValue.test_interpolation_missing_value" status="run" result="completed" time="0.000547" /><testcase name="test.test_configparser.ConfigParserTestCaseNoValue.test_invalid_multiline_value" status="run" result="completed" time="0.000043"><skipped>if no_value is allowed, ParsingError is not raised</skipped></testcase><testcase name="test.test_configparser.ConfigParserTestCaseNoValue.test_items" status="run" result="completed" time="0.000405" /><testcase name="test.test_configparser.ConfigParserTestCaseNoValue.test_parse_errors" status="run" result="completed" time="0.000371" /><testcase name="test.test_configparser.ConfigParserTestCaseNoValue.test_popitem" status="run" result="completed" time="0.000781" /><testcase name="test.test_configparser.ConfigParserTestCaseNoValue.test_query_errors" status="run" result="completed" time="0.000298" /><testcase name="test.test_configparser.ConfigParserTestCaseNoValue.test_read_returns_file_list" status="run" result="completed" time="0.004305" /><testcase name="test.test_configparser.ConfigParserTestCaseNoValue.test_read_returns_file_list_with_bytestring_path" status="run" result="completed" time="0.000959" /><testcase name="test.test_configparser.ConfigParserTestCaseNoValue.test_safe_interpolation" status="run" result="completed" time="0.000378" /><testcase name="test.test_configparser.ConfigParserTestCaseNoValue.test_set_malformatted_interpolation" status="run" result="completed" time="0.000398" /><testcase name="test.test_configparser.ConfigParserTestCaseNoValue.test_set_nonstring_types" status="run" result="completed" time="0.000360" /><testcase name="test.test_configparser.ConfigParserTestCaseNoValue.test_set_string_types" status="run" result="completed" time="0.000392" /><testcase name="test.test_configparser.ConfigParserTestCaseNoValue.test_setitem" status="run" result="completed" time="0.000658" /><testcase name="test.test_configparser.ConfigParserTestCaseNoValue.test_weird_errors" status="run" result="completed" time="0.000248" /><testcase name="test.test_configparser.ConfigParserTestCaseNoValue.test_write" status="run" result="completed" time="0.000458" /><testcase name="test.test_configparser.ConfigParserTestCaseNonStandardDefaultSection.test_add_section_default" status="run" result="completed" time="0.000231" /><testcase name="test.test_configparser.ConfigParserTestCaseNonStandardDefaultSection.test_basic" status="run" result="completed" time="0.002964" /><testcase name="test.test_configparser.ConfigParserTestCaseNonStandardDefaultSection.test_basic_from_dict" status="run" result="completed" time="0.002140" /><testcase name="test.test_configparser.ConfigParserTestCaseNonStandardDefaultSection.test_boolean" status="run" result="completed" time="0.000727" /><testcase name="test.test_configparser.ConfigParserTestCaseNonStandardDefaultSection.test_case_sensitivity" status="run" result="completed" time="0.000752" /><testcase name="test.test_configparser.ConfigParserTestCaseNonStandardDefaultSection.test_case_sensitivity_mapping_access" status="run" result="completed" time="0.000854" /><testcase name="test.test_configparser.ConfigParserTestCaseNonStandardDefaultSection.test_clear" status="run" result="completed" time="0.000291" /><testcase name="test.test_configparser.ConfigParserTestCaseNonStandardDefaultSection.test_default_case_sensitivity" status="run" result="completed" time="0.000413" /><testcase name="test.test_configparser.ConfigParserTestCaseNonStandardDefaultSection.test_defaults_keyword" status="run" result="completed" time="0.000463" /><testcase name="test.test_configparser.ConfigParserTestCaseNonStandardDefaultSection.test_interpolation" status="run" result="completed" time="0.001264" /><testcase name="test.test_configparser.ConfigParserTestCaseNonStandardDefaultSection.test_interpolation_missing_value" status="run" result="completed" time="0.000553" /><testcase name="test.test_configparser.ConfigParserTestCaseNonStandardDefaultSection.test_invalid_multiline_value" status="run" result="completed" time="0.000350" /><testcase name="test.test_configparser.ConfigParserTestCaseNonStandardDefaultSection.test_items" status="run" result="completed" time="0.000386" /><testcase name="test.test_configparser.ConfigParserTestCaseNonStandardDefaultSection.test_parse_errors" status="run" result="completed" time="0.001301" /><testcase name="test.test_configparser.ConfigParserTestCaseNonStandardDefaultSection.test_popitem" status="run" result="completed" time="0.000419" /><testcase name="test.test_configparser.ConfigParserTestCaseNonStandardDefaultSection.test_query_errors" status="run" result="completed" time="0.000299" /><testcase name="test.test_configparser.ConfigParserTestCaseNonStandardDefaultSection.test_read_returns_file_list" status="run" result="completed" time="0.002297" /><testcase name="test.test_configparser.ConfigParserTestCaseNonStandardDefaultSection.test_read_returns_file_list_with_bytestring_path" status="run" result="completed" time="0.001042" /><testcase name="test.test_configparser.ConfigParserTestCaseNonStandardDefaultSection.test_safe_interpolation" status="run" result="completed" time="0.000406" /><testcase name="test.test_configparser.ConfigParserTestCaseNonStandardDefaultSection.test_set_malformatted_interpolation" status="run" result="completed" time="0.000961" /><testcase name="test.test_configparser.ConfigParserTestCaseNonStandardDefaultSection.test_set_nonstring_types" status="run" result="completed" time="0.000375" /><testcase name="test.test_configparser.ConfigParserTestCaseNonStandardDefaultSection.test_set_string_types" status="run" result="completed" time="0.000317" /><testcase name="test.test_configparser.ConfigParserTestCaseNonStandardDefaultSection.test_setitem" status="run" result="completed" time="0.000606" /><testcase name="test.test_configparser.ConfigParserTestCaseNonStandardDefaultSection.test_weird_errors" status="run" result="completed" time="0.000238" /><testcase name="test.test_configparser.ConfigParserTestCaseNonStandardDefaultSection.test_write" status="run" result="completed" time="0.000398" /><testcase name="test.test_configparser.ConfigParserTestCaseNonStandardDelimiters.test_add_section_default" status="run" result="completed" time="0.000889" /><testcase name="test.test_configparser.ConfigParserTestCaseNonStandardDelimiters.test_basic" status="run" result="completed" time="0.002619" /><testcase name="test.test_configparser.ConfigParserTestCaseNonStandardDelimiters.test_basic_from_dict" status="run" result="completed" time="0.002211" /><testcase name="test.test_configparser.ConfigParserTestCaseNonStandardDelimiters.test_boolean" status="run" result="completed" time="0.000797" /><testcase name="test.test_configparser.ConfigParserTestCaseNonStandardDelimiters.test_case_sensitivity" status="run" result="completed" time="0.001394" /><testcase name="test.test_configparser.ConfigParserTestCaseNonStandardDelimiters.test_case_sensitivity_mapping_access" status="run" result="completed" time="0.000946" /><testcase name="test.test_configparser.ConfigParserTestCaseNonStandardDelimiters.test_clear" status="run" result="completed" time="0.000329" /><testcase name="test.test_configparser.ConfigParserTestCaseNonStandardDelimiters.test_default_case_sensitivity" status="run" result="completed" time="0.000438" /><testcase name="test.test_configparser.ConfigParserTestCaseNonStandardDelimiters.test_defaults_keyword" status="run" result="completed" time="0.000491" /><testcase name="test.test_configparser.ConfigParserTestCaseNonStandardDelimiters.test_interpolation" status="run" result="completed" time="0.000857" /><testcase name="test.test_configparser.ConfigParserTestCaseNonStandardDelimiters.test_interpolation_missing_value" status="run" result="completed" time="0.000561" /><testcase name="test.test_configparser.ConfigParserTestCaseNonStandardDelimiters.test_invalid_multiline_value" status="run" result="completed" time="0.000361" /><testcase name="test.test_configparser.ConfigParserTestCaseNonStandardDelimiters.test_items" status="run" result="completed" time="0.000405" /><testcase name="test.test_configparser.ConfigParserTestCaseNonStandardDelimiters.test_parse_errors" status="run" result="completed" time="0.000758" /><testcase name="test.test_configparser.ConfigParserTestCaseNonStandardDelimiters.test_popitem" status="run" result="completed" time="0.000476" /><testcase name="test.test_configparser.ConfigParserTestCaseNonStandardDelimiters.test_query_errors" status="run" result="completed" time="0.000332" /><testcase name="test.test_configparser.ConfigParserTestCaseNonStandardDelimiters.test_read_returns_file_list" status="run" result="completed" time="0.000045"><skipped>incompatible format</skipped></testcase><testcase name="test.test_configparser.ConfigParserTestCaseNonStandardDelimiters.test_read_returns_file_list_with_bytestring_path" status="run" result="completed" time="0.000029"><skipped>incompatible format</skipped></testcase><testcase name="test.test_configparser.ConfigParserTestCaseNonStandardDelimiters.test_safe_interpolation" status="run" result="completed" time="0.000901" /><testcase name="test.test_configparser.ConfigParserTestCaseNonStandardDelimiters.test_set_malformatted_interpolation" status="run" result="completed" time="0.000427" /><testcase name="test.test_configparser.ConfigParserTestCaseNonStandardDelimiters.test_set_nonstring_types" status="run" result="completed" time="0.000381" /><testcase name="test.test_configparser.ConfigParserTestCaseNonStandardDelimiters.test_set_string_types" status="run" result="completed" time="0.000338" /><testcase name="test.test_configparser.ConfigParserTestCaseNonStandardDelimiters.test_setitem" status="run" result="completed" time="0.000639" /><testcase name="test.test_configparser.ConfigParserTestCaseNonStandardDelimiters.test_weird_errors" status="run" result="completed" time="0.000266" /><testcase name="test.test_configparser.ConfigParserTestCaseNonStandardDelimiters.test_write" status="run" result="completed" time="0.000431" /><testcase name="test.test_configparser.ConfigParserTestCaseTrickyFile.test_cfgparser_dot_3" status="run" result="completed" time="0.002194" /><testcase name="test.test_configparser.ConfigParserTestCaseTrickyFile.test_unicode_failure" status="run" result="completed" time="0.001257" /><testcase name="test.test_configparser.ConvertersTestCase.test_basic" status="run" result="completed" time="0.002858" /><testcase name="test.test_configparser.ConvertersTestCase.test_basic_from_dict" status="run" result="completed" time="0.006744" /><testcase name="test.test_configparser.ConvertersTestCase.test_boolean" status="run" result="completed" time="0.000809" /><testcase name="test.test_configparser.ConvertersTestCase.test_case_sensitivity" status="run" result="completed" time="0.000813" /><testcase name="test.test_configparser.ConvertersTestCase.test_case_sensitivity_mapping_access" status="run" result="completed" time="0.000917" /><testcase name="test.test_configparser.ConvertersTestCase.test_clear" status="run" result="completed" time="0.000319" /><testcase name="test.test_configparser.ConvertersTestCase.test_converters" status="run" result="completed" time="0.004768" /><testcase name="test.test_configparser.ConvertersTestCase.test_default_case_sensitivity" status="run" result="completed" time="0.000590" /><testcase name="test.test_configparser.ConvertersTestCase.test_invalid_multiline_value" status="run" result="completed" time="0.000443" /><testcase name="test.test_configparser.ConvertersTestCase.test_parse_errors" status="run" result="completed" time="0.001376" /><testcase name="test.test_configparser.ConvertersTestCase.test_popitem" status="run" result="completed" time="0.000451" /><testcase name="test.test_configparser.ConvertersTestCase.test_query_errors" status="run" result="completed" time="0.000318" /><testcase name="test.test_configparser.ConvertersTestCase.test_read_returns_file_list" status="run" result="completed" time="0.002820" /><testcase name="test.test_configparser.ConvertersTestCase.test_read_returns_file_list_with_bytestring_path" status="run" result="completed" time="0.001074" /><testcase name="test.test_configparser.ConvertersTestCase.test_set_string_types" status="run" result="completed" time="0.000401" /><testcase name="test.test_configparser.ConvertersTestCase.test_setitem" status="run" result="completed" time="0.000649" /><testcase name="test.test_configparser.ConvertersTestCase.test_weird_errors" status="run" result="completed" time="0.000275" /><testcase name="test.test_configparser.ConvertersTestCase.test_write" status="run" result="completed" time="0.000455" /><testcase name="test.test_configparser.CopyTestCase.test_basic" status="run" result="completed" time="0.003688" /><testcase name="test.test_configparser.CopyTestCase.test_basic_from_dict" status="run" result="completed" time="0.002144" /><testcase name="test.test_configparser.CopyTestCase.test_boolean" status="run" result="completed" time="0.001218" /><testcase name="test.test_configparser.CopyTestCase.test_case_sensitivity" status="run" result="completed" time="0.001290" /><testcase name="test.test_configparser.CopyTestCase.test_case_sensitivity_mapping_access" status="run" result="completed" time="0.001872" /><testcase name="test.test_configparser.CopyTestCase.test_clear" status="run" result="completed" time="0.000298" /><testcase name="test.test_configparser.CopyTestCase.test_default_case_sensitivity" status="run" result="completed" time="0.000383" /><testcase name="test.test_configparser.CopyTestCase.test_invalid_multiline_value" status="run" result="completed" time="0.000342" /><testcase name="test.test_configparser.CopyTestCase.test_parse_errors" status="run" result="completed" time="0.001294" /><testcase name="test.test_configparser.CopyTestCase.test_popitem" status="run" result="completed" time="0.000868" /><testcase name="test.test_configparser.CopyTestCase.test_query_errors" status="run" result="completed" time="0.000298" /><testcase name="test.test_configparser.CopyTestCase.test_read_returns_file_list" status="run" result="completed" time="0.002215" /><testcase name="test.test_configparser.CopyTestCase.test_read_returns_file_list_with_bytestring_path" status="run" result="completed" time="0.001061" /><testcase name="test.test_configparser.CopyTestCase.test_set_string_types" status="run" result="completed" time="0.001190" /><testcase name="test.test_configparser.CopyTestCase.test_setitem" status="run" result="completed" time="0.001094" /><testcase name="test.test_configparser.CopyTestCase.test_weird_errors" status="run" result="completed" time="0.000252" /><testcase name="test.test_configparser.CopyTestCase.test_write" status="run" result="completed" time="0.000757" /><testcase name="test.test_configparser.CoverageOneHundredTestCase.test_duplicate_option_error" status="run" result="completed" time="0.000085" /><testcase name="test.test_configparser.CoverageOneHundredTestCase.test_inconsistent_converters_state" status="run" result="completed" time="0.000470" /><testcase name="test.test_configparser.CoverageOneHundredTestCase.test_interpolation_depth_error" status="run" result="completed" time="0.000066" /><testcase name="test.test_configparser.CoverageOneHundredTestCase.test_interpolation_validation" status="run" result="completed" time="0.000349" /><testcase name="test.test_configparser.CoverageOneHundredTestCase.test_legacyinterpolation_deprecation" status="run" result="completed" time="0.000113" /><testcase name="test.test_configparser.CoverageOneHundredTestCase.test_parsing_error" status="run" result="completed" time="0.000076" /><testcase name="test.test_configparser.CoverageOneHundredTestCase.test_sectionproxy_repr" status="run" result="completed" time="0.000247" /><testcase name="test.test_configparser.ExceptionContextTestCase.test_get_basic_interpolation" status="run" result="completed" time="0.000316" /><testcase name="test.test_configparser.ExceptionContextTestCase.test_get_extended_interpolation" status="run" result="completed" time="0.000305" /><testcase name="test.test_configparser.ExceptionContextTestCase.test_missing_options" status="run" result="completed" time="0.000282" /><testcase name="test.test_configparser.ExceptionContextTestCase.test_missing_section" status="run" result="completed" time="0.000212" /><testcase name="test.test_configparser.ExceptionContextTestCase.test_remove_option" status="run" result="completed" time="0.000198" /><testcase name="test.test_configparser.ExceptionPicklingTestCase.test_duplicateoptionerror" status="run" result="completed" time="0.005899" /><testcase name="test.test_configparser.ExceptionPicklingTestCase.test_duplicatesectionerror" status="run" result="completed" time="0.000317" /><testcase name="test.test_configparser.ExceptionPicklingTestCase.test_error" status="run" result="completed" time="0.000177" /><testcase name="test.test_configparser.ExceptionPicklingTestCase.test_interpolationdeptherror" status="run" result="completed" time="0.000292" /><testcase name="test.test_configparser.ExceptionPicklingTestCase.test_interpolationerror" status="run" result="completed" time="0.000237" /><testcase name="test.test_configparser.ExceptionPicklingTestCase.test_interpolationmissingoptionerror" status="run" result="completed" time="0.000308" /><testcase name="test.test_configparser.ExceptionPicklingTestCase.test_interpolationsyntaxerror" status="run" result="completed" time="0.000233" /><testcase name="test.test_configparser.ExceptionPicklingTestCase.test_missingsectionheadererror" status="run" result="completed" time="0.000288" /><testcase name="test.test_configparser.ExceptionPicklingTestCase.test_nooptionerror" status="run" result="completed" time="0.000242" /><testcase name="test.test_configparser.ExceptionPicklingTestCase.test_nosectionerror" status="run" result="completed" time="0.000222" /><testcase name="test.test_configparser.ExceptionPicklingTestCase.test_parsingerror" status="run" result="completed" time="0.000539" /><testcase name="test.test_configparser.InlineCommentStrippingTestCase.test_stripping" status="run" result="completed" time="0.000695" /><testcase name="test.test_configparser.Issue7005TestCase.test_none_as_value_stringified" status="run" result="completed" time="0.000252" /><testcase name="test.test_configparser.Issue7005TestCase.test_none_as_value_stringified_raw" status="run" result="completed" time="0.000237" /><testcase name="test.test_configparser.MiscTestCase.test__all__" status="run" result="completed" time="0.000184" /><testcase name="test.test_configparser.MultilineValuesTestCase.test_basic" status="run" result="completed" time="0.014488" /><testcase name="test.test_configparser.MultilineValuesTestCase.test_basic_from_dict" status="run" result="completed" time="0.014011" /><testcase name="test.test_configparser.MultilineValuesTestCase.test_boolean" status="run" result="completed" time="0.017667" /><testcase name="test.test_configparser.MultilineValuesTestCase.test_case_sensitivity" status="run" result="completed" time="0.012904" /><testcase name="test.test_configparser.MultilineValuesTestCase.test_case_sensitivity_mapping_access" status="run" result="completed" time="0.012576" /><testcase name="test.test_configparser.MultilineValuesTestCase.test_clear" status="run" result="completed" time="0.012386" /><testcase name="test.test_configparser.MultilineValuesTestCase.test_default_case_sensitivity" status="run" result="completed" time="0.012202" /><testcase name="test.test_configparser.MultilineValuesTestCase.test_dominating_multiline_values" status="run" result="completed" time="0.179983" /><testcase name="test.test_configparser.MultilineValuesTestCase.test_invalid_multiline_value" status="run" result="completed" time="0.090106" /><testcase name="test.test_configparser.MultilineValuesTestCase.test_parse_errors" status="run" result="completed" time="0.012975" /><testcase name="test.test_configparser.MultilineValuesTestCase.test_popitem" status="run" result="completed" time="0.012576" /><testcase name="test.test_configparser.MultilineValuesTestCase.test_query_errors" status="run" result="completed" time="0.012372" /><testcase name="test.test_configparser.MultilineValuesTestCase.test_read_returns_file_list" status="run" result="completed" time="0.022026" /><testcase name="test.test_configparser.MultilineValuesTestCase.test_read_returns_file_list_with_bytestring_path" status="run" result="completed" time="0.012485" /><testcase name="test.test_configparser.MultilineValuesTestCase.test_set_string_types" status="run" result="completed" time="0.011843" /><testcase name="test.test_configparser.MultilineValuesTestCase.test_setitem" status="run" result="completed" time="0.012167" /><testcase name="test.test_configparser.MultilineValuesTestCase.test_weird_errors" status="run" result="completed" time="0.012149" /><testcase name="test.test_configparser.MultilineValuesTestCase.test_write" status="run" result="completed" time="0.012528" /><testcase name="test.test_configparser.RawConfigParserTestCase.test_basic" status="run" result="completed" time="0.012721" /><testcase name="test.test_configparser.RawConfigParserTestCase.test_basic_from_dict" status="run" result="completed" time="0.001860" /><testcase name="test.test_configparser.RawConfigParserTestCase.test_boolean" status="run" result="completed" time="0.000679" /><testcase name="test.test_configparser.RawConfigParserTestCase.test_case_sensitivity" status="run" result="completed" time="0.000711" /><testcase name="test.test_configparser.RawConfigParserTestCase.test_case_sensitivity_mapping_access" status="run" result="completed" time="0.000817" /><testcase name="test.test_configparser.RawConfigParserTestCase.test_clear" status="run" result="completed" time="0.000267" /><testcase name="test.test_configparser.RawConfigParserTestCase.test_default_case_sensitivity" status="run" result="completed" time="0.000344" /><testcase name="test.test_configparser.RawConfigParserTestCase.test_defaults_keyword" status="run" result="completed" time="0.000366" /><testcase name="test.test_configparser.RawConfigParserTestCase.test_interpolation" status="run" result="completed" time="0.000823" /><testcase name="test.test_configparser.RawConfigParserTestCase.test_invalid_multiline_value" status="run" result="completed" time="0.000338" /><testcase name="test.test_configparser.RawConfigParserTestCase.test_items" status="run" result="completed" time="0.000321" /><testcase name="test.test_configparser.RawConfigParserTestCase.test_parse_errors" status="run" result="completed" time="0.001463" /><testcase name="test.test_configparser.RawConfigParserTestCase.test_popitem" status="run" result="completed" time="0.000433" /><testcase name="test.test_configparser.RawConfigParserTestCase.test_query_errors" status="run" result="completed" time="0.000295" /><testcase name="test.test_configparser.RawConfigParserTestCase.test_read_returns_file_list" status="run" result="completed" time="0.002302" /><testcase name="test.test_configparser.RawConfigParserTestCase.test_read_returns_file_list_with_bytestring_path" status="run" result="completed" time="0.001031" /><testcase name="test.test_configparser.RawConfigParserTestCase.test_set_nonstring_types" status="run" result="completed" time="0.000303" /><testcase name="test.test_configparser.RawConfigParserTestCase.test_set_string_types" status="run" result="completed" time="0.000326" /><testcase name="test.test_configparser.RawConfigParserTestCase.test_setitem" status="run" result="completed" time="0.000621" /><testcase name="test.test_configparser.RawConfigParserTestCase.test_weird_errors" status="run" result="completed" time="0.000258" /><testcase name="test.test_configparser.RawConfigParserTestCase.test_write" status="run" result="completed" time="0.000821" /><testcase name="test.test_configparser.RawConfigParserTestCaseNonStandardDelimiters.test_basic" status="run" result="completed" time="0.002418" /><testcase name="test.test_configparser.RawConfigParserTestCaseNonStandardDelimiters.test_basic_from_dict" status="run" result="completed" time="0.001876" /><testcase name="test.test_configparser.RawConfigParserTestCaseNonStandardDelimiters.test_boolean" status="run" result="completed" time="0.000714" /><testcase name="test.test_configparser.RawConfigParserTestCaseNonStandardDelimiters.test_case_sensitivity" status="run" result="completed" time="0.000790" /><testcase name="test.test_configparser.RawConfigParserTestCaseNonStandardDelimiters.test_case_sensitivity_mapping_access" status="run" result="completed" time="0.000926" /><testcase name="test.test_configparser.RawConfigParserTestCaseNonStandardDelimiters.test_clear" status="run" result="completed" time="0.000709" /><testcase name="test.test_configparser.RawConfigParserTestCaseNonStandardDelimiters.test_default_case_sensitivity" status="run" result="completed" time="0.000423" /><testcase name="test.test_configparser.RawConfigParserTestCaseNonStandardDelimiters.test_defaults_keyword" status="run" result="completed" time="0.000425" /><testcase name="test.test_configparser.RawConfigParserTestCaseNonStandardDelimiters.test_interpolation" status="run" result="completed" time="0.000563" /><testcase name="test.test_configparser.RawConfigParserTestCaseNonStandardDelimiters.test_invalid_multiline_value" status="run" result="completed" time="0.000364" /><testcase name="test.test_configparser.RawConfigParserTestCaseNonStandardDelimiters.test_items" status="run" result="completed" time="0.000374" /><testcase name="test.test_configparser.RawConfigParserTestCaseNonStandardDelimiters.test_parse_errors" status="run" result="completed" time="0.000806" /><testcase name="test.test_configparser.RawConfigParserTestCaseNonStandardDelimiters.test_popitem" status="run" result="completed" time="0.000454" /><testcase name="test.test_configparser.RawConfigParserTestCaseNonStandardDelimiters.test_query_errors" status="run" result="completed" time="0.000305" /><testcase name="test.test_configparser.RawConfigParserTestCaseNonStandardDelimiters.test_read_returns_file_list" status="run" result="completed" time="0.000037"><skipped>incompatible format</skipped></testcase><testcase name="test.test_configparser.RawConfigParserTestCaseNonStandardDelimiters.test_read_returns_file_list_with_bytestring_path" status="run" result="completed" time="0.000028"><skipped>incompatible format</skipped></testcase><testcase name="test.test_configparser.RawConfigParserTestCaseNonStandardDelimiters.test_set_nonstring_types" status="run" result="completed" time="0.000287" /><testcase name="test.test_configparser.RawConfigParserTestCaseNonStandardDelimiters.test_set_string_types" status="run" result="completed" time="0.000326" /><testcase name="test.test_configparser.RawConfigParserTestCaseNonStandardDelimiters.test_setitem" status="run" result="completed" time="0.000557" /><testcase name="test.test_configparser.RawConfigParserTestCaseNonStandardDelimiters.test_weird_errors" status="run" result="completed" time="0.000254" /><testcase name="test.test_configparser.RawConfigParserTestCaseNonStandardDelimiters.test_write" status="run" result="completed" time="0.000420" /><testcase name="test.test_configparser.RawConfigParserTestSambaConf.test_reading" status="run" result="completed" time="0.049445" /><testcase name="test.test_configparser.ReadFileTestCase.test_file" status="run" result="completed" time="0.054181" /><testcase name="test.test_configparser.ReadFileTestCase.test_iterable" status="run" result="completed" time="0.000318" /><testcase name="test.test_configparser.ReadFileTestCase.test_readline_generator" status="run" result="completed" time="0.000680" /><testcase name="test.test_configparser.ReadFileTestCase.test_source_as_bytes" status="run" result="completed" time="0.000997" /><testcase name="test.test_configparser.SortedTestCase.test_basic" status="run" result="completed" time="0.002872" /><testcase name="test.test_configparser.SortedTestCase.test_basic_from_dict" status="run" result="completed" time="0.002177" /><testcase name="test.test_configparser.SortedTestCase.test_boolean" status="run" result="completed" time="0.000741" /><testcase name="test.test_configparser.SortedTestCase.test_case_sensitivity" status="run" result="completed" time="0.001246" /><testcase name="test.test_configparser.SortedTestCase.test_case_sensitivity_mapping_access" status="run" result="completed" time="0.001118" /><testcase name="test.test_configparser.SortedTestCase.test_clear" status="run" result="completed" time="0.000301" /><testcase name="test.test_configparser.SortedTestCase.test_default_case_sensitivity" status="run" result="completed" time="0.000361" /><testcase name="test.test_configparser.SortedTestCase.test_defaults_keyword" status="run" result="completed" time="0.000377" /><testcase name="test.test_configparser.SortedTestCase.test_interpolation" status="run" result="completed" time="0.000555" /><testcase name="test.test_configparser.SortedTestCase.test_invalid_multiline_value" status="run" result="completed" time="0.000386" /><testcase name="test.test_configparser.SortedTestCase.test_items" status="run" result="completed" time="0.000401" /><testcase name="test.test_configparser.SortedTestCase.test_parse_errors" status="run" result="completed" time="0.001529" /><testcase name="test.test_configparser.SortedTestCase.test_popitem" status="run" result="completed" time="0.000475" /><testcase name="test.test_configparser.SortedTestCase.test_query_errors" status="run" result="completed" time="0.000310" /><testcase name="test.test_configparser.SortedTestCase.test_read_returns_file_list" status="run" result="completed" time="0.002853" /><testcase name="test.test_configparser.
[...]
test_waitfor.AsyncioWaitForTest.test_wait_for" status="run" result="completed" time="0.104338" /><testcase name="test.test_asyncio.test_waitfor.AsyncioWaitForTest.test_wait_for_blocking" status="run" result="completed" time="0.002193" /><testcase name="test.test_asyncio.test_waitfor.AsyncioWaitForTest.test_wait_for_cancel_suppressed" status="run" result="completed" time="0.103894" /><testcase name="test.test_asyncio.test_waitfor.AsyncioWaitForTest.test_wait_for_cancellation_race_condition" status="run" result="completed" time="0.013511" /><testcase name="test.test_asyncio.test_waitfor.AsyncioWaitForTest.test_wait_for_issue86296" status="run" result="completed" time="0.004603" /><testcase name="test.test_asyncio.test_waitfor.AsyncioWaitForTest.test_wait_for_race_condition" status="run" result="completed" time="0.003119" /><testcase name="test.test_asyncio.test_waitfor.AsyncioWaitForTest.test_wait_for_reraises_exception_during_cancellation" status="run" result="completed" time="0.003930" /><testcase name="test.test_asyncio.test_waitfor.AsyncioWaitForTest.test_wait_for_timeout_less_then_0_or_0" status="run" result="completed" time="0.007122" /><testcase name="test.test_asyncio.test_waitfor.AsyncioWaitForTest.test_wait_for_timeout_less_then_0_or_0_coroutine_do_not_started" status="run" result="completed" time="0.003333" /><testcase name="test.test_asyncio.test_waitfor.AsyncioWaitForTest.test_wait_for_timeout_less_then_0_or_0_future_done" status="run" result="completed" time="0.002491" /><testcase name="test.test_asyncio.test_waitfor.AsyncioWaitForTest.test_wait_for_waits_for_task_cancellation" status="run" result="completed" time="0.004520" /><testcase name="test.test_asyncio.test_waitfor.AsyncioWaitForTest.test_wait_for_waits_for_task_cancellation_w_timeout_0" status="run" result="completed" time="0.005572" /><testcase name="test.test_asyncio.test_waitfor.WaitForShieldTests.test_none_timeout" status="run" result="completed" time="0.104834" /><testcase name="test.test_asyncio.test_waitfor.WaitForShieldTests.test_shielded_timeout" status="run" result="completed" time="0.105335" /><testcase name="test.test_asyncio.test_waitfor.WaitForShieldTests.test_zero_timeout" status="run" result="completed" time="0.106384" /></testsuite><testsuite start="2025-04-03 13:58:00.855056" tests="9" errors="0" failures="0"><testcase name="test.test_filecmp.DirCompareTestCase.test_cmpfiles" status="run" result="completed" time="0.005366" /><testcase name="test.test_filecmp.DirCompareTestCase.test_default_ignores" status="run" result="completed" time="0.003640" /><testcase name="test.test_filecmp.DirCompareTestCase.test_dircmp" status="run" result="completed" time="0.005584" /><testcase name="test.test_filecmp.DirCompareTestCase.test_dircmp_subdirs_type" status="run" result="completed" time="0.003969" /><testcase name="test.test_filecmp.DirCompareTestCase.test_report_full_closure" status="run" result="completed" time="0.004240" /><testcase name="test.test_filecmp.DirCompareTestCase.test_report_partial_closure" status="run" result="completed" time="0.004146" /><testcase name="test.test_filecmp.FileCompareTestCase.test_cache_clear" status="run" result="completed" time="0.001239" /><testcase name="test.test_filecmp.FileCompareTestCase.test_different" status="run" result="completed" time="0.000992" /><testcase name="test.test_filecmp.FileCompareTestCase.test_matching" status="run" result="completed" time="0.001186" /></testsuite><testsuite start="2025-04-03 13:58:01.222942" tests="46" errors="0" failures="0"><testcase name="test.test_mmap.LargeMmapTests.test_around_2GB" status="run" result="completed" time="0.001198" /><testcase name="test.test_mmap.LargeMmapTests.test_around_4GB" status="run" result="completed" time="0.000980" /><testcase name="test.test_mmap.LargeMmapTests.test_large_filesize" status="run" result="completed" time="0.000670" /><testcase name="test.test_mmap.LargeMmapTests.test_large_offset" status="run" result="completed" time="0.000728" /><testcase name="test.test_mmap.MmapTests.test_access_parameter" status="run" result="completed" time="0.005878" /><testcase name="test.test_mmap.MmapTests.test_anonymous" status="run" result="completed" time="0.010033" /><testcase name="test.test_mmap.MmapTests.test_bad_file_desc" status="run" result="completed" time="0.000110" /><testcase name="test.test_mmap.MmapTests.test_basic" status="run" result="completed" time="0.002103" /><testcase name="test.test_mmap.MmapTests.test_concat_repeat_exception" status="run" result="completed" time="0.000152" /><testcase name="test.test_mmap.MmapTests.test_context_manager" status="run" result="completed" time="0.000085" /><testcase name="test.test_mmap.MmapTests.test_context_manager_exception" status="run" result="completed" time="0.000093" /><testcase name="test.test_mmap.MmapTests.test_crasher_on_windows" status="run" result="completed" time="0.000018"><skipped>requires Windows</skipped></testcase><testcase name="test.test_mmap.MmapTests.test_double_close" status="run" result="completed" time="0.000567" /><testcase name="test.test_mmap.MmapTests.test_empty_file" status="run" result="completed" time="0.000617" /><testcase name="test.test_mmap.MmapTests.test_entire_file" status="run" result="completed" time="0.000763" /><testcase name="test.test_mmap.MmapTests.test_error" status="run" result="completed" time="0.000093" /><testcase name="test.test_mmap.MmapTests.test_extended_getslice" status="run" result="completed" time="0.002281" /><testcase name="test.test_mmap.MmapTests.test_extended_set_del_slice" status="run" result="completed" time="0.016786" /><testcase name="test.test_mmap.MmapTests.test_find_does_not_access_beyond_buffer" status="run" result="completed" time="0.042191" /><testcase name="test.test_mmap.MmapTests.test_find_end" status="run" result="completed" time="0.007301" /><testcase name="test.test_mmap.MmapTests.test_flush_return_value" status="run" result="completed" time="0.000167" /><testcase name="test.test_mmap.MmapTests.test_invalid_descriptor" status="run" result="completed" time="0.000015"><skipped>requires Windows</skipped></testcase><testcase name="test.test_mmap.MmapTests.test_io_methods" status="run" result="completed" time="0.000685" /><testcase name="test.test_mmap.MmapTests.test_length_0_large_offset" status="run" result="completed" time="0.000667" /><testcase name="test.test_mmap.MmapTests.test_length_0_offset" status="run" result="completed" time="0.000756" /><testcase name="test.test_mmap.MmapTests.test_madvise" status="run" result="completed" time="0.000659" /><testcase name="test.test_mmap.MmapTests.test_mmap_closed_by_int_scenarios" status="run" result="completed" time="0.031372" /><testcase name="test.test_mmap.MmapTests.test_move" status="run" result="completed" time="0.006452" /><testcase name="test.test_mmap.MmapTests.test_non_ascii_byte" status="run" result="completed" time="0.000175" /><testcase name="test.test_mmap.MmapTests.test_offset" status="run" result="completed" time="0.000593" /><testcase name="test.test_mmap.MmapTests.test_prot_readonly" status="run" result="completed" time="0.000502" /><testcase name="test.test_mmap.MmapTests.test_read_all" status="run" result="completed" time="0.000181" /><testcase name="test.test_mmap.MmapTests.test_read_invalid_arg" status="run" result="completed" time="0.000139" /><testcase name="test.test_mmap.MmapTests.test_repr" status="run" result="completed" time="0.021231" /><testcase name="test.test_mmap.MmapTests.test_resize_down_when_mapped_to_pagefile" status="run" result="completed" time="0.000015"><skipped>requires Windows</skipped></testcase><testcase name="test.test_mmap.MmapTests.test_resize_fails_if_mapping_held_elsewhere" status="run" result="completed" time="0.000008"><skipped>requires Windows</skipped></testcase><testcase name="test.test_mmap.MmapTests.test_resize_past_pos" status="run" result="completed" time="0.000155"><skipped>resizing not supported</skipped></testcase><testcase name="test.test_mmap.MmapTests.test_resize_succeeds_with_error_for_second_named_mapping" status="run" result="completed" time="0.000008"><skipped>requires Windows</skipped></testcase><testcase name="test.test_mmap.MmapTests.test_resize_up_when_mapped_to_pagefile" status="run" result="completed" time="0.000008"><skipped>requires Windows</skipped></testcase><testcase name="test.test_mmap.MmapTests.test_rfind" status="run" result="completed" time="0.000506" /><testcase name="test.test_mmap.MmapTests.test_sizeof" status="run" result="completed" time="0.000010"><skipped>requires Windows</skipped></testcase><testcase name="test.test_mmap.MmapTests.test_subclass" status="run" result="completed" time="0.000188" /><testcase name="test.test_mmap.MmapTests.test_tagname" status="run" result="completed" time="0.000008"><skipped>requires Windows</skipped></testcase><testcase name="test.test_mmap.MmapTests.test_tougher_find" status="run" result="completed" time="0.040557" /><testcase name="test.test_mmap.MmapTests.test_weakref" status="run" result="completed" time="0.024243" /><testcase name="test.test_mmap.MmapTests.test_write_returning_the_number_of_bytes_written" status="run" result="completed" time="0.000154" /></testsuite><testsuite start="2025-04-03 13:58:02.156984" tests="44" errors="0" failures="0"><testcase name="test.test_int.IntStrDigitLimitsTests.test_denial_of_service_prevented_int_to_str" status="run" result="completed" time="0.108133" /><testcase name="test.test_int.IntStrDigitLimitsTests.test_denial_of_service_prevented_str_to_int" status="run" result="completed" time="0.162070" /><testcase name="test.test_int.IntStrDigitLimitsTests.test_disabled_limit" status="run" result="completed" time="0.028853" /><testcase name="test.test_int.IntStrDigitLimitsTests.test_int_from_other_bases" status="run" result="completed" time="0.000462" /><testcase name="test.test_int.IntStrDigitLimitsTests.test_int_max_str_digits_is_per_interpreter" status="run" result="completed" time="0.130451" /><testcase name="test.test_int.IntStrDigitLimitsTests.test_max_str_digits" status="run" result="completed" time="0.000359" /><testcase name="test.test_int.IntStrDigitLimitsTests.test_max_str_digits_edge_cases" status="run" result="completed" time="0.000552" /><testcase name="test.test_int.IntStrDigitLimitsTests.test_power_of_two_bases_unlimited" status="run" result="completed" time="0.002655" /><testcase name="test.test_int.IntStrDigitLimitsTests.test_sign_not_counted" status="run" result="completed" time="0.000466" /><testcase name="test.test_int.IntStrDigitLimitsTests.test_underscores_ignored" status="run" result="completed" time="0.000230" /><testcase name="test.test_int.IntSubclassStrDigitLimitsTests.test_denial_of_service_prevented_int_to_str" status="run" result="completed" time="0.166759" /><testcase name="test.test_int.IntSubclassStrDigitLimitsTests.test_denial_of_service_prevented_str_to_int" status="run" result="completed" time="0.261175" /><testcase name="test.test_int.IntSubclassStrDigitLimitsTests.test_disabled_limit" status="run" result="completed" time="0.010703" /><testcase name="test.test_int.IntSubclassStrDigitLimitsTests.test_int_from_other_bases" status="run" result="completed" time="0.000451" /><testcase name="test.test_int.IntSubclassStrDigitLimitsTests.test_int_max_str_digits_is_per_interpreter" status="run" result="completed" time="0.111198" /><testcase name="test.test_int.IntSubclassStrDigitLimitsTests.test_max_str_digits" status="run" result="completed" time="0.000367" /><testcase name="test.test_int.IntSubclassStrDigitLimitsTests.test_max_str_digits_edge_cases" status="run" result="completed" time="0.000552" /><testcase name="test.test_int.IntSubclassStrDigitLimitsTests.test_power_of_two_bases_unlimited" status="run" result="completed" time="0.002710" /><testcase name="test.test_int.IntSubclassStrDigitLimitsTests.test_sign_not_counted" status="run" result="completed" time="0.000478" /><testcase name="test.test_int.IntSubclassStrDigitLimitsTests.test_underscores_ignored" status="run" result="completed" time="0.000238" /><testcase name="test.test_int.IntTestCases.test_basic" status="run" result="completed" time="0.001181" /><testcase name="test.test_int.IntTestCases.test_error_message" status="run" result="completed" time="0.000325" /><testcase name="test.test_int.IntTestCases.test_int_base_bad_types" status="run" result="completed" time="0.000057" /><testcase name="test.test_int.IntTestCases.test_int_base_indexable" status="run" result="completed" time="0.000140" /><testcase name="test.test_int.IntTestCases.test_int_base_limits" status="run" result="completed" time="0.000148" /><testcase name="test.test_int.IntTestCases.test_int_memoryview" status="run" result="completed" time="0.000054" /><testcase name="test.test_int.IntTestCases.test_int_returns_int_subclass" status="run" result="completed" time="0.001323" /><testcase name="test.test_int.IntTestCases.test_int_subclass_with_index" status="run" result="completed" time="0.000110" /><testcase name="test.test_int.IntTestCases.test_int_subclass_with_int" status="run" result="completed" time="0.000115" /><testcase name="test.test_int.IntTestCases.test_intconversion" status="run" result="completed" time="0.003517" /><testcase name="test.test_int.IntTestCases.test_invalid_signs" status="run" result="completed" time="0.055417" /><testcase name="test.test_int.IntTestCases.test_issue31619" status="run" result="completed" time="0.000070" /><testcase name="test.test_int.IntTestCases.test_keyword_args" status="run" result="completed" time="0.000341" /><testcase name="test.test_int.IntTestCases.test_no_args" status="run" result="completed" time="0.000045" /><testcase name="test.test_int.IntTestCases.test_non_numeric_input_types" status="run" result="completed" time="0.000853" /><testcase name="test.test_int.IntTestCases.test_small_ints" status="run" result="completed" time="0.000043" /><testcase name="test.test_int.IntTestCases.test_string_float" status="run" result="completed" time="0.000058" /><testcase name="test.test_int.IntTestCases.test_underscores" status="run" result="completed" time="0.001052" /><testcase name="test.test_int.IntTestCases.test_unicode" status="run" result="completed" time="0.000050" /><testcase name="test.test_int.PyLongModuleTests.test_pylong_int_divmod" status="run" result="completed" time="0.000190" /><testcase name="test.test_int.PyLongModuleTests.test_pylong_int_to_decimal" status="run" result="completed" time="0.082477" /><testcase name="test.test_int.PyLongModuleTests.test_pylong_misbehavior_error_path_from_str" status="run" result="completed" time="0.001449" /><testcase name="test.test_int.PyLongModuleTests.test_pylong_misbehavior_error_path_to_str" status="run" result="completed" time="0.004056" /><testcase name="test.test_int.PyLongModuleTests.test_pylong_str_to_int" status="run" result="completed" time="0.058075" /></testsuite><testsuite start="2025-04-03 13:58:04.051202" tests="9" errors="0" failures="0"><testcase name="test.test_code_module.TestInteractiveConsole.test_banner" status="run" result="completed" time="0.006432" /><testcase name="test.test_code_module.TestInteractiveConsole.test_cause_tb" status="run" result="completed" time="0.007839" /><testcase name="test.test_code_module.TestInteractiveConsole.test_console_stderr" status="run" result="completed" time="0.007845" /><testcase name="test.test_code_module.TestInteractiveConsole.test_context_tb" status="run" result="completed" time="0.010645" /><testcase name="test.test_code_module.TestInteractiveConsole.test_exit_msg" status="run" result="completed" time="0.035032" /><testcase name="test.test_code_module.TestInteractiveConsole.test_ps1" status="run" result="completed" time="0.006695" /><testcase name="test.test_code_module.TestInteractiveConsole.test_ps2" status="run" result="completed" time="0.006788" /><testcase name="test.test_code_module.TestInteractiveConsole.test_syntax_error" status="run" result="completed" time="0.014455" /><testcase name="test.test_code_module.TestInteractiveConsole.test_sysexcepthook" status="run" result="completed" time="0.007690" /></testsuite><testsuite start="2025-04-03 13:58:04.787357" tests="1" errors="0" failures="0"><testcase name="test.test_xmlrpc_net.PythonBuildersTest.test_python_builders" status="run" result="completed" time="0.000022"><skipped>XXX: buildbot.python.org/all/xmlrpc/ is gone</skipped></testcase></testsuite><testsuite start="2025-04-03 13:58:05.204678" tests="7" errors="0" failures="0"><testcase name="test.test_pow.PowTest.test_big_exp" status="run" result="completed" time="3.065496" /><testcase name="test.test_pow.PowTest.test_bug643260" status="run" result="completed" time="0.000120" /><testcase name="test.test_pow.PowTest.test_bug705231" status="run" result="completed" time="0.000527" /><testcase name="test.test_pow.PowTest.test_negative_exponent" status="run" result="completed" time="0.990014" /><testcase name="test.test_pow.PowTest.test_other" status="run" result="completed" time="0.008478" /><testcase name="test.test_pow.PowTest.test_powfloat" status="run" result="completed" time="0.166917" /><testcase name="test.test_pow.PowTest.test_powint" status="run" result="completed" time="0.103575" /></testsuite><testsuite start="2025-04-04 01:42:39.187463" tests="1" errors="0" failures="1"><testcase name="test.test_kqueue.TestKQueue.test_queue_event" status="run" result="completed" time="0.003396"><system-out /><system-err /><failure type="AssertionError" message="AssertionError: Items in the first set but not the second:&#10;(&lt;native pointer:0x4&gt;, -2)&#10;(&lt;native pointer:0x5&gt;, -2)&#10;Items in the second set but not the first:&#10;(4, -2)&#10;(5, -2)&#10;">Traceback (most recent call last):
  File "/home/qianhuiwang/cpython/Lib/unittest/case.py", line 58, in testPartExecutor
    yield
  File "/home/qianhuiwang/cpython/Lib/unittest/case.py", line 634, in run
    self._callTestMethod(testMethod)
  File "/home/qianhuiwang/cpython/Lib/unittest/case.py", line 589, in _callTestMethod
    if method() is not None:
       ^^^^^^^^
  File "/home/qianhuiwang/cpython/Lib/test/test_kqueue.py", line 148, in test_queue_event
    self.assertEqual(events, set([
  File "/home/qianhuiwang/cpython/Lib/unittest/case.py", line 885, in assertEqual
    assertion_func(first, second, msg=msg)
  File "/home/qianhuiwang/cpython/Lib/unittest/case.py", line 1145, in assertSetEqual
    self.fail(self._formatMessage(msg, standardMsg))
  File "/home/qianhuiwang/cpython/Lib/unittest/case.py", line 715, in fail
    raise self.failureException(msg)
AssertionError: Items in the first set but not the second:
(&lt;native pointer:0x4&gt;, -2)
(&lt;native pointer:0x5&gt;, -2)
Items in the second set but not the first:
(4, -2)
(5, -2)
</failure></testcase></testsuite><testsuite start="2025-04-04 01:42:39.212226" tests="1" errors="0" failures="1"><testcase name="test.test_posix.PosixTester.test_makedev" status="run" result="completed" time="0.004208"><system-out /><system-err /><failure type="AssertionError" message="AssertionError: -4415450825918239760 not greater than or equal to 0&#10;">Traceback (most recent call last):
  File "/home/qianhuiwang/cpython/Lib/unittest/case.py", line 58, in testPartExecutor
    yield
  File "/home/qianhuiwang/cpython/Lib/unittest/case.py", line 634, in run
    self._callTestMethod(testMethod)
  File "/home/qianhuiwang/cpython/Lib/unittest/case.py", line 589, in _callTestMethod
    if method() is not None:
       ^^^^^^^^
  File "/home/qianhuiwang/cpython/Lib/test/test_posix.py", line 698, in test_makedev
    self.assertGreaterEqual(dev, 0)
  File "/home/qianhuiwang/cpython/Lib/unittest/case.py", line 1275, in assertGreaterEqual
    self.fail(self._formatMessage(msg, standardMsg))
  File "/home/qianhuiwang/cpython/Lib/unittest/case.py", line 715, in fail
    raise self.failureException(msg)
AssertionError: -4415450825918239760 not greater than or equal to 0
</failure></testcase></testsuite></testsuites>