<?xml version="1.0" encoding="UTF-8"?>
<testsuite name="unittest.loader._FailedTest-20250227120840" tests="1" file="unittest/loader.py" time="0.006" timestamp="2025-02-27T12:08:40" failures="0" errors="1" skipped="0">
	<testcase classname="unittest.loader._FailedTest" name="test_buffer" time="0.006" timestamp="2025-02-27T12:08:40" file="/usr/local64/lib/python3.9/unittest/loader.py" line="33">
		<error type="ImportError" message="Failed to import test module: test_buffer
Traceback (most recent call last):
  File &quot;/usr/local64/lib/python3.9/unittest/loader.py&quot;, line 154, in loadTestsFromName
    module = __import__(module_name)
  File &quot;/home/qianhuiwang/cpython/Lib/test/test_buffer.py&quot;, line 19, in &lt;module&gt;
    from test.support import os_helper
ImportError: cannot import name 'os_helper' from 'test.support' (/usr/local64/lib/python3.9/test/support/__init__.py)
"><![CDATA[ImportError: Failed to import test module: test_buffer
Traceback (most recent call last):
  File "/usr/local64/lib/python3.9/unittest/loader.py", line 154, in loadTestsFromName
    module = __import__(module_name)
  File "/home/qianhuiwang/cpython/Lib/test/test_buffer.py", line 19, in <module>
    from test.support import os_helper
ImportError: cannot import name 'os_helper' from 'test.support' (/usr/local64/lib/python3.9/test/support/__init__.py)

]]></error>
	</testcase>
</testsuite>
