<testsuites tests="0" errors="0" failures="0"><testsuite start="2025-04-15 13:18:26.207214" tests="0" errors="0" failures="0" /><testsuite start="2025-04-15 13:18:26.289137" tests="0" errors="0" failures="0" /><testsuite start="2025-04-15 13:18:26.705959" tests="0" errors="0" failures="0" /><testsuite start="2025-04-15 13:18:26.625593" tests="0" errors="0" failures="0" /><testsuite start="2025-04-15 13:18:26.786733" tests="0" errors="0" failures="0" /><testsuite start="2025-04-15 13:18:26.652676" tests="0" errors="0" failures="0" /><testsuite start="2025-04-15 13:18:26.829367" tests="0" errors="0" failures="0" /><testsuite start="2025-04-15 13:18:27.218413" tests="0" errors="0" failures="0" /><testsuite start="2025-04-15 13:18:27.376858" tests="0" errors="0" failures="0" /><testsuite start="2025-04-15 13:18:27.353834" tests="0" errors="0" failures="0" /><testsuite start="2025-04-15 13:18:27.741409" tests="0" errors="0" failures="0" /><testsuite start="2025-04-15 13:18:27.646590" tests="0" errors="0" failures="0" /><testsuite start="2025-04-15 13:18:27.905090" tests="0" errors="0" failures="0" /><testsuite start="2025-04-15 13:18:28.230214" tests="0" errors="0" failures="0" /><testsuite start="2025-04-15 13:18:28.293827" tests="0" errors="0" failures="0" /><testsuite start="2025-04-15 13:18:28.499330" tests="0" errors="0" failures="0" /><testsuite start="2025-04-15 13:18:28.727159" tests="0" errors="0" failures="0" /><testsuite start="2025-04-15 13:18:28.852728" tests="0" errors="0" failures="0" /><testsuite start="2025-04-15 13:18:28.856806" tests="0" errors="0" failures="0" /><testsuite start="2025-04-15 13:18:28.985774" tests="0" errors="0" failures="0" /><testsuite start="2025-04-15 13:18:29.057657" tests="0" errors="0" failures="0" /><testsuite start="2025-04-15 13:18:29.596501" tests="0" errors="0" failures="0" /><testsuite start="2025-04-15 13:18:29.319601" tests="0" errors="0" failures="0" /><testsuite start="2025-04-15 13:18:29.791155" tests="0" errors="0" failures="0" /><testsuite start="2025-04-15 13:18:29.946991" tests="0" errors="0" failures="0" /><testsuite start="2025-04-15 13:18:29.889348" tests="0" errors="0" failures="0" /><testsuite start="2025-04-15 13:18:30.144267" tests="0" errors="0" failures="0" /><testsuite start="2025-04-15 13:18:30.514330" tests="0" errors="0" failures="0" /><testsuite start="2025-04-15 13:18:30.396909" tests="0" errors="0" failures="0" /><testsuite start="2025-04-15 13:18:30.854578" tests="0" errors="0" failures="0" /><testsuite start="2025-04-15 13:18:30.932553" tests="0" errors="0" failures="0" /><testsuite start="2025-04-15 13:18:31.056834" tests="0" errors="0" failures="0" /><testsuite start="2025-04-15 13:18:31.298250" tests="0" errors="0" failures="0" /><testsuite start="2025-04-15 13:18:30.894910" tests="0" errors="0" failures="0" /><testsuite start="2025-04-15 13:18:31.496537" tests="0" errors="0" failures="0" /><testsuite start="2025-04-15 13:18:31.369730" tests="0" errors="0" failures="0" /><testsuite start="2025-04-15 13:18:31.718511" tests="0" errors="0" failures="0" /><testsuite start="2025-04-15 13:18:31.417974" tests="0" errors="0" failures="0" /><testsuite start="2025-04-15 13:18:32.008871" tests="0" errors="0" failures="0" /><testsuite start="2025-04-15 13:18:32.445928" tests="0" errors="0" failures="0" /><testsuite start="2025-04-15 13:18:32.381218" tests="0" errors="0" failures="0" /><testsuite start="2025-04-15 13:18:32.429843" tests="0" errors="0" failures="0" /><testsuite start="2025-04-15 13:18:32.413674" tests="0" errors="0" failures="0" /><testsuite start="2025-04-15 13:18:32.372381" tests="0" errors="0" failures="0" /><testsuite start="2025-04-15 13:18:32.770176" tests="0" errors="0" failures="0" /><testsuite start="2025-04-15 13:18:33.038950" tests="0" errors="0" failures="0" /><testsuite start="2025-04-15 13:18:33.295068" tests="0" errors="0" failures="0" /><testsuite start="2025-04-15 13:18:33.115139" tests="0" errors="0" failures="0" /><testsuite start="2025-04-15 13:18:33.410733" tests="0" errors="0" failures="0" /><testsuite start="2025-04-15 13:18:33.405600" tests="0" errors="0" failures="0" /><testsuite start="2025-04-15 13:18:33.906826" tests="0" errors="0" failures="0" /><testsuite start="2025-04-15 13:18:33.887370" tests="0" errors="0" failures="0" /><testsuite start="2025-04-15 13:18:34.193040" tests="0" errors="0" failures="0" /><testsuite start="2025-04-15 13:18:34.152351" tests="0" errors="0" failures="0" /><testsuite start="2025-04-15 13:18:34.642446" tests="0" errors="0" failures="0" /><testsuite start="2025-04-15 13:18:34.268713" tests="0" errors="0" failures="0" /><testsuite start="2025-04-15 13:18:34.752678" tests="0" errors="0" failures="0" /><testsuite start="2025-04-15 13:18:35.203450" tests="0" errors="0" failures="0" /><testsuite start="2025-04-15 13:18:34.974436" tests="0" errors="0" failures="0" /><testsuite start="2025-04-15 13:18:35.412630" tests="0" errors="0" failures="0" /><testsuite start="2025-04-15 13:18:35.966286" tests="0" errors="0" failures="0" /><testsuite start="2025-04-15 13:18:35.617286" tests="0" errors="0" failures="0" /><testsuite start="2025-04-15 13:18:35.649180" tests="0" errors="0" failures="0" /><testsuite start="2025-04-15 13:18:35.839393" tests="0" errors="0" failures="0" /><testsuite start="2025-04-15 13:18:35.971840" tests="0" errors="0" failures="0" /><testsuite start="2025-04-15 13:18:36.429146" tests="0" errors="0" failures="0" /><testsuite start="2025-04-15 13:18:36.402406" tests="0" errors="0" failures="0" /><testsuite start="2025-04-15 13:18:36.975877" tests="0" errors="0" failures="0" /><testsuite start="2025-04-15 13:18:37.335690" tests="0" errors="0" failures="0" /><testsuite start="2025-04-15 13:18:36.130416" tests="0" errors="0" failures="0" /><testsuite start="2025-04-15 13:18:36.853549" tests="0" errors="0" failures="0" /><testsuite start="2025-04-15 13:18:36.590274" tests="0" errors="0" failures="0" /><testsuite start="2025-04-15 13:18:37.402785" tests="0" errors="0" failures="0" /><testsuite start="2025-04-15 13:18:37.893573" tests="0" errors="0" failures="0" /><testsuite start="2025-04-15 13:18:38.017532" tests="0" errors="0" failures="0" /><testsuite start="2025-04-15 13:18:38.285368" tests="0" errors="0" failures="0" /><testsuite start="2025-04-15 13:18:37.834035" tests="0" errors="0" failures="0" /><testsuite start="2025-04-15 13:18:38.426977" tests="0" errors="0" failures="0" /><testsuite start="2025-04-15 13:18:38.670168" tests="0" errors="0" failures="0" /><testsuite start="2025-04-15 13:18:38.649375" tests="0" errors="0" failures="0" /><testsuite start="2025-04-15 13:18:38.097473" tests="0" errors="0" failures="0" /><testsuite start="2025-04-15 13:18:39.259836" tests="0" errors="0" failures="0" /><testsuite start="2025-04-15 13:18:39.283023" tests="0" errors="0" failures="0" /><testsuite start="2025-04-15 13:18:39.338615" tests="0" errors="0" failures="0" /><testsuite start="2025-04-15 13:18:38.772641" tests="0" errors="0" failures="0" /><testsuite start="2025-04-15 13:18:39.745115" tests="0" errors="0" failures="0" /><testsuite start="2025-04-15 13:18:39.909557" tests="0" errors="0" failures="0" /><testsuite start="2025-04-15 13:18:40.115076" tests="0" errors="0" failures="0" /><testsuite start="2025-04-15 13:18:40.269813" tests="0" errors="0" failures="0" /><testsuite start="2025-04-15 13:18:39.797286" tests="0" errors="0" failures="0" /><testsuite start="2025-04-15 13:18:40.545490" tests="0" errors="0" failures="0" /><testsuite start="2025-04-15 13:18:40.073322" tests="0" errors="0" failures="0" /><testsuite start="2025-04-15 13:18:39.443909" tests="0" errors="0" failures="0" /><testsuite start="2025-04-15 13:18:40.892594" tests="0" errors="0" failures="0" /><testsuite start="2025-04-15 13:18:41.239738" tests="0" errors="0" failures="0" /><testsuite start="2025-04-15 13:18:41.231840" tests="0" errors="0" failures="0" /><testsuite start="2025-04-15 13:18:41.213703" tests="0" errors="0" failures="0" /><testsuite start="2025-04-15 13:18:41.328674" tests="0" errors="0" failures="0" /><testsuite start="2025-04-15 13:18:41.715482" tests="0" errors="0" failures="0" /><testsuite start="2025-04-15 13:18:41.770271" tests="0" errors="0" failures="0" /><testsuite start="2025-04-15 13:18:41.859381" tests="0" errors="0" failures="0" /><testsuite start="2025-04-15 13:18:42.108295" tests="0" errors="0" failures="0" /><testsuite start="2025-04-15 13:18:42.160704" tests="0" errors="0" failures="0" /><testsuite start="2025-04-15 13:18:42.195770" tests="0" errors="0" failures="0" /><testsuite start="2025-04-15 13:18:41.911096" tests="0" errors="0" failures="0" /><testsuite start="2025-04-15 13:18:42.600622" tests="0" errors="0" failures="0" /><testsuite start="2025-04-15 13:18:42.930791" tests="0" errors="0" failures="0" /><testsuite start="2025-04-15 13:18:42.905792" tests="0" errors="0" failures="0" /><testsuite start="2025-04-15 13:18:43.328182" tests="0" errors="0" failures="0" /><testsuite start="2025-04-15 13:18:43.048057" tests="0" errors="0" failures="0" /><testsuite start="2025-04-15 13:18:43.783661" tests="0" errors="0" failures="0" /><testsuite start="2025-04-15 13:18:43.762156" tests="0" errors="0" failures="0" /><testsuite start="2025-04-15 13:18:41.481046" tests="0" errors="0" failures="0" /><testsuite start="2025-04-15 13:18:43.868556" tests="0" errors="0" failures="0" /><testsuite start="2025-04-15 13:18:43.058534" tests="0" errors="0" failures="0" /><testsuite start="2025-04-15 13:18:44.360191" tests="0" errors="0" failures="0" /><testsuite start="2025-04-15 13:18:44.413595" tests="0" errors="0" failures="0" /><testsuite start="2025-04-15 13:18:44.664160" tests="0" errors="0" failures="0" /><testsuite start="2025-04-15 13:18:44.354454" tests="0" errors="0" failures="0" /><testsuite start="2025-04-15 13:18:45.007536" tests="0" errors="0" failures="0" /><testsuite start="2025-04-15 13:18:45.106117" tests="0" errors="0" failures="0" /><testsuite start="2025-04-15 13:18:45.071314" tests="0" errors="0" failures="0" /><testsuite start="2025-04-15 13:18:45.640039" tests="0" errors="0" failures="0" /><testsuite start="2025-04-15 13:18:45.562583" tests="0" errors="0" failures="0" /><testsuite start="2025-04-15 13:18:45.164781" tests="0" errors="0" failures="0" /><testsuite start="2025-04-15 13:18:46.172860" tests="0" errors="0" failures="0" /><testsuite start="2025-04-15 13:18:46.224562" tests="0" errors="0" failures="0" /><testsuite start="2025-04-15 13:18:46.134864" tests="0" errors="0" failures="0" /><testsuite start="2025-04-15 13:18:46.668321" tests="0" errors="0" failures="0" /><testsuite start="2025-04-15 13:18:46.971465" tests="0" errors="0" failures="0" /><testsuite start="2025-04-15 13:18:47.064381" tests="0" errors="0" failures="0" /><testsuite start="2025-04-15 13:18:46.477216" tests="0" errors="0" failures="0" /><testsuite start="2025-04-15 13:18:47.452262" tests="0" errors="0" failures="0" /><testsuite start="2025-04-15 13:18:46.422524" tests="0" errors="0" failures="0" /><testsuite start="2025-04-15 13:18:46.791718" tests="0" errors="0" failures="0" /><testsuite start="2025-04-15 13:18:47.820623" tests="0" errors="0" failures="0" /><testsuite start="2025-04-15 13:18:47.823076" tests="0" errors="0" failures="0" /><testsuite start="2025-04-15 13:18:47.979682" tests="0" errors="0" failures="0" /><testsuite start="2025-04-15 13:18:48.263508" tests="0" errors="0" failures="0" /><testsuite start="2025-04-15 13:18:47.596706" tests="0" errors="0" failures="0" /><testsuite start="2025-04-15 13:18:48.639648" tests="0" errors="0" failures="0" /><testsuite start="2025-04-15 13:18:47.929647" tests="0" errors="0" failures="0" /><testsuite start="2025-04-15 13:18:48.700881" tests="0" errors="0" failures="0" /><testsuite start="2025-04-15 13:18:48.420244" tests="0" errors="0" failures="0" /><testsuite start="2025-04-15 13:18:49.272804" tests="0" errors="0" failures="0" /><testsuite start="2025-04-15 13:18:49.288175" tests="0" errors="0" failures="0" /><testsuite start="2025-04-15 13:18:49.290289" tests="0" errors="0" failures="0" /><testsuite start="2025-04-15 13:18:49.709418" tests="0" errors="0" failures="0" /><testsuite start="2025-04-15 13:18:49.645878" tests="0" errors="0" failures="0" /><testsuite start="2025-04-15 13:18:49.352788" tests="0" errors="0" failures="0" /><testsuite start="2025-04-15 13:18:50.109541" tests="0" errors="0" failures="0" /><testsuite start="2025-04-15 13:18:50.074207" tests="0" errors="0" failures="0" /><testsuite start="2025-04-15 13:18:50.225858" tests="0" errors="0" failures="0" /><testsuite start="2025-04-15 13:18:50.487616" tests="0" errors="0" failures="0" /><testsuite start="2025-04-15 13:18:50.202004" tests="0" errors="0" failures="0" /><testsuite start="2025-04-15 13:18:50.816884" tests="0" errors="0" failures="0" /><testsuite start="2025-04-15 13:18:49.829019" tests="0" errors="0" failures="0" /><testsuite start="2025-04-15 13:18:50.670521" tests="0" errors="0" failures="0" /><testsuite start="2025-04-15 13:18:51.265104" tests="0" errors="0" failures="0" /><testsuite start="2025-04-15 13:18:51.368799" tests="0" errors="0" failures="0" /><testsuite start="2025-04-15 13:18:51.950478" tests="0" errors="0" failures="0" /><testsuite start="2025-04-15 13:18:51.564710" tests="0" errors="0" failures="0" /><testsuite start="2025-04-15 13:18:52.268235" tests="0" errors="0" failures="0" /><testsuite start="2025-04-15 13:18:52.402173" tests="0" errors="0" failures="0" /><testsuite start="2025-04-15 13:18:52.538081" tests="0" errors="0" failures="0" /><testsuite start="2025-04-15 13:18:52.834872" tests="0" errors="0" failures="0" /><testsuite start="2025-04-15 13:18:52.060897" tests="0" errors="0" failures="0" /><testsuite start="2025-04-15 13:18:52.964648" tests="0" errors="0" failures="0" /><testsuite start="2025-04-15 13:18:53.308476" tests="0" errors="0" failures="0" /><testsuite start="2025-04-15 13:18:53.007508" tests="0" errors="0" failures="0" /><testsuite start="2025-04-15 13:18:52.634696" tests="0" errors="0" failures="0" /><testsuite start="2025-04-15 13:18:53.724799" tests="0" errors="0" failures="0" /><testsuite start="2025-04-15 13:18:54.065396" tests="0" errors="0" failures="0" /><testsuite start="2025-04-15 13:18:53.935851" tests="0" errors="0" failures="0" /><testsuite start="2025-04-15 13:18:54.070197" tests="0" errors="0" failures="0" /><testsuite start="2025-04-15 13:18:54.298049" tests="0" errors="0" failures="0" /><testsuite start="2025-04-15 13:18:53.577279" tests="0" errors="0" failures="0" /><testsuite start="2025-04-15 13:18:54.627378" tests="0" errors="0" failures="0" /><testsuite start="2025-04-15 13:18:54.804514" tests="0" errors="0" failures="0" /><testsuite start="2025-04-15 13:18:54.933194" tests="0" errors="0" failures="0" /><testsuite start="2025-04-15 13:18:54.992462" tests="0" errors="0" failures="0" /><testsuite start="2025-04-15 13:18:55.396281" tests="0" errors="0" failures="0" /><testsuite start="2025-04-15 13:18:55.351332" tests="0" errors="0" failures="0" /><testsuite start="2025-04-15 13:18:54.978192" tests="0" errors="0" failures="0" /><testsuite start="2025-04-15 13:18:55.750524" tests="0" errors="0" failures="0" /><testsuite start="2025-04-15 13:18:55.801508" tests="0" errors="0" failures="0" /><testsuite start="2025-04-15 13:18:55.904279" tests="0" errors="0" failures="0" /><testsuite start="2025-04-15 13:18:56.121391" tests="0" errors="0" failures="0" /><testsuite start="2025-04-15 13:18:55.504497" tests="0" errors="0" failures="0" /><testsuite start="2025-04-15 13:18:55.179457" tests="0" errors="0" failures="0" /><testsuite start="2025-04-15 13:18:56.167716" tests="0" errors="0" failures="0" /><testsuite start="2025-04-15 13:18:56.871178" tests="0" errors="0" failures="0" /><testsuite start="2025-04-15 13:18:56.510223" tests="0" errors="0" failures="0" /><testsuite start="2025-04-15 13:18:57.189985" tests="0" errors="0" failures="0" /><testsuite start="2025-04-15 13:18:56.929982" tests="0" errors="0" failures="0" /><testsuite start="2025-04-15 13:18:57.014425" tests="0" errors="0" failures="0" /><testsuite start="2025-04-15 13:18:57.760509" tests="0" errors="0" failures="0" /><testsuite start="2025-04-15 13:18:57.443413" tests="0" errors="0" failures="0" /><testsuite start="2025-04-15 13:18:57.753797" tests="0" errors="0" failures="0" /><testsuite start="2025-04-15 13:18:57.813717" tests="0" errors="0" failures="0" /><testsuite start="2025-04-15 13:18:58.155628" tests="0" errors="0" failures="0" /><testsuite start="2025-04-15 13:18:58.397593" tests="0" errors="0" failures="0" /><testsuite start="2025-04-15 13:18:57.899105" tests="0" errors="0" failures="0" /><testsuite start="2025-04-15 13:18:58.560303" tests="0" errors="0" failures="0" /><testsuite start="2025-04-15 13:18:58.833434" tests="0" errors="0" failures="0" /><testsuite start="2025-04-15 13:18:59.210887" tests="0" errors="0" failures="0" /><testsuite start="2025-04-15 13:18:59.077353" tests="0" errors="0" failures="0" /><testsuite start="2025-04-15 13:18:59.565114" tests="0" errors="0" failures="0" /><testsuite start="2025-04-15 13:18:59.384749" tests="0" errors="0" failures="0" /><testsuite start="2025-04-15 13:18:59.931108" tests="0" errors="0" failures="0" /><testsuite start="2025-04-15 13:18:59.639193" tests="0" errors="0" failures="0" /><testsuite start="2025-04-15 13:18:59.943462" tests="0" errors="0" failures="0" /><testsuite start="2025-04-15 13:19:00.391236" tests="0" errors="0" failures="0" /><testsuite start="2025-04-15 13:19:00.286779" tests="0" errors="0" failures="0" /><testsuite start="2025-04-15 13:19:00.608703" tests="0" errors="0" failures="0" /><testsuite start="2025-04-15 13:19:00.769870" tests="0" errors="0" failures="0" /><testsuite start="2025-04-15 13:19:00.061633" tests="0" errors="0" failures="0" /><testsuite start="2025-04-15 13:19:00.917682" tests="0" errors="0" failures="0" /><testsuite start="2025-04-15 13:19:01.248974" tests="0" errors="0" failures="0" /><testsuite start="2025-04-15 13:19:01.246969" tests="0" errors="0" failures="0" /><testsuite start="2025-04-15 13:19:01.485126" tests="0" errors="0" failures="0" /><testsuite start="2025-04-15 13:19:01.238129" tests="0" errors="0" failures="0" /><testsuite start="2025-04-15 13:19:01.827120" tests="0" errors="0" failures="0" /><testsuite start="2025-04-15 13:19:01.916289" tests="0" errors="0" failures="0" /><testsuite start="2025-04-15 13:19:01.902805" tests="0" errors="0" failures="0" /><testsuite start="2025-04-15 13:19:02.312708" tests="0" errors="0" failures="0" /><testsuite start="2025-04-15 13:19:02.548527" tests="0" errors="0" failures="0" /><testsuite start="2025-04-15 13:19:02.477428" tests="0" errors="0" failures="0" /><testsuite start="2025-04-15 13:19:03.032137" tests="0" errors="0" failures="0" /><testsuite start="2025-04-15 13:19:01.774577" tests="0" errors="0" failures="0" /><testsuite start="2025-04-15 13:19:03.567714" tests="0" errors="0" failures="0" /><testsuite start="2025-04-15 13:19:02.332750" tests="0" errors="0" failures="0" /><testsuite start="2025-04-15 13:19:03.482572" tests="0" errors="0" failures="0" /><testsuite start="2025-04-15 13:19:03.296697" tests="0" errors="0" failures="0" /><testsuite start="2025-04-15 13:19:03.998344" tests="0" errors="0" failures="0" /><testsuite start="2025-04-15 13:19:04.112999" tests="0" errors="0" failures="0" /><testsuite start="2025-04-15 13:19:04.206772" tests="0" errors="0" failures="0" /><testsuite start="2025-04-15 13:19:04.232524" tests="0" errors="0" failures="0" /><testsuite start="2025-04-15 13:19:04.676083" tests="0" errors="0" failures="0" /><testsuite start="2025-04-15 13:19:04.926426" tests="0" errors="0" failures="0" /><testsuite start="2025-04-15 13:19:04.585272" tests="0" errors="0" failures="0" /><testsuite start="2025-04-15 13:19:04.949529" tests="0" errors="0" failures="0" /><testsuite start="2025-04-15 13:19:03.742945" tests="0" errors="0" failures="0" /><testsuite start="2025-04-15 13:19:05.715337" tests="0" errors="0" failures="0" /><testsuite start="2025-04-15 13:19:05.794160" tests="0" errors="0" failures="0" /><testsuite start="2025-04-15 13:19:05.867909" tests="0" errors="0" failures="0" /><testsuite start="2025-04-15 13:19:05.224609" tests="0" errors="0" failures="0" /><testsuite start="2025-04-15 13:19:05.747689" tests="0" errors="0" failures="0" /><testsuite start="2025-04-15 13:19:06.250503" tests="0" errors="0" failures="0" /><testsuite start="2025-04-15 13:19:06.643450" tests="0" errors="0" failures="0" /><testsuite start="2025-04-15 13:19:06.578382" tests="0" errors="0" failures="0" /><testsuite start="2025-04-15 13:19:06.133235" tests="0" errors="0" failures="0" /><testsuite start="2025-04-15 13:19:06.839851" tests="0" errors="0" failures="0" /><testsuite start="2025-04-15 13:19:07.112441" tests="0" errors="0" failures="0" /><testsuite start="2025-04-15 13:19:07.077118" tests="0" errors="0" failures="0" /><testsuite start="2025-04-15 13:19:06.875129" tests="0" errors="0" failures="0" /><testsuite start="2025-04-15 13:19:07.487462" tests="0" errors="0" failures="0" /><testsuite start="2025-04-15 13:19:07.646591" tests="0" errors="0" failures="0" /><testsuite start="2025-04-15 13:19:07.327961" tests="0" errors="0" failures="0" /><testsuite start="2025-04-15 13:19:07.461618" tests="0" errors="0" failures="0" /><testsuite start="2025-04-15 13:19:08.134655" tests="0" errors="0" failures="0" /><testsuite start="2025-04-15 13:19:08.021290" tests="0" errors="0" failures="0" /><testsuite start="2025-04-15 13:19:08.215933" tests="0" errors="0" failures="0" /><testsuite start="2025-04-15 13:19:08.602619" tests="0" errors="0" failures="0" /><testsuite start="2025-04-15 13:19:08.876511" tests="0" errors="0" failures="0" /><testsuite start="2025-04-15 13:19:08.530160" tests="0" errors="0" failures="0" /><testsuite start="2025-04-15 13:19:09.180452" tests="0" errors="0" failures="0" /><testsuite start="2025-04-15 13:19:09.236728" tests="0" errors="0" failures="0" /><testsuite start="2025-04-15 13:19:09.302447" tests="0" errors="0" failures="0" /><testsuite start="2025-04-15 13:19:09.642979" tests="0" errors="0" failures="0" /><testsuite start="2025-04-15 13:19:09.941641" tests="0" errors="0" failures="0" /><testsuite start="2025-04-15 13:19:10.018244" tests="0" errors="0" failures="0" /><testsuite start="2025-04-15 13:19:08.387055" tests="0" errors="0" failures="0" /><testsuite start="2025-04-15 13:19:09.283428" tests="0" errors="0" failures="0" /><testsuite start="2025-04-15 13:19:10.490559" tests="0" errors="0" failures="0" /><testsuite start="2025-04-15 13:19:10.579306" tests="0" errors="0" failures="0" /><testsuite start="2025-04-15 13:19:10.437145" tests="0" errors="0" failures="0" /><testsuite start="2025-04-15 13:19:11.109028" tests="0" errors="0" failures="0" /><testsuite start="2025-04-15 13:19:09.708005" tests="0" errors="0" failures="0" /><testsuite start="2025-04-15 13:19:11.129532" tests="0" errors="0" failures="0" /><testsuite start="2025-04-15 13:19:11.308416" tests="0" errors="0" failures="0" /><testsuite start="2025-04-15 13:19:11.611481" tests="0" errors="0" failures="0" /><testsuite start="2025-04-15 13:19:11.481723" tests="0" errors="0" failures="0" /><testsuite start="2025-04-15 13:19:12.042373" tests="0" errors="0" failures="0" /><testsuite start="2025-04-15 13:19:12.157920" tests="0" errors="0" failures="0" /><testsuite start="2025-04-15 13:19:12.246903" tests="0" errors="0" failures="0" /><testsuite start="2025-04-15 13:19:12.411201" tests="0" errors="0" failures="0" /><testsuite start="2025-04-15 13:19:11.721288" tests="0" errors="0" failures="0" /><testsuite start="2025-04-15 13:19:12.809267" tests="0" errors="0" failures="0" /><testsuite start="2025-04-15 13:19:12.434788" tests="0" errors="0" failures="0" /><testsuite start="2025-04-15 13:19:13.192437" tests="0" errors="0" failures="0" /><testsuite start="2025-04-15 13:19:13.092508" tests="0" errors="0" failures="0" /><testsuite start="2025-04-15 13:19:12.920728" tests="0" errors="0" failures="0" /><testsuite start="2025-04-15 13:19:13.493317" tests="0" errors="0" failures="0" /><testsuite start="2025-04-15 13:19:13.892117" tests="0" errors="0" failures="0" /><testsuite start="2025-04-15 13:19:13.765039" tests="0" errors="0" failures="0" /><testsuite start="2025-04-15 13:19:14.004404" tests="0" errors="0" failures="0" /><testsuite start="2025-04-15 13:19:14.146312" tests="0" errors="0" failures="0" /><testsuite start="2025-04-15 13:19:14.269769" tests="0" errors="0" failures="0" /><testsuite start="2025-04-15 13:19:14.475236" tests="0" errors="0" failures="0" /><testsuite start="2025-04-15 13:19:14.820293" tests="0" errors="0" failures="0" /><testsuite start="2025-04-15 13:19:14.802050" tests="0" errors="0" failures="0" /><testsuite start="2025-04-15 13:19:14.253932" tests="0" errors="0" failures="0" /><testsuite start="2025-04-15 13:19:15.165924" tests="0" errors="0" failures="0" /><testsuite start="2025-04-15 13:19:15.444982" tests="0" errors="0" failures="0" /><testsuite start="2025-04-15 13:19:14.517101" tests="0" errors="0" failures="0" /><testsuite start="2025-04-15 13:19:15.619459" tests="0" errors="0" failures="0" /><testsuite start="2025-04-15 13:19:15.522297" tests="0" errors="0" failures="0" /><testsuite start="2025-04-15 13:19:16.119826" tests="0" errors="0" failures="0" /><testsuite start="2025-04-15 13:19:15.197858" tests="0" errors="0" failures="0" /><testsuite start="2025-04-15 13:19:16.385150" tests="0" errors="0" failures="0" /><testsuite start="2025-04-15 13:19:16.647267" tests="0" errors="0" failures="0" /><testsuite start="2025-04-15 13:19:16.790456" tests="0" errors="0" failures="0" /><testsuite start="2025-04-15 13:19:16.210132" tests="0" errors="0" failures="0" /><testsuite start="2025-04-15 13:19:17.086613" tests="0" errors="0" failures="0" /><testsuite start="2025-04-15 13:19:17.462710" tests="0" errors="0" failures="0" /><testsuite start="2025-04-15 13:19:16.922522" tests="0" errors="0" failures="0" /><testsuite start="2025-04-15 13:19:16.973073" tests="0" errors="0" failures="0" /><testsuite start="2025-04-15 13:19:17.586295" tests="0" errors="0" failures="0" /><testsuite start="2025-04-15 13:19:17.228043" tests="0" errors="0" failures="0" /><testsuite start="2025-04-15 13:19:18.137116" tests="0" errors="0" failures="0" /><testsuite start="2025-04-15 13:19:18.055016" tests="0" errors="0" failures="0" /><testsuite start="2025-04-15 13:19:18.546359" tests="0" errors="0" failures="0" /><testsuite start="2025-04-15 13:19:18.299046" tests="0" errors="0" failures="0" /><testsuite start="2025-04-15 13:19:18.754345" tests="0" errors="0" failures="0" /><testsuite start="2025-04-15 13:19:18.176710" tests="0" errors="0" failures="0" /><testsuite start="2025-04-15 13:19:19.026457" tests="0" errors="0" failures="0" /><testsuite start="2025-04-15 13:19:19.169466" tests="0" errors="0" failures="0" /><testsuite start="2025-04-15 13:19:19.194128" tests="0" errors="0" failures="0" /><testsuite start="2025-04-15 13:19:19.230854" tests="0" errors="0" failures="0" /><testsuite start="2025-04-15 13:19:19.592319" tests="0" errors="0" failures="0" /><testsuite start="2025-04-15 13:19:19.822191" tests="0" errors="0" failures="0" /><testsuite start="2025-04-15 13:19:18.840578" tests="0" errors="0" failures="0" /><testsuite start="2025-04-15 13:19:19.902775" tests="0" errors="0" failures="0" /><testsuite start="2025-04-15 13:19:19.863170" tests="0" errors="0" failures="0" /><testsuite start="2025-04-15 13:19:20.297965" tests="0" errors="0" failures="0" /><testsuite start="2025-04-15 13:19:20.346879" tests="0" errors="0" failures="0" /><testsuite start="2025-04-15 13:19:20.022732" tests="0" errors="0" failures="0" /><testsuite start="2025-04-15 13:19:20.546993" tests="0" errors="0" failures="0" /><testsuite start="2025-04-15 13:19:20.736425" tests="0" errors="0" failures="0" /><testsuite start="2025-04-15 13:19:20.606474" tests="0" errors="0" failures="0" /><testsuite start="2025-04-15 13:19:20.778384" tests="0" errors="0" failures="0" /><testsuite start="2025-04-15 13:19:21.173454" tests="0" errors="0" failures="0" /><testsuite start="2025-04-15 13:19:21.496975" tests="0" errors="0" failures="0" /><testsuite start="2025-04-15 13:19:21.196448" tests="0" errors="0" failures="0" /><testsuite start="2025-04-15 13:19:21.761135" tests="0" errors="0" failures="0" /><testsuite start="2025-04-15 13:19:21.699907" tests="0" errors="0" failures="0" /><testsuite start="2025-04-15 13:19:22.102395" tests="0" errors="0" failures="0" /><testsuite start="2025-04-15 13:19:22.430482" tests="0" errors="0" failures="0" /><testsuite start="2025-04-15 13:19:22.030367" tests="0" errors="0" failures="0" /><testsuite start="2025-04-15 13:19:22.772696" tests="0" errors="0" failures="0" /><testsuite start="2025-04-15 13:19:22.889342" tests="0" errors="0" failures="0" /><testsuite start="2025-04-15 13:19:22.890436" tests="0" errors="0" failures="0" /><testsuite start="2025-04-15 13:19:21.351816" tests="0" errors="0" failures="0" /><testsuite start="2025-04-15 13:19:23.314434" tests="0" errors="0" failures="0" /><testsuite start="2025-04-15 13:19:22.440401" tests="0" errors="0" failures="0" /><testsuite start="2025-04-15 13:19:23.453201" tests="0" errors="0" failures="0" /><testsuite start="2025-04-15 13:19:23.838732" tests="0" errors="0" failures="0" /><testsuite start="2025-04-15 13:19:23.849233" tests="0" errors="0" failures="0" /><testsuite start="2025-04-15 13:19:23.786172" tests="0" errors="0" failures="0" /><testsuite start="2025-04-15 13:19:23.773177" tests="0" errors="0" failures="0" /><testsuite start="2025-04-15 13:19:24.326853" tests="0" errors="0" failures="0" /><testsuite start="2025-04-15 13:19:24.350274" tests="0" errors="0" failures="0" /><testsuite start="2025-04-15 13:19:24.915100" tests="0" errors="0" failures="0" /><testsuite start="2025-04-15 13:19:24.091951" tests="0" errors="0" failures="0" /><testsuite start="2025-04-15 13:19:25.209497" tests="0" errors="0" failures="0" /><testsuite start="2025-04-15 13:19:24.396980" tests="0" errors="0" failures="0" /><testsuite start="2025-04-15 13:19:25.475301" tests="0" errors="0" failures="0" /><testsuite start="2025-04-15 13:19:24.836756" tests="0" errors="0" failures="0" /><testsuite start="2025-04-15 13:19:26.114802" tests="0" errors="0" failures="0" /><testsuite start="2025-04-15 13:19:26.280656" tests="0" errors="0" failures="0" /><testsuite start="2025-04-15 13:19:25.964785" tests="0" errors="0" failures="0" /><testsuite start="2025-04-15 13:19:25.583309" tests="0" errors="0" failures="0" /><testsuite start="2025-04-15 13:19:26.781172" tests="0" errors="0" failures="0" /><testsuite start="2025-04-15 13:19:26.797566" tests="0" errors="0" failures="0" /><testsuite start="2025-04-15 13:19:26.788392" tests="0" errors="0" failures="0" /><testsuite start="2025-04-15 13:19:26.329346" tests="0" errors="0" failures="0" /><testsuite start="2025-04-15 13:19:27.245122" tests="0" errors="0" failures="0" /><testsuite start="2025-04-15 13:19:27.086982" tests="0" errors="0" failures="0" /><testsuite start="2025-04-15 13:19:27.689981" tests="0" errors="0" failures="0" /><testsuite start="2025-04-15 13:19:27.905597" tests="0" errors="0" failures="0" /><testsuite start="2025-04-15 13:19:27.856890" tests="0" errors="0" failures="0" /><testsuite start="2025-04-15 13:19:28.194612" tests="0" errors="0" failures="0" /><testsuite start="2025-04-15 13:19:28.251483" tests="0" errors="0" failures="0" /><testsuite start="2025-04-15 13:19:28.582977" tests="0" errors="0" failures="0" /><testsuite start="2025-04-15 13:19:28.627106" tests="0" errors="0" failures="0" /><testsuite start="2025-04-15 13:19:28.949823" tests="0" errors="0" failures="0" /><testsuite start="2025-04-15 13:19:28.982643" tests="0" errors="0" failures="0" /><testsuite start="2025-04-15 13:19:29.273538" tests="0" errors="0" failures="0" /><testsuite start="2025-04-15 13:19:29.392681" tests="0" errors="0" failures="0" /><testsuite start="2025-04-15 13:19:28.689170" tests="0" errors="0" failures="0" /><testsuite start="2025-04-15 13:19:27.621610" tests="0" errors="0" failures="0" /><testsuite start="2025-04-15 13:19:29.773246" tests="0" errors="0" failures="0" /><testsuite start="2025-04-15 13:19:29.937481" tests="0" errors="0" failures="0" /><testsuite start="2025-04-15 13:19:30.034165" tests="0" errors="0" failures="0" /><testsuite start="2025-04-15 13:19:30.263528" tests="0" errors="0" failures="0" /><testsuite start="2025-04-15 13:19:30.419946" tests="0" errors="0" failures="0" /><testsuite start="2025-04-15 13:19:30.445264" tests="0" errors="0" failures="0" /><testsuite start="2025-04-15 13:19:30.910480" tests="0" errors="0" failures="0" /><testsuite start="2025-04-15 13:19:30.662893" tests="0" errors="0" failures="0" /><testsuite start="2025-04-15 13:19:30.041631" tests="0" errors="0" failures="0" /><testsuite start="2025-04-15 13:19:31.401157" tests="0" errors="0" failures="0" /><testsuite start="2025-04-15 13:19:30.772324" tests="0" errors="0" failures="0" /><testsuite start="2025-04-15 13:19:31.079343" tests="0" errors="0" failures="0" /><testsuite start="2025-04-15 13:19:31.619298" tests="0" errors="0" failures="0" /><testsuite start="2025-04-15 13:19:32.024856" tests="0" errors="0" failures="0" /><testsuite start="2025-04-15 13:19:31.947513" tests="0" errors="0" failures="0" /><testsuite start="2025-04-15 13:19:32.391687" tests="0" errors="0" failures="0" /><testsuite start="2025-04-15 13:19:32.490770" tests="0" errors="0" failures="0" /><testsuite start="2025-04-15 13:19:31.987616" tests="0" errors="0" failures="0" /><testsuite start="2025-04-15 13:19:32.739712" tests="0" errors="0" failures="0" /><testsuite start="2025-04-15 13:19:32.584659" tests="0" errors="0" failures="0" /><testsuite start="2025-04-15 13:19:32.889553" tests="0" errors="0" failures="0" /><testsuite start="2025-04-15 13:19:33.244333" tests="0" errors="0" failures="0" /><testsuite start="2025-04-15 13:19:33.232920" tests="0" errors="0" failures="0" /><testsuite start="2025-04-15 13:19:33.413971" tests="0" errors="0" failures="0" /><testsuite start="2025-04-15 13:19:33.685570" tests="0" errors="0" failures="0" /><testsuite start="2025-04-15 13:19:33.333993" tests="0" errors="0" failures="0" /><testsuite start="2025-04-15 13:19:33.540797" tests="0" errors="0" failures="0" /><testsuite start="2025-04-15 13:19:33.926946" tests="0" errors="0" failures="0" /><testsuite start="2025-04-15 13:19:34.340785" tests="0" errors="0" failures="0" /><testsuite start="2025-04-15 13:19:34.457055" tests="0" errors="0" failures="0" /><testsuite start="2025-04-15 13:19:34.446124" tests="0" errors="0" failures="0" /><testsuite start="2025-04-15 13:19:34.476495" tests="0" errors="0" failures="0" /><testsuite start="2025-04-15 13:19:34.970675" tests="0" errors="0" failures="0" /><testsuite start="2025-04-15 13:19:35.387819" tests="0" errors="0" failures="0" /><testsuite start="2025-04-15 13:19:35.142557" tests="0" errors="0" failures="0" /><testsuite start="2025-04-15 13:19:35.440180" tests="0" errors="0" failures="0" /><testsuite start="2025-04-15 13:19:35.089959" tests="0" errors="0" failures="0" /><testsuite start="2025-04-15 13:19:35.460581" tests="0" errors="0" failures="0" /><testsuite start="2025-04-15 13:19:36.022503" tests="0" errors="0" failures="0" /><testsuite start="2025-04-15 13:19:36.418081" tests="0" errors="0" failures="0" /><testsuite start="2025-04-15 13:19:36.722313" tests="0" errors="0" failures="0" /><testsuite start="2025-04-15 13:19:36.362041" tests="0" errors="0" failures="0" /><testsuite start="2025-04-15 13:19:36.935065" tests="0" errors="0" failures="0" /><testsuite start="2025-04-15 13:19:37.342106" tests="0" errors="0" failures="0" /><testsuite start="2025-04-15 13:19:36.638169" tests="0" errors="0" failures="0" /><testsuite start="2025-04-15 13:19:36.653510" tests="0" errors="0" failures="0" /><testsuite start="2025-04-15 13:19:37.504935" tests="0" errors="0" failures="0" /><testsuite start="2025-04-15 13:19:37.514605" tests="0" errors="0" failures="0" /><testsuite start="2025-04-15 13:19:37.871741" tests="0" errors="0" failures="0" /><testsuite start="2025-04-15 13:19:38.181559" tests="0" errors="0" failures="0" /><testsuite start="2025-04-15 13:19:38.682650" tests="0" errors="0" failures="0" /><testsuite start="2025-04-15 13:19:38.338000" tests="0" errors="0" failures="0" /><testsuite start="2025-04-15 13:19:38.762274" tests="0" errors="0" failures="0" /><testsuite start="2025-04-15 13:19:38.787734" tests="0" errors="0" failures="0" /><testsuite start="2025-04-15 13:19:39.302651" tests="0" errors="0" failures="0" /><testsuite start="2025-04-15 13:19:38.821333" tests="0" errors="0" failures="0" /><testsuite start="2025-04-15 13:19:39.392439" tests="0" errors="0" failures="0" /><testsuite start="2025-04-15 13:19:39.818764" tests="0" errors="0" failures="0" /><testsuite start="2025-04-15 13:19:40.064297" tests="0" errors="0" failures="0" /><testsuite start="2025-04-15 13:19:40.117600" tests="0" errors="0" failures="0" /><testsuite start="2025-04-15 13:19:39.534888" tests="0" errors="0" failures="0" /><testsuite start="2025-04-15 13:19:40.647667" tests="0" errors="0" failures="0" /><testsuite start="2025-04-15 13:19:39.916912" tests="0" errors="0" failures="0" /><testsuite start="2025-04-15 13:19:41.003113" tests="0" errors="0" failures="0" /><testsuite start="2025-04-15 13:19:40.835681" tests="0" errors="0" failures="0" /><testsuite start="2025-04-15 13:19:40.346996" tests="0" errors="0" failures="0" /><testsuite start="2025-04-15 13:19:41.782957" tests="0" errors="0" failures="0" /><testsuite start="2025-04-15 13:19:41.468366" tests="0" errors="0" failures="0" /><testsuite start="2025-04-15 13:19:41.782295" tests="0" errors="0" failures="0" /><testsuite start="2025-04-15 13:19:41.953931" tests="0" errors="0" failures="0" /><testsuite start="2025-04-15 13:19:42.431526" tests="0" errors="0" failures="0" /><testsuite start="2025-04-15 13:19:42.849395" tests="0" errors="0" failures="0" /><testsuite start="2025-04-15 13:19:42.802788" tests="0" errors="0" failures="0" /><testsuite start="2025-04-15 13:19:43.327586" tests="0" errors="0" failures="0" /></testsuites>