<testsuites tests="16" errors="0" failures="0"><testsuite start="2025-04-14 22:37:32.099110" tests="0" errors="0" failures="0" /><testsuite start="2025-04-14 22:37:32.225515" tests="0" errors="0" failures="0" /><testsuite start="2025-04-14 22:37:32.384470" tests="0" errors="0" failures="0" /><testsuite start="2025-04-14 22:37:32.658722" tests="0" errors="0" failures="0" /><testsuite start="2025-04-14 22:37:32.606327" tests="0" errors="0" failures="0" /><testsuite start="2025-04-14 22:37:32.578053" tests="0" errors="0" failures="0" /><testsuite start="2025-04-14 22:37:32.892541" tests="0" errors="0" failures="0" /><testsuite start="2025-04-14 22:37:33.258943" tests="0" errors="0" failures="0" /><testsuite start="2025-04-14 22:37:33.135240" tests="0" errors="0" failures="0" /><testsuite start="2025-04-14 22:37:33.468210" tests="0" errors="0" failures="0" /><testsuite start="2025-04-14 22:37:33.380716" tests="0" errors="0" failures="0" /><testsuite start="2025-04-14 22:37:33.928866" tests="0" errors="0" failures="0" /><testsuite start="2025-04-14 22:37:33.744348" tests="0" errors="0" failures="0" /><testsuite start="2025-04-14 22:37:34.080231" tests="0" errors="0" failures="0" /><testsuite start="2025-04-14 22:37:34.309039" tests="0" errors="0" failures="0" /><testsuite start="2025-04-14 22:37:34.384247" tests="0" errors="0" failures="0" /><testsuite start="2025-04-14 22:37:34.407696" tests="0" errors="0" failures="0" /><testsuite start="2025-04-14 22:37:34.502686" tests="0" errors="0" failures="0" /><testsuite start="2025-04-14 22:37:35.013129" tests="0" errors="0" failures="0" /><testsuite start="2025-04-14 22:37:34.713843" tests="0" errors="0" failures="0" /><testsuite start="2025-04-14 22:37:35.123193" tests="0" errors="0" failures="0" /><testsuite start="2025-04-14 22:37:35.284455" tests="0" errors="0" failures="0" /><testsuite start="2025-04-14 22:37:35.349303" tests="0" errors="0" failures="0" /><testsuite start="2025-04-14 22:37:35.645562" tests="0" errors="0" failures="0" /><testsuite start="2025-04-14 22:37:35.805087" tests="0" errors="0" failures="0" /><testsuite start="2025-04-14 22:37:35.826761" tests="0" errors="0" failures="0" /><testsuite start="2025-04-14 22:37:36.241397" tests="0" errors="0" failures="0" /><testsuite start="2025-04-14 22:37:36.305857" tests="0" errors="0" failures="0" /><testsuite start="2025-04-14 22:37:36.315336" tests="0" errors="0" failures="0" /><testsuite start="2025-04-14 22:37:36.758141" tests="0" errors="0" failures="0" /><testsuite start="2025-04-14 22:37:36.714609" tests="0" errors="0" failures="0" /><testsuite start="2025-04-14 22:37:36.997510" tests="0" errors="0" failures="0" /><testsuite start="2025-04-14 22:37:37.140383" tests="0" errors="0" failures="0" /><testsuite start="2025-04-14 22:37:37.049890" tests="0" errors="0" failures="0" /><testsuite start="2025-04-14 22:37:37.337988" tests="0" errors="0" failures="0" /><testsuite start="2025-04-14 22:37:37.585171" tests="0" errors="0" failures="0" /><testsuite start="2025-04-14 22:37:37.760970" tests="0" errors="0" failures="0" /><testsuite start="2025-04-14 22:37:38.142832" tests="0" errors="0" failures="0" /><testsuite start="2025-04-14 22:37:38.125249" tests="0" errors="0" failures="0" /><testsuite start="2025-04-14 22:37:38.072493" tests="0" errors="0" failures="0" /><testsuite start="2025-04-14 22:37:38.441121" tests="0" errors="0" failures="0" /><testsuite start="2025-04-14 22:37:39.047185" tests="0" errors="0" failures="0" /><testsuite start="2025-04-14 22:37:38.716694" tests="0" errors="0" failures="0" /><testsuite start="2025-04-14 22:37:39.012290" tests="0" errors="0" failures="0" /><testsuite start="2025-04-14 22:37:38.996356" tests="0" errors="0" failures="0" /><testsuite start="2025-04-14 22:37:39.317187" tests="0" errors="0" failures="0" /><testsuite start="2025-04-14 22:37:39.746844" tests="0" errors="0" failures="0" /><testsuite start="2025-04-14 22:37:39.988350" tests="0" errors="0" failures="0" /><testsuite start="2025-04-14 22:37:39.915110" tests="0" errors="0" failures="0" /><testsuite start="2025-04-14 22:37:39.852178" tests="0" errors="0" failures="0" /><testsuite start="2025-04-14 22:37:39.978366" tests="0" errors="0" failures="0" /><testsuite start="2025-04-14 22:37:39.897112" tests="0" errors="0" failures="0" /><testsuite start="2025-04-14 22:37:40.690294" tests="0" errors="0" failures="0" /><testsuite start="2025-04-14 22:37:40.565804" tests="0" errors="0" failures="0" /><testsuite start="2025-04-14 22:37:40.846756" tests="0" errors="0" failures="0" /><testsuite start="2025-04-14 22:37:41.144295" tests="0" errors="0" failures="0" /><testsuite start="2025-04-14 22:37:40.977780" tests="0" errors="0" failures="0" /><testsuite start="2025-04-14 22:37:40.860395" tests="0" errors="0" failures="0" /><testsuite start="2025-04-14 22:37:41.202942" tests="0" errors="0" failures="0" /><testsuite start="2025-04-14 22:37:41.705585" tests="0" errors="0" failures="0" /><testsuite start="2025-04-14 22:37:41.791260" tests="0" errors="0" failures="0" /><testsuite start="2025-04-14 22:37:41.696451" tests="0" errors="0" failures="0" /><testsuite start="2025-04-14 22:37:41.640528" tests="0" errors="0" failures="0" /><testsuite start="2025-04-14 22:37:41.646638" tests="0" errors="0" failures="0" /><testsuite start="2025-04-14 22:37:42.459892" tests="0" errors="0" failures="0" /><testsuite start="2025-04-14 22:37:42.416790" tests="0" errors="0" failures="0" /><testsuite start="2025-04-14 22:37:42.518843" tests="0" errors="0" failures="0" /><testsuite start="2025-04-14 22:37:42.618812" tests="0" errors="0" failures="0" /><testsuite start="2025-04-14 22:37:42.193626" tests="0" errors="0" failures="0" /><testsuite start="2025-04-14 22:37:43.004763" tests="0" errors="0" failures="0" /><testsuite start="2025-04-14 22:37:43.153825" tests="0" errors="0" failures="0" /><testsuite start="2025-04-14 22:37:43.251506" tests="0" errors="0" failures="0" /><testsuite start="2025-04-14 22:37:43.077889" tests="0" errors="0" failures="0" /><testsuite start="2025-04-14 22:37:43.382007" tests="0" errors="0" failures="0" /><testsuite start="2025-04-14 22:37:43.347036" tests="0" errors="0" failures="0" /><testsuite start="2025-04-14 22:37:43.783839" tests="0" errors="0" failures="0" /><testsuite start="2025-04-14 22:37:43.993702" tests="0" errors="0" failures="0" /><testsuite start="2025-04-14 22:37:44.106938" tests="0" errors="0" failures="0" /><testsuite start="2025-04-14 22:37:44.480957" tests="0" errors="0" failures="0" /><testsuite start="2025-04-14 22:37:44.107796" tests="0" errors="0" failures="0" /><testsuite start="2025-04-14 22:37:44.072723" tests="0" errors="0" failures="0" /><testsuite start="2025-04-14 22:37:44.900508" tests="0" errors="0" failures="0" /><testsuite start="2025-04-14 22:37:44.690811" tests="0" errors="0" failures="0" /><testsuite start="2025-04-14 22:37:44.966629" tests="0" errors="0" failures="0" /><testsuite start="2025-04-14 22:37:45.327526" tests="0" errors="0" failures="0" /><testsuite start="2025-04-14 22:37:44.950644" tests="0" errors="0" failures="0" /><testsuite start="2025-04-14 22:37:44.589232" tests="0" errors="0" failures="0" /><testsuite start="2025-04-14 22:37:45.518667" tests="0" errors="0" failures="0" /><testsuite start="2025-04-14 22:37:45.367952" tests="0" errors="0" failures="0" /><testsuite start="2025-04-14 22:37:44.638659" tests="0" errors="0" failures="0" /><testsuite start="2025-04-14 22:37:46.032358" tests="0" errors="0" failures="0" /><testsuite start="2025-04-14 22:37:46.134220" tests="0" errors="0" failures="0" /><testsuite start="2025-04-14 22:37:46.096539" tests="0" errors="0" failures="0" /><testsuite start="2025-04-14 22:37:46.396182" tests="0" errors="0" failures="0" /><testsuite start="2025-04-14 22:37:46.592453" tests="0" errors="0" failures="0" /><testsuite start="2025-04-14 22:37:46.639724" tests="0" errors="0" failures="0" /><testsuite start="2025-04-14 22:37:46.496828" tests="0" errors="0" failures="0" /><testsuite start="2025-04-14 22:37:45.783165" tests="0" errors="0" failures="0" /><testsuite start="2025-04-14 22:37:46.860960" tests="0" errors="0" failures="0" /><testsuite start="2025-04-14 22:37:47.631106" tests="0" errors="0" failures="0" /><testsuite start="2025-04-14 22:37:47.436757" tests="0" errors="0" failures="0" /><testsuite start="2025-04-14 22:37:47.617344" tests="0" errors="0" failures="0" /><testsuite start="2025-04-14 22:37:47.793829" tests="0" errors="0" failures="0" /><testsuite start="2025-04-14 22:37:48.082912" tests="0" errors="0" failures="0" /><testsuite start="2025-04-14 22:37:47.980276" tests="0" errors="0" failures="0" /><testsuite start="2025-04-14 22:37:48.293114" tests="0" errors="0" failures="0" /><testsuite start="2025-04-14 22:37:48.451641" tests="0" errors="0" failures="0" /><testsuite start="2025-04-14 22:37:48.604385" tests="0" errors="0" failures="0" /><testsuite start="2025-04-14 22:37:48.777990" tests="0" errors="0" failures="0" /><testsuite start="2025-04-14 22:37:48.474418" tests="0" errors="0" failures="0" /><testsuite start="2025-04-14 22:37:48.839117" tests="0" errors="0" failures="0" /><testsuite start="2025-04-14 22:37:49.266269" tests="0" errors="0" failures="0" /><testsuite start="2025-04-14 22:37:49.469350" tests="0" errors="0" failures="0" /><testsuite start="2025-04-14 22:37:49.837312" tests="0" errors="0" failures="0" /><testsuite start="2025-04-14 22:37:49.855162" tests="0" errors="0" failures="0" /><testsuite start="2025-04-14 22:37:50.226238" tests="0" errors="0" failures="0" /><testsuite start="2025-04-14 22:37:49.595789" tests="0" errors="0" failures="0" /><testsuite start="2025-04-14 22:37:50.440157" tests="0" errors="0" failures="0" /><testsuite start="2025-04-14 22:37:49.942170" tests="0" errors="0" failures="0" /><testsuite start="2025-04-14 22:37:49.358572" tests="0" errors="0" failures="0" /><testsuite start="2025-04-14 22:37:50.590078" tests="0" errors="0" failures="0" /><testsuite start="2025-04-14 22:37:50.755346" tests="0" errors="0" failures="0" /><testsuite start="2025-04-14 22:37:50.630114" tests="0" errors="0" failures="0" /><testsuite start="2025-04-14 22:37:51.190436" tests="0" errors="0" failures="0" /><testsuite start="2025-04-14 22:37:50.929846" tests="0" errors="0" failures="0" /><testsuite start="2025-04-14 22:37:51.192840" tests="0" errors="0" failures="0" /><testsuite start="2025-04-14 22:37:51.444399" tests="0" errors="0" failures="0" /><testsuite start="2025-04-14 22:37:51.591596" tests="0" errors="0" failures="0" /><testsuite start="2025-04-14 22:37:51.665501" tests="0" errors="0" failures="0" /><testsuite start="2025-04-14 22:37:51.999575" tests="0" errors="0" failures="0" /><testsuite start="2025-04-14 22:37:51.563603" tests="0" errors="0" failures="0" /><testsuite start="2025-04-14 22:37:51.254605" tests="0" errors="0" failures="0" /><testsuite start="2025-04-14 22:37:51.740885" tests="0" errors="0" failures="0" /><testsuite start="2025-04-14 22:37:52.001149" tests="0" errors="0" failures="0" /><testsuite start="2025-04-14 22:37:52.161167" tests="0" errors="0" failures="0" /><testsuite start="2025-04-14 22:37:52.522730" tests="0" errors="0" failures="0" /><testsuite start="2025-04-14 22:37:52.854519" tests="0" errors="0" failures="0" /><testsuite start="2025-04-14 22:37:52.742950" tests="0" errors="0" failures="0" /><testsuite start="2025-04-14 22:37:53.072303" tests="0" errors="0" failures="0" /><testsuite start="2025-04-14 22:37:52.448819" tests="0" errors="0" failures="0" /><testsuite start="2025-04-14 22:37:53.294058" tests="0" errors="0" failures="0" /><testsuite start="2025-04-14 22:37:53.376045" tests="0" errors="0" failures="0" /><testsuite start="2025-04-14 22:37:53.678972" tests="0" errors="0" failures="0" /><testsuite start="2025-04-14 22:37:53.783857" tests="0" errors="0" failures="0" /><testsuite start="2025-04-14 22:37:53.007491" tests="0" errors="0" failures="0" /><testsuite start="2025-04-14 22:37:53.887831" tests="0" errors="0" failures="0" /><testsuite start="2025-04-14 22:37:54.325892" tests="0" errors="0" failures="0" /><testsuite start="2025-04-14 22:37:54.063888" tests="0" errors="0" failures="0" /><testsuite start="2025-04-14 22:37:53.033421" tests="0" errors="0" failures="0" /><testsuite start="2025-04-14 22:37:54.462081" tests="0" errors="0" failures="0" /><testsuite start="2025-04-14 22:37:54.713916" tests="0" errors="0" failures="0" /><testsuite start="2025-04-14 22:37:54.897089" tests="0" errors="0" failures="0" /><testsuite start="2025-04-14 22:37:54.488345" tests="0" errors="0" failures="0" /><testsuite start="2025-04-14 22:37:54.881699" tests="0" errors="0" failures="0" /><testsuite start="2025-04-14 22:37:55.246498" tests="0" errors="0" failures="0" /><testsuite start="2025-04-14 22:37:55.252378" tests="0" errors="0" failures="0" /><testsuite start="2025-04-14 22:37:54.464501" tests="0" errors="0" failures="0" /><testsuite start="2025-04-14 22:37:55.547842" tests="0" errors="0" failures="0" /><testsuite start="2025-04-14 22:37:55.702532" tests="0" errors="0" failures="0" /><testsuite start="2025-04-14 22:37:55.682514" tests="0" errors="0" failures="0" /><testsuite start="2025-04-14 22:37:55.667788" tests="0" errors="0" failures="0" /><testsuite start="2025-04-14 22:37:56.068770" tests="0" errors="0" failures="0" /><testsuite start="2025-04-14 22:37:56.425582" tests="0" errors="0" failures="0" /><testsuite start="2025-04-14 22:37:56.496585" tests="0" errors="0" failures="0" /><testsuite start="2025-04-14 22:37:56.169181" tests="0" errors="0" failures="0" /><testsuite start="2025-04-14 22:37:55.079192" tests="0" errors="0" failures="0" /><testsuite start="2025-04-14 22:37:56.937090" tests="0" errors="0" failures="0" /><testsuite start="2025-04-14 22:37:56.976836" tests="0" errors="0" failures="0" /><testsuite start="2025-04-14 22:37:57.002755" tests="0" errors="0" failures="0" /><testsuite start="2025-04-14 22:37:56.963544" tests="0" errors="0" failures="0" /><testsuite start="2025-04-14 22:37:57.419022" tests="0" errors="0" failures="0" /><testsuite start="2025-04-14 22:37:56.513161" tests="0" errors="0" failures="0" /><testsuite start="2025-04-14 22:37:57.579910" tests="0" errors="0" failures="0" /><testsuite start="2025-04-14 22:37:57.594758" tests="0" errors="0" failures="0" /><testsuite start="2025-04-14 22:37:57.104068" tests="0" errors="0" failures="0" /><testsuite start="2025-04-14 22:37:58.215927" tests="0" errors="0" failures="0" /><testsuite start="2025-04-14 22:37:58.231531" tests="0" errors="0" failures="0" /><testsuite start="2025-04-14 22:37:57.383281" tests="0" errors="0" failures="0" /><testsuite start="2025-04-14 22:37:58.355380" tests="0" errors="0" failures="0" /><testsuite start="2025-04-14 22:37:58.241425" tests="0" errors="0" failures="0" /><testsuite start="2025-04-14 22:37:58.608771" tests="0" errors="0" failures="0" /><testsuite start="2025-04-14 22:37:58.643520" tests="0" errors="0" failures="0" /><testsuite start="2025-04-14 22:37:58.364830" tests="0" errors="0" failures="0" /><testsuite start="2025-04-14 22:37:59.193938" tests="0" errors="0" failures="0" /><testsuite start="2025-04-14 22:37:59.228278" tests="0" errors="0" failures="0" /><testsuite start="2025-04-14 22:37:59.198979" tests="0" errors="0" failures="0" /><testsuite start="2025-04-14 22:37:59.260417" tests="0" errors="0" failures="0" /><testsuite start="2025-04-14 22:37:58.996025" tests="0" errors="0" failures="0" /><testsuite start="2025-04-14 22:37:59.648500" tests="0" errors="0" failures="0" /><testsuite start="2025-04-14 22:37:59.912650" tests="0" errors="0" failures="0" /><testsuite start="2025-04-14 22:38:00.051951" tests="0" errors="0" failures="0" /><testsuite start="2025-04-14 22:37:59.850333" tests="0" errors="0" failures="0" /><testsuite start="2025-04-14 22:38:00.139876" tests="0" errors="0" failures="0" /><testsuite start="2025-04-14 22:38:00.524317" tests="0" errors="0" failures="0" /><testsuite start="2025-04-14 22:38:00.613702" tests="0" errors="0" failures="0" /><testsuite start="2025-04-14 22:38:00.382341" tests="0" errors="0" failures="0" /><testsuite start="2025-04-14 22:38:00.922796" tests="0" errors="0" failures="0" /><testsuite start="2025-04-14 22:38:00.033003" tests="1" errors="0" failures="0"><testcase classname="" name="test.test_lib2to3.test_fixers.Test_buffer.test_buffer" status="run" result="completed" time="0.043068" /></testsuite><testsuite start="2025-04-14 22:38:00.843877" tests="0" errors="0" failures="0" /><testsuite start="2025-04-14 22:38:01.184765" tests="0" errors="0" failures="0" /><testsuite start="2025-04-14 22:38:01.502846" tests="0" errors="0" failures="0" /><testsuite start="2025-04-14 22:38:01.600565" tests="0" errors="0" failures="0" /><testsuite start="2025-04-14 22:38:01.966971" tests="0" errors="0" failures="0" /><testsuite start="2025-04-14 22:38:00.597085" tests="0" errors="0" failures="0" /><testsuite start="2025-04-14 22:38:01.749991" tests="0" errors="0" failures="0" /><testsuite start="2025-04-14 22:38:01.349422" tests="0" errors="0" failures="0" /><testsuite start="2025-04-14 22:38:02.521847" tests="0" errors="0" failures="0" /><testsuite start="2025-04-14 22:38:02.189072" tests="0" errors="0" failures="0" /><testsuite start="2025-04-14 22:38:02.531809" tests="0" errors="0" failures="0" /><testsuite start="2025-04-14 22:38:02.900093" tests="0" errors="0" failures="0" /><testsuite start="2025-04-14 22:38:02.549403" tests="0" errors="0" failures="0" /><testsuite start="2025-04-14 22:38:03.300505" tests="0" errors="0" failures="0" /><testsuite start="2025-04-14 22:38:03.354131" tests="0" errors="0" failures="0" /><testsuite start="2025-04-14 22:38:02.594527" tests="0" errors="0" failures="0" /><testsuite start="2025-04-14 22:38:03.558843" tests="0" errors="0" failures="0" /><testsuite start="2025-04-14 22:38:03.984225" tests="0" errors="0" failures="0" /><testsuite start="2025-04-14 22:38:03.864831" tests="0" errors="0" failures="0" /><testsuite start="2025-04-14 22:38:02.145372" tests="0" errors="0" failures="0" /><testsuite start="2025-04-14 22:38:04.410129" tests="0" errors="0" failures="0" /><testsuite start="2025-04-14 22:38:04.396308" tests="0" errors="0" failures="0" /><testsuite start="2025-04-14 22:38:03.745621" tests="0" errors="0" failures="0" /><testsuite start="2025-04-14 22:38:04.220149" tests="0" errors="0" failures="0" /><testsuite start="2025-04-14 22:38:04.931724" tests="0" errors="0" failures="0" /><testsuite start="2025-04-14 22:38:04.492110" tests="0" errors="0" failures="0" /><testsuite start="2025-04-14 22:38:05.365107" tests="1" errors="0" failures="0"><testcase classname="" name="test.test_xxlimited.TestXXLimited.test_buffer" status="run" result="completed" time="0.000124" /></testsuite><testsuite start="2025-04-14 22:38:05.646078" tests="0" errors="0" failures="0" /><testsuite start="2025-04-14 22:38:04.686779" tests="0" errors="0" failures="0" /><testsuite start="2025-04-14 22:38:06.074638" tests="0" errors="0" failures="0" /><testsuite start="2025-04-14 22:38:05.514442" tests="0" errors="0" failures="0" /><testsuite start="2025-04-14 22:38:05.128663" tests="0" errors="0" failures="0" /><testsuite start="2025-04-14 22:38:05.956827" tests="0" errors="0" failures="0" /><testsuite start="2025-04-14 22:38:06.682675" tests="0" errors="0" failures="0" /><testsuite start="2025-04-14 22:38:06.185363" tests="0" errors="0" failures="0" /><testsuite start="2025-04-14 22:38:07.073145" tests="0" errors="0" failures="0" /><testsuite start="2025-04-14 22:38:06.735619" tests="0" errors="0" failures="0" /><testsuite start="2025-04-14 22:38:06.680089" tests="0" errors="0" failures="0" /><testsuite start="2025-04-14 22:38:06.757747" tests="0" errors="0" failures="0" /><testsuite start="2025-04-14 22:38:07.186648" tests="0" errors="0" failures="0" /><testsuite start="2025-04-14 22:38:07.631859" tests="0" errors="0" failures="0" /><testsuite start="2025-04-14 22:38:07.679548" tests="0" errors="0" failures="0" /><testsuite start="2025-04-14 22:38:08.020850" tests="0" errors="0" failures="0" /><testsuite start="2025-04-14 22:38:06.653149" tests="0" errors="0" failures="0" /><testsuite start="2025-04-14 22:38:08.137001" tests="0" errors="0" failures="0" /><testsuite start="2025-04-14 22:38:08.211878" tests="0" errors="0" failures="0" /><testsuite start="2025-04-14 22:38:08.083409" tests="0" errors="0" failures="0" /><testsuite start="2025-04-14 22:38:08.673587" tests="0" errors="0" failures="0" /><testsuite start="2025-04-14 22:38:08.684477" tests="0" errors="0" failures="0" /><testsuite start="2025-04-14 22:38:08.875083" tests="0" errors="0" failures="0" /><testsuite start="2025-04-14 22:38:08.687564" tests="0" errors="0" failures="0" /><testsuite start="2025-04-14 22:38:08.760823" tests="0" errors="0" failures="0" /><testsuite start="2025-04-14 22:38:09.076477" tests="0" errors="0" failures="0" /><testsuite start="2025-04-14 22:38:09.454447" tests="0" errors="0" failures="0" /><testsuite start="2025-04-14 22:38:09.477447" tests="0" errors="0" failures="0" /><testsuite start="2025-04-14 22:38:09.037117" tests="0" errors="0" failures="0" /><testsuite start="2025-04-14 22:38:09.711206" tests="0" errors="0" failures="0" /><testsuite start="2025-04-14 22:38:10.064175" tests="0" errors="0" failures="0" /><testsuite start="2025-04-14 22:38:10.319898" tests="0" errors="0" failures="0" /><testsuite start="2025-04-14 22:38:09.931714" tests="0" errors="0" failures="0" /><testsuite start="2025-04-14 22:38:09.146287" tests="0" errors="0" failures="0" /><testsuite start="2025-04-14 22:38:09.993284" tests="0" errors="0" failures="0" /><testsuite start="2025-04-14 22:38:10.901389" tests="0" errors="0" failures="0" /><testsuite start="2025-04-14 22:38:10.420382" tests="0" errors="0" failures="0" /><testsuite start="2025-04-14 22:38:10.804142" tests="0" errors="0" failures="0" /><testsuite start="2025-04-14 22:38:11.357672" tests="0" errors="0" failures="0" /><testsuite start="2025-04-14 22:38:11.367293" tests="0" errors="0" failures="0" /><testsuite start="2025-04-14 22:38:10.911518" tests="0" errors="0" failures="0" /><testsuite start="2025-04-14 22:38:10.817965" tests="0" errors="0" failures="0" /><testsuite start="2025-04-14 22:38:11.515592" tests="0" errors="0" failures="0" /><testsuite start="2025-04-14 22:38:11.182940" tests="0" errors="0" failures="0" /><testsuite start="2025-04-14 22:38:11.748445" tests="0" errors="0" failures="0" /><testsuite start="2025-04-14 22:38:11.943419" tests="0" errors="0" failures="0" /><testsuite start="2025-04-14 22:38:11.937719" tests="0" errors="0" failures="0" /><testsuite start="2025-04-14 22:38:12.303495" tests="0" errors="0" failures="0" /><testsuite start="2025-04-14 22:38:12.401675" tests="0" errors="0" failures="0" /><testsuite start="2025-04-14 22:38:11.930786" tests="0" errors="0" failures="0" /><testsuite start="2025-04-14 22:38:12.619974" tests="0" errors="0" failures="0" /><testsuite start="2025-04-14 22:38:12.276474" tests="0" errors="0" failures="0" /><testsuite start="2025-04-14 22:38:12.971499" tests="0" errors="0" failures="0" /><testsuite start="2025-04-14 22:38:13.010343" tests="0" errors="0" failures="0" /><testsuite start="2025-04-14 22:38:13.079608" tests="0" errors="0" failures="0" /><testsuite start="2025-04-14 22:38:13.054818" tests="0" errors="0" failures="0" /><testsuite start="2025-04-14 22:38:13.417699" tests="0" errors="0" failures="0" /><testsuite start="2025-04-14 22:38:13.605928" tests="0" errors="0" failures="0" /><testsuite start="2025-04-14 22:38:13.647519" tests="0" errors="0" failures="0" /><testsuite start="2025-04-14 22:38:13.938140" tests="0" errors="0" failures="0" /><testsuite start="2025-04-14 22:38:14.141278" tests="0" errors="0" failures="0" /><testsuite start="2025-04-14 22:38:14.199937" tests="0" errors="0" failures="0" /><testsuite start="2025-04-14 22:38:14.579560" tests="0" errors="0" failures="0" /><testsuite start="2025-04-14 22:38:14.523207" tests="0" errors="0" failures="0" /><testsuite start="2025-04-14 22:38:13.181227" tests="0" errors="0" failures="0" /><testsuite start="2025-04-14 22:38:14.429046" tests="0" errors="0" failures="0" /><testsuite start="2025-04-14 22:38:14.544058" tests="0" errors="0" failures="0" /><testsuite start="2025-04-14 22:38:14.995125" tests="0" errors="0" failures="0" /><testsuite start="2025-04-14 22:38:15.275218" tests="0" errors="0" failures="0" /><testsuite start="2025-04-14 22:38:15.289328" tests="0" errors="0" failures="0" /><testsuite start="2025-04-14 22:38:14.069956" tests="1" errors="0" failures="0"><testcase classname="" name="test.test_ctypes.test_buffers.StringBufferTestCase.test_buffer" status="run" result="completed" time="0.000422" /></testsuite><testsuite start="2025-04-14 22:38:15.772774" tests="0" errors="0" failures="0" /><testsuite start="2025-04-14 22:38:15.828809" tests="0" errors="0" failures="0" /><testsuite start="2025-04-14 22:38:15.189220" tests="0" errors="0" failures="0" /><testsuite start="2025-04-14 22:38:16.129933" tests="0" errors="0" failures="0" /><testsuite start="2025-04-14 22:38:16.478469" tests="0" errors="0" failures="0" /><testsuite start="2025-04-14 22:38:15.642922" tests="0" errors="0" failures="0" /><testsuite start="2025-04-14 22:38:16.531746" tests="0" errors="0" failures="0" /><testsuite start="2025-04-14 22:38:16.631718" tests="0" errors="0" failures="0" /><testsuite start="2025-04-14 22:38:16.493980" tests="0" errors="0" failures="0" /><testsuite start="2025-04-14 22:38:16.898738" tests="0" errors="0" failures="0" /><testsuite start="2025-04-14 22:38:17.274475" tests="0" errors="0" failures="0" /><testsuite start="2025-04-14 22:38:16.748424" tests="0" errors="0" failures="0" /><testsuite start="2025-04-14 22:38:17.210928" tests="0" errors="0" failures="0" /><testsuite start="2025-04-14 22:38:17.153537" tests="0" errors="0" failures="0" /><testsuite start="2025-04-14 22:38:17.086984" tests="0" errors="0" failures="0" /><testsuite start="2025-04-14 22:38:17.995063" tests="0" errors="0" failures="0" /><testsuite start="2025-04-14 22:38:17.452689" tests="13" errors="0" failures="0"><testcase classname="" name="test.test_array.ByteTest.test_buffer" status="run" result="completed" time="0.000316" /><testcase classname="" name="test.test_array.DoubleTest.test_buffer" status="run" result="completed" time="0.000225" /><testcase classname="" name="test.test_array.FloatTest.test_buffer" status="run" result="completed" time="0.000199" /><testcase classname="" name="test.test_array.IntTest.test_buffer" status="run" result="completed" time="0.000192" /><testcase classname="" name="test.test_array.LongLongTest.test_buffer" status="run" result="completed" time="0.000197" /><testcase classname="" name="test.test_array.LongTest.test_buffer" status="run" result="completed" time="0.000192" /><testcase classname="" name="test.test_array.ShortTest.test_buffer" status="run" result="completed" time="0.000191" /><testcase classname="" name="test.test_array.UnicodeTest.test_buffer" status="run" result="completed" time="0.000201" /><testcase classname="" name="test.test_array.UnsignedByteTest.test_buffer" status="run" result="completed" time="0.000194" /><testcase classname="" name="test.test_array.UnsignedIntTest.test_buffer" status="run" result="completed" time="0.000190" /><testcase classname="" name="test.test_array.UnsignedLongLongTest.test_buffer" status="run" result="completed" time="0.000189" /><testcase classname="" name="test.test_array.UnsignedLongTest.test_buffer" status="run" result="completed" time="0.000193" /><testcase classname="" name="test.test_array.UnsignedShortTest.test_buffer" status="run" result="completed" time="0.000187" /></testsuite><testsuite start="2025-04-14 22:38:18.006653" tests="0" errors="0" failures="0" /><testsuite start="2025-04-14 22:38:17.773138" tests="0" errors="0" failures="0" /><testsuite start="2025-04-14 22:38:18.132531" tests="0" errors="0" failures="0" /><testsuite start="2025-04-14 22:38:18.475961" tests="0" errors="0" failures="0" /><testsuite start="2025-04-14 22:38:18.669249" tests="0" errors="0" failures="0" /><testsuite start="2025-04-14 22:38:18.760189" tests="0" errors="0" failures="0" /><testsuite start="2025-04-14 22:38:18.743282" tests="0" errors="0" failures="0" /><testsuite start="2025-04-14 22:38:18.137429" tests="0" errors="0" failures="0" /><testsuite start="2025-04-14 22:38:19.233656" tests="0" errors="0" failures="0" /><testsuite start="2025-04-14 22:38:19.467375" tests="0" errors="0" failures="0" /><testsuite start="2025-04-14 22:38:19.553272" tests="0" errors="0" failures="0" /><testsuite start="2025-04-14 22:38:19.684411" tests="0" errors="0" failures="0" /><testsuite start="2025-04-14 22:38:19.868005" tests="0" errors="0" failures="0" /><testsuite start="2025-04-14 22:38:19.366359" tests="0" errors="0" failures="0" /><testsuite start="2025-04-14 22:38:20.184422" tests="0" errors="0" failures="0" /><testsuite start="2025-04-14 22:38:20.218898" tests="0" errors="0" failures="0" /><testsuite start="2025-04-14 22:38:19.301421" tests="0" errors="0" failures="0" /><testsuite start="2025-04-14 22:38:20.251825" tests="0" errors="0" failures="0" /><testsuite start="2025-04-14 22:38:20.888924" tests="0" errors="0" failures="0" /><testsuite start="2025-04-14 22:38:20.819880" tests="0" errors="0" failures="0" /><testsuite start="2025-04-14 22:38:20.896053" tests="0" errors="0" failures="0" /><testsuite start="2025-04-14 22:38:21.250692" tests="0" errors="0" failures="0" /><testsuite start="2025-04-14 22:38:21.387514" tests="0" errors="0" failures="0" /><testsuite start="2025-04-14 22:38:21.136004" tests="0" errors="0" failures="0" /><testsuite start="2025-04-14 22:38:21.947996" tests="0" errors="0" failures="0" /><testsuite start="2025-04-14 22:38:21.785573" tests="0" errors="0" failures="0" /><testsuite start="2025-04-14 22:38:22.119192" tests="0" errors="0" failures="0" /><testsuite start="2025-04-14 22:38:22.100859" tests="0" errors="0" failures="0" /><testsuite start="2025-04-14 22:38:21.986419" tests="0" errors="0" failures="0" /><testsuite start="2025-04-14 22:38:22.529057" tests="0" errors="0" failures="0" /><testsuite start="2025-04-14 22:38:22.808364" tests="0" errors="0" failures="0" /><testsuite start="2025-04-14 22:38:22.978205" tests="0" errors="0" failures="0" /><testsuite start="2025-04-14 22:38:22.790849" tests="0" errors="0" failures="0" /><testsuite start="2025-04-14 22:38:23.061443" tests="0" errors="0" failures="0" /><testsuite start="2025-04-14 22:38:23.162451" tests="0" errors="0" failures="0" /><testsuite start="2025-04-14 22:38:21.540611" tests="0" errors="0" failures="0" /><testsuite start="2025-04-14 22:38:23.630985" tests="0" errors="0" failures="0" /><testsuite start="2025-04-14 22:38:23.865652" tests="0" errors="0" failures="0" /><testsuite start="2025-04-14 22:38:23.830931" tests="0" errors="0" failures="0" /><testsuite start="2025-04-14 22:38:24.035882" tests="0" errors="0" failures="0" /><testsuite start="2025-04-14 22:38:24.359389" tests="0" errors="0" failures="0" /><testsuite start="2025-04-14 22:38:23.976756" tests="0" errors="0" failures="0" /><testsuite start="2025-04-14 22:38:23.326241" tests="0" errors="0" failures="0" /><testsuite start="2025-04-14 22:38:24.077121" tests="0" errors="0" failures="0" /><testsuite start="2025-04-14 22:38:24.388769" tests="0" errors="0" failures="0" /><testsuite start="2025-04-14 22:38:24.733386" tests="0" errors="0" failures="0" /><testsuite start="2025-04-14 22:38:25.000088" tests="0" errors="0" failures="0" /><testsuite start="2025-04-14 22:38:24.379087" tests="0" errors="0" failures="0" /><testsuite start="2025-04-14 22:38:25.342874" tests="0" errors="0" failures="0" /><testsuite start="2025-04-14 22:38:24.841746" tests="0" errors="0" failures="0" /><testsuite start="2025-04-14 22:38:25.674322" tests="0" errors="0" failures="0" /><testsuite start="2025-04-14 22:38:25.917934" tests="0" errors="0" failures="0" /><testsuite start="2025-04-14 22:38:26.104572" tests="0" errors="0" failures="0" /><testsuite start="2025-04-14 22:38:25.858319" tests="0" errors="0" failures="0" /><testsuite start="2025-04-14 22:38:26.353526" tests="0" errors="0" failures="0" /><testsuite start="2025-04-14 22:38:26.523752" tests="0" errors="0" failures="0" /><testsuite start="2025-04-14 22:38:26.696209" tests="0" errors="0" failures="0" /><testsuite start="2025-04-14 22:38:26.713725" tests="0" errors="0" failures="0" /><testsuite start="2025-04-14 22:38:26.032058" tests="0" errors="0" failures="0" /><testsuite start="2025-04-14 22:38:26.671000" tests="0" errors="0" failures="0" /><testsuite start="2025-04-14 22:38:27.253571" tests="0" errors="0" failures="0" /><testsuite start="2025-04-14 22:38:27.162846" tests="0" errors="0" failures="0" /><testsuite start="2025-04-14 22:38:27.413265" tests="0" errors="0" failures="0" /><testsuite start="2025-04-14 22:38:27.354693" tests="0" errors="0" failures="0" /><testsuite start="2025-04-14 22:38:27.677923" tests="0" errors="0" failures="0" /><testsuite start="2025-04-14 22:38:28.202839" tests="0" errors="0" failures="0" /><testsuite start="2025-04-14 22:38:26.321406" tests="0" errors="0" failures="0" /><testsuite start="2025-04-14 22:38:28.600939" tests="0" errors="0" failures="0" /><testsuite start="2025-04-14 22:38:28.247907" tests="0" errors="0" failures="0" /><testsuite start="2025-04-14 22:38:28.280692" tests="0" errors="0" failures="0" /><testsuite start="2025-04-14 22:38:28.309822" tests="0" errors="0" failures="0" /><testsuite start="2025-04-14 22:38:28.636045" tests="0" errors="0" failures="0" /><testsuite start="2025-04-14 22:38:29.263023" tests="0" errors="0" failures="0" /><testsuite start="2025-04-14 22:38:29.306054" tests="0" errors="0" failures="0" /><testsuite start="2025-04-14 22:38:29.423093" tests="0" errors="0" failures="0" /><testsuite start="2025-04-14 22:38:29.227772" tests="0" errors="0" failures="0" /><testsuite start="2025-04-14 22:38:29.656702" tests="0" errors="0" failures="0" /><testsuite start="2025-04-14 22:38:29.933106" tests="0" errors="0" failures="0" /><testsuite start="2025-04-14 22:38:29.429812" tests="0" errors="0" failures="0" /><testsuite start="2025-04-14 22:38:30.496621" tests="0" errors="0" failures="0" /><testsuite start="2025-04-14 22:38:30.507616" tests="0" errors="0" failures="0" /><testsuite start="2025-04-14 22:38:30.033875" tests="0" errors="0" failures="0" /><testsuite start="2025-04-14 22:38:30.917628" tests="0" errors="0" failures="0" /><testsuite start="2025-04-14 22:38:31.005936" tests="0" errors="0" failures="0" /><testsuite start="2025-04-14 22:38:30.591761" tests="0" errors="0" failures="0" /><testsuite start="2025-04-14 22:38:29.440419" tests="0" errors="0" failures="0" /><testsuite start="2025-04-14 22:38:31.485700" tests="0" errors="0" failures="0" /><testsuite start="2025-04-14 22:38:31.634055" tests="0" errors="0" failures="0" /><testsuite start="2025-04-14 22:38:31.854243" tests="0" errors="0" failures="0" /><testsuite start="2025-04-14 22:38:31.972054" tests="0" errors="0" failures="0" /><testsuite start="2025-04-14 22:38:31.991302" tests="0" errors="0" failures="0" /><testsuite start="2025-04-14 22:38:31.760808" tests="0" errors="0" failures="0" /><testsuite start="2025-04-14 22:38:32.151927" tests="0" errors="0" failures="0" /><testsuite start="2025-04-14 22:38:32.459157" tests="0" errors="0" failures="0" /><testsuite start="2025-04-14 22:38:32.601905" tests="0" errors="0" failures="0" /><testsuite start="2025-04-14 22:38:32.511944" tests="0" errors="0" failures="0" /><testsuite start="2025-04-14 22:38:32.786595" tests="0" errors="0" failures="0" /><testsuite start="2025-04-14 22:38:32.845350" tests="0" errors="0" failures="0" /><testsuite start="2025-04-14 22:38:33.258195" tests="0" errors="0" failures="0" /><testsuite start="2025-04-14 22:38:31.622785" tests="0" errors="0" failures="0" /><testsuite start="2025-04-14 22:38:33.354501" tests="0" errors="0" failures="0" /><testsuite start="2025-04-14 22:38:33.697767" tests="0" errors="0" failures="0" /><testsuite start="2025-04-14 22:38:33.346707" tests="0" errors="0" failures="0" /><testsuite start="2025-04-14 22:38:32.827319" tests="0" errors="0" failures="0" /><testsuite start="2025-04-14 22:38:33.812625" tests="0" errors="0" failures="0" /><testsuite start="2025-04-14 22:38:34.216106" tests="0" errors="0" failures="0" /><testsuite start="2025-04-14 22:38:34.340703" tests="0" errors="0" failures="0" /><testsuite start="2025-04-14 22:38:34.280603" tests="0" errors="0" failures="0" /><testsuite start="2025-04-14 22:38:33.891766" tests="0" errors="0" failures="0" /><testsuite start="2025-04-14 22:38:33.985552" tests="0" errors="0" failures="0" /><testsuite start="2025-04-14 22:38:34.780517" tests="0" errors="0" failures="0" /><testsuite start="2025-04-14 22:38:34.992899" tests="0" errors="0" failures="0" /><testsuite start="2025-04-14 22:38:35.142781" tests="0" errors="0" failures="0" /><testsuite start="2025-04-14 22:38:34.593975" tests="0" errors="0" failures="0" /><testsuite start="2025-04-14 22:38:35.600412" tests="0" errors="0" failures="0" /><testsuite start="2025-04-14 22:38:35.951283" tests="0" errors="0" failures="0" /><testsuite start="2025-04-14 22:38:35.730761" tests="0" errors="0" failures="0" /><testsuite start="2025-04-14 22:38:36.154012" tests="0" errors="0" failures="0" /><testsuite start="2025-04-14 22:38:35.458506" tests="0" errors="0" failures="0" /><testsuite start="2025-04-14 22:38:36.331633" tests="0" errors="0" failures="0" /><testsuite start="2025-04-14 22:38:35.613567" tests="0" errors="0" failures="0" /><testsuite start="2025-04-14 22:38:36.785750" tests="0" errors="0" failures="0" /><testsuite start="2025-04-14 22:38:36.752496" tests="0" errors="0" failures="0" /><testsuite start="2025-04-14 22:38:36.996499" tests="0" errors="0" failures="0" /><testsuite start="2025-04-14 22:38:37.188887" tests="0" errors="0" failures="0" /><testsuite start="2025-04-14 22:38:37.031665" tests="0" errors="0" failures="0" /><testsuite start="2025-04-14 22:38:37.323236" tests="0" errors="0" failures="0" /><testsuite start="2025-04-14 22:38:37.119084" tests="0" errors="0" failures="0" /><testsuite start="2025-04-14 22:38:37.717102" tests="0" errors="0" failures="0" /><testsuite start="2025-04-14 22:38:37.786506" tests="0" errors="0" failures="0" /><testsuite start="2025-04-14 22:38:38.179514" tests="0" errors="0" failures="0" /><testsuite start="2025-04-14 22:38:38.111021" tests="0" errors="0" failures="0" /><testsuite start="2025-04-14 22:38:38.551836" tests="0" errors="0" failures="0" /><testsuite start="2025-04-14 22:38:38.551820" tests="0" errors="0" failures="0" /><testsuite start="2025-04-14 22:38:37.788917" tests="0" errors="0" failures="0" /><testsuite start="2025-04-14 22:38:38.652978" tests="0" errors="0" failures="0" /><testsuite start="2025-04-14 22:38:39.107182" tests="0" errors="0" failures="0" /><testsuite start="2025-04-14 22:38:39.155461" tests="0" errors="0" failures="0" /><testsuite start="2025-04-14 22:38:39.522042" tests="0" errors="0" failures="0" /><testsuite start="2025-04-14 22:38:39.523015" tests="0" errors="0" failures="0" /><testsuite start="2025-04-14 22:38:40.033640" tests="0" errors="0" failures="0" /><testsuite start="2025-04-14 22:38:39.016047" tests="0" errors="0" failures="0" /><testsuite start="2025-04-14 22:38:39.657272" tests="0" errors="0" failures="0" /><testsuite start="2025-04-14 22:38:40.642202" tests="0" errors="0" failures="0" /><testsuite start="2025-04-14 22:38:40.055235" tests="0" errors="0" failures="0" /><testsuite start="2025-04-14 22:38:40.576638" tests="0" errors="0" failures="0" /><testsuite start="2025-04-14 22:38:40.603035" tests="0" errors="0" failures="0" /><testsuite start="2025-04-14 22:38:41.041157" tests="0" errors="0" failures="0" /><testsuite start="2025-04-14 22:38:40.078382" tests="0" errors="0" failures="0" /><testsuite start="2025-04-14 22:38:41.287059" tests="0" errors="0" failures="0" /><testsuite start="2025-04-14 22:38:41.305751" tests="0" errors="0" failures="0" /><testsuite start="2025-04-14 22:38:40.215644" tests="0" errors="0" failures="0" /><testsuite start="2025-04-14 22:38:41.224308" tests="0" errors="0" failures="0" /><testsuite start="2025-04-14 22:38:41.610109" tests="0" errors="0" failures="0" /></testsuites>